Log file open, 01/22/22 18:37:19
LogWindows: Failed to load 'aqProf.dll' (GetLastError=126)
LogWindows: File 'aqProf.dll' does not exist
LogWindows: Failed to load 'VtuneApi.dll' (GetLastError=126)
LogWindows: File 'VtuneApi.dll' does not exist
LogWindows: Failed to load 'VtuneApi32e.dll' (GetLastError=126)
LogWindows: File 'VtuneApi32e.dll' does not exist
LogConsoleResponse: Display: Failed to find resolution value strings in scalability ini. Falling back to default.
LogConsoleResponse: Display: Failed to find resolution value strings in scalability ini. Falling back to default.
LogInit: Display: Running engine for game: fpsPRoject
LogPlatformFile: Not using cached read wrapper
LogTaskGraph: Started task graph with 5 named threads and 47 total threads with 3 sets of task threads.
LogStats: Stats thread started at 0.215523
LogICUInternationalization: ICU TimeZone Detection - Raw Offset: +1:00, Platform Override: ''
LogInit: Display: Loading text-based GConfig....
LogPluginManager: Mounting plugin MeshPainting
LogPluginManager: Mounting plugin XGEController
LogPluginManager: Mounting plugin Paper2D
LogPluginManager: Mounting plugin AISupport
LogPluginManager: Mounting plugin LightPropagationVolume
LogPluginManager: Mounting plugin EnvironmentQueryEditor
LogPluginManager: Mounting plugin CameraShakePreviewer
LogPluginManager: Mounting plugin AnimationSharing
LogPluginManager: Mounting plugin GameplayCameras
LogPluginManager: Mounting plugin CodeLiteSourceCodeAccess
LogPluginManager: Mounting plugin CLionSourceCodeAccess
LogPluginManager: Mounting plugin GitSourceControl
LogPluginManager: Mounting plugin NullSourceCodeAccess
LogPluginManager: Mounting plugin KDevelopSourceCodeAccess
LogPluginManager: Mounting plugin PerforceSourceControl
LogPluginManager: Mounting plugin OodleData
LogPluginManager: Mounting plugin OodleNetwork
LogPluginManager: Mounting plugin PlasticSourceControl
LogPluginManager: Mounting plugin PluginUtils
LogPluginManager: Mounting plugin PropertyAccessNode
LogPluginManager: Mounting plugin RiderSourceCodeAccess
LogPluginManager: Mounting plugin TextureFormatOodle
LogPluginManager: Mounting plugin PixWinPlugin
LogPluginManager: Mounting plugin XCodeSourceCodeAccess
LogPluginManager: Mounting plugin VisualStudioSourceCodeAccess
LogPluginManager: Mounting plugin AssetManagerEditor
LogPluginManager: Mounting plugin SubversionSourceControl
LogPluginManager: Mounting plugin VisualStudioCodeSourceCodeAccess
LogPluginManager: Mounting plugin UObjectPlugin
LogPluginManager: Mounting plugin Niagara
LogPluginManager: Mounting plugin AlembicImporter
LogPluginManager: Mounting plugin BackChannel
LogPluginManager: Mounting plugin AutomationUtils
LogPluginManager: Mounting plugin ChaosCloth
LogPluginManager: Mounting plugin ChaosEditor
LogPluginManager: Mounting plugin ChaosNiagara
LogPluginManager: Mounting plugin ChaosSolverPlugin
LogPluginManager: Mounting plugin CryptoKeys
LogPluginManager: Mounting plugin ChaosClothEditor
LogPluginManager: Mounting plugin DataValidation
LogPluginManager: Mounting plugin CurveEditorTools
LogPluginManager: Mounting plugin CharacterAI
LogPluginManager: Mounting plugin DatasmithContent
LogPluginManager: Mounting plugin FacialAnimation
LogPluginManager: Mounting plugin GameplayTagsEditor
LogPluginManager: Mounting plugin GeometryMode
LogPluginManager: Mounting plugin MacGraphicsSwitching
LogPluginManager: Mounting plugin MaterialAnalyzer
LogPluginManager: Mounting plugin MobileLauncherProfileWizard
LogPluginManager: Mounting plugin PluginBrowser
LogPluginManager: Mounting plugin SpeedTreeImporter
LogPluginManager: Mounting plugin GeometryCache
LogPluginManager: Mounting plugin VariantManagerContent
LogPluginManager: Mounting plugin GeometryCollectionPlugin
LogPluginManager: Mounting plugin GeometryProcessing
LogPluginManager: Mounting plugin OpenImageDenoise
LogPluginManager: Mounting plugin MotoSynth
LogPluginManager: Mounting plugin PythonScriptPlugin
LogPluginManager: Mounting plugin ProxyLODPlugin
LogPluginManager: Mounting plugin PlanarCut
LogPluginManager: Mounting plugin PlatformCrypto
LogPluginManager: Mounting plugin SkeletalReduction
LogPluginManager: Mounting plugin LuminPlatformFeatures
LogPluginManager: Mounting plugin MagicLeap
LogPluginManager: Mounting plugin MagicLeapMedia
LogPluginManager: Mounting plugin MagicLeapLightEstimation
LogPluginManager: Mounting plugin MagicLeapPassableWorld
LogPluginManager: Mounting plugin MLSDK
LogPluginManager: Mounting plugin AndroidMedia
LogPluginManager: Mounting plugin AvfMedia
LogPluginManager: Mounting plugin ImgMedia
LogPluginManager: Mounting plugin MediaCompositing
LogPluginManager: Mounting plugin MediaPlayerEditor
LogPluginManager: Mounting plugin WebMMedia
LogPluginManager: Mounting plugin WmfMedia
LogPluginManager: Mounting plugin TcpMessaging
LogPluginManager: Mounting plugin UdpMessaging
LogPluginManager: Mounting plugin ActorSequence
LogPluginManager: Mounting plugin MatineeToLevelSequence
LogPluginManager: Mounting plugin LevelSequenceEditor
LogPluginManager: Mounting plugin OnlineSubsystem
LogPluginManager: Mounting plugin TemplateSequence
LogPluginManager: Mounting plugin OnlineSubsystemNull
LogPluginManager: Mounting plugin OnlineSubsystemUtils
LogPluginManager: Mounting plugin LauncherChunkInstaller
LogPluginManager: Mounting plugin ActorLayerUtilities
LogPluginManager: Mounting plugin AndroidDeviceProfileSelector
LogPluginManager: Mounting plugin AndroidPermission
LogPluginManager: Mounting plugin AndroidMoviePlayer
LogPluginManager: Mounting plugin AppleMoviePlayer
LogPluginManager: Mounting plugin ArchVisCharacter
LogPluginManager: Mounting plugin AppleImageUtils
LogPluginManager: Mounting plugin AssetTags
LogPluginManager: Mounting plugin AudioCapture
LogPluginManager: Mounting plugin AudioSynesthesia
LogPluginManager: Mounting plugin CableComponent
LogPluginManager: Mounting plugin ChunkDownloader
LogPluginManager: Mounting plugin CustomMeshComponent
LogPluginManager: Mounting plugin EditableMesh
LogPluginManager: Mounting plugin ExampleDeviceProfileSelector
LogPluginManager: Mounting plugin GoogleCloudMessaging
LogPluginManager: Mounting plugin GooglePAD
LogPluginManager: Mounting plugin IOSDeviceProfileSelector
LogPluginManager: Mounting plugin LocationServicesBPLibrary
LogPluginManager: Mounting plugin LinuxDeviceProfileSelector
LogPluginManager: Mounting plugin MobilePatchingUtils
LogPluginManager: Mounting plugin ScreenshotTools
LogPluginManager: Mounting plugin PhysXVehicles
LogPluginManager: Mounting plugin PostSplashScreen
LogPluginManager: Mounting plugin PropertyAccessEditor
LogPluginManager: Mounting plugin RuntimePhysXCooking
LogPluginManager: Mounting plugin ProceduralMeshComponent
LogPluginManager: Mounting plugin SignificanceManager
LogPluginManager: Mounting plugin SoundFields
LogPluginManager: Mounting plugin Synthesis
LogPluginManager: Mounting plugin WebMMoviePlayer
LogPluginManager: Mounting plugin WindowsMoviePlayer
LogPluginManager: Mounting plugin ContentBrowserClassDataSource
LogPluginManager: Mounting plugin ContentBrowserFileDataSource
LogPluginManager: Mounting plugin ContentBrowserAssetDataSource
LogPluginManager: Mounting plugin OnlineSubsystemGooglePlay
LogPluginManager: Mounting plugin OnlineSubsystemIOS
PixWinPlugin: PIX capture plugin failed to initialize! Check that the process is launched from PIX.
LogInit: Using libcurl 7.55.1-DEV
LogInit:  - built for x86_64-pc-win32
LogInit:  - supports SSL with OpenSSL/1.1.1
LogInit:  - supports HTTP deflate (compression) using libz 1.2.8
LogInit:  - other features:
LogInit:      CURL_VERSION_SSL
LogInit:      CURL_VERSION_LIBZ
LogInit:      CURL_VERSION_IPV6
LogInit:      CURL_VERSION_ASYNCHDNS
LogInit:      CURL_VERSION_LARGEFILE
LogInit:      CURL_VERSION_IDN
LogInit:  CurlRequestOptions (configurable via config and command line):
LogInit:  - bVerifyPeer = true  - Libcurl will verify peer certificate
LogInit:  - bUseHttpProxy = false  - Libcurl will NOT use HTTP proxy
LogInit:  - bDontReuseConnections = false  - Libcurl will reuse connections
LogInit:  - MaxHostConnections = 16  - Libcurl will limit the number of connections to a host
LogInit:  - LocalHostAddr = Default
LogInit:  - BufferSize = 65536
LogOnline: OSS: Creating online subsystem instance for: NULL
LogInit: WinSock: version 1.1 (2.2), MaxSocks=32767, MaxUdp=65467
LogOnline: OSS: TryLoadSubsystemAndSetDefault: Loaded subsystem for module [NULL]
LogInit: Build: ++UE4+Release-4.27-CL-18319896
LogInit: Engine Version: 4.27.2-18319896+++UE4+Release-4.27
LogInit: Compatible Engine Version: 4.27.0-17155196+++UE4+Release-4.27
LogInit: Net CL: 17155196
LogInit: OS: Windows 10 (Release 2009) (), CPU: AMD Ryzen 7 3700X 8-Core Processor             , GPU: NVIDIA GeForce RTX 3060
LogInit: Compiled (64-bit): Nov 30 2021 07:12:08
LogInit: Compiled with Visual C++: 19.24.28315.00
LogInit: Build Configuration: Development
LogInit: Branch Name: ++UE4+Release-4.27
LogInit: Command Line:  -EpicPortal -epicusername=idart -epicuserid=3f56c93fb77440bf8c24ea5f7ffb2b50 -epiclocale=it -epicsandboxid=ue
LogInit: Base Directory: D:/unreal/unreal/UE_4.27/Engine/Binaries/Win64/
LogInit: Allocator: TBB
LogInit: Installed Engine Build: 1
LogDevObjectVersion: Number of dev versions registered: 29
LogDevObjectVersion:   Dev-Blueprints (B0D832E4-1F89-4F0D-ACCF-7EB736FD4AA2): 10
LogDevObjectVersion:   Dev-Build (E1C64328-A22C-4D53-A36C-8E866417BD8C): 0
LogDevObjectVersion:   Dev-Core (375EC13C-06E4-48FB-B500-84F0262A717E): 4
LogDevObjectVersion:   Dev-Editor (E4B068ED-F494-42E9-A231-DA0B2E46BB41): 40
LogDevObjectVersion:   Dev-Framework (CFFC743F-43B0-4480-9391-14DF171D2073): 37
LogDevObjectVersion:   Dev-Mobile (B02B49B5-BB20-44E9-A304-32B752E40360): 3
LogDevObjectVersion:   Dev-Networking (A4E4105C-59A1-49B5-A7C5-40C4547EDFEE): 0
LogDevObjectVersion:   Dev-Online (39C831C9-5AE6-47DC-9A44-9C173E1C8E7C): 0
LogDevObjectVersion:   Dev-Physics (78F01B33-EBEA-4F98-B9B4-84EACCB95AA2): 14
LogDevObjectVersion:   Dev-Platform (6631380F-2D4D-43E0-8009-CF276956A95A): 0
LogDevObjectVersion:   Dev-Rendering (12F88B9F-8875-4AFC-A67C-D90C383ABD29): 45
LogDevObjectVersion:   Dev-Sequencer (7B5AE74C-D270-4C10-A958-57980B212A5A): 13
LogDevObjectVersion:   Dev-VR (D7296918-1DD6-4BDD-9DE2-64A83CC13884): 3
LogDevObjectVersion:   Dev-LoadTimes (C2A15278-BFE7-4AFE-6C17-90FF531DF755): 1
LogDevObjectVersion:   Private-Geometry (6EACA3D4-40EC-4CC1-B786-8BED09428FC5): 3
LogDevObjectVersion:   Dev-AnimPhys (29E575DD-E0A3-4627-9D10-D276232CDCEA): 17
LogDevObjectVersion:   Dev-Anim (AF43A65D-7FD3-4947-9873-3E8ED9C1BB05): 15
LogDevObjectVersion:   Dev-ReflectionCapture (6B266CEC-1EC7-4B8F-A30B-E4D90942FC07): 1
LogDevObjectVersion:   Dev-Automation (0DF73D61-A23F-47EA-B727-89E90C41499A): 1
LogDevObjectVersion:   FortniteMain (601D1886-AC64-4F84-AA16-D3DE0DEAC7D6): 47
LogDevObjectVersion:   FortniteRelease (E7086368-6B23-4C58-8439-1B7016265E91): 1
LogDevObjectVersion:   Dev-Enterprise (9DFFBCD6-494F-0158-E221-12823C92A888): 10
LogDevObjectVersion:   Dev-Niagara (F2AED0AC-9AFE-416F-8664-AA7FFA26D6FC): 1
LogDevObjectVersion:   Dev-Destruction (174F1F0B-B4C6-45A5-B13F-2EE8D0FB917D): 10
LogDevObjectVersion:   Dev-Physics-Ext (35F94A83-E258-406C-A318-09F59610247C): 41
LogDevObjectVersion:   Dev-PhysicsMaterial-Chaos (B68FC16E-8B1B-42E2-B453-215C058844FE): 1
LogDevObjectVersion:   Dev-CineCamera (B2E18506-4273-CFC2-A54E-F4BB758BBA07): 1
LogDevObjectVersion:   Dev-VirtualProduction (64F58936-FD1B-42BA-BA96-7289D5D0FA4E): 1
LogDevObjectVersion:   Dev-MediaFramework (6F0ED827-A609-4895-9C91-998D90180EA4): 2
LogInit: Presizing for max 25165824 objects, including 0 objects not considered by GC, pre-allocating 0 bytes for permanent pool.
LogConfig: Applying CVar settings from Section [/Script/Engine.StreamingSettings] File [D:/unreal/FpsUnrealEngine/FpsUnreal/fpsPRoject/Saved/Config/Windows/Engine.ini]
LogConfig: Setting CVar [[s.MinBulkDataSizeForAsyncLoading:131072]]
LogConfig: Setting CVar [[s.AsyncLoadingThreadEnabled:0]]
LogConfig: Setting CVar [[s.EventDrivenLoaderEnabled:1]]
LogConfig: Setting CVar [[s.WarnIfTimeLimitExceeded:0]]
LogConfig: Setting CVar [[s.TimeLimitExceededMultiplier:1.5]]
LogConfig: Setting CVar [[s.TimeLimitExceededMinTime:0.005]]
LogConfig: Setting CVar [[s.UseBackgroundLevelStreaming:1]]
LogConfig: Setting CVar [[s.PriorityAsyncLoadingExtraTime:15.0]]
LogConfig: Setting CVar [[s.LevelStreamingActorsUpdateTimeLimit:5.0]]
LogConfig: Setting CVar [[s.PriorityLevelStreamingActorsUpdateExtraTime:5.0]]
LogConfig: Setting CVar [[s.LevelStreamingComponentsRegistrationGranularity:10]]
LogConfig: Setting CVar [[s.UnregisterComponentsTimeLimit:1.0]]
LogConfig: Setting CVar [[s.LevelStreamingComponentsUnregistrationGranularity:5]]
LogConfig: Setting CVar [[s.FlushStreamingOnExit:1]]
LogInit: Object subsystem initialized
LogConfig: Setting CVar [[con.DebugEarlyDefault:1]]
LogConfig: Setting CVar [[r.setres:1280x720]]
[2022.01.22-17.37.20:037][  0]LogConfig: Setting CVar [[r.VSync:0]]
[2022.01.22-17.37.20:037][  0]LogConfig: Setting CVar [[r.RHICmdBypass:0]]
[2022.01.22-17.37.20:037][  0]LogConfig: Applying CVar settings from Section [/Script/Engine.RendererSettings] File [D:/unreal/FpsUnrealEngine/FpsUnreal/fpsPRoject/Saved/Config/Windows/Engine.ini]
[2022.01.22-17.37.20:037][  0]LogConfig: Setting CVar [[r.GPUCrashDebugging:0]]
[2022.01.22-17.37.20:037][  0]LogConfig: Setting CVar [[r.DefaultFeature.AutoExposure:0]]
[2022.01.22-17.37.20:037][  0]LogConfig: Applying CVar settings from Section [/Script/Engine.RendererOverrideSettings] File [D:/unreal/FpsUnrealEngine/FpsUnreal/fpsPRoject/Saved/Config/Windows/Engine.ini]
[2022.01.22-17.37.20:037][  0]LogConfig: Applying CVar settings from Section [/Script/Engine.StreamingSettings] File [D:/unreal/FpsUnrealEngine/FpsUnreal/fpsPRoject/Saved/Config/Windows/Engine.ini]
[2022.01.22-17.37.20:037][  0]LogConfig: Setting CVar [[s.MinBulkDataSizeForAsyncLoading:131072]]
[2022.01.22-17.37.20:037][  0]LogConfig: Setting CVar [[s.AsyncLoadingThreadEnabled:0]]
[2022.01.22-17.37.20:037][  0]LogConfig: Setting CVar [[s.EventDrivenLoaderEnabled:1]]
[2022.01.22-17.37.20:037][  0]LogConfig: Setting CVar [[s.WarnIfTimeLimitExceeded:0]]
[2022.01.22-17.37.20:037][  0]LogConfig: Setting CVar [[s.TimeLimitExceededMultiplier:1.5]]
[2022.01.22-17.37.20:037][  0]LogConfig: Setting CVar [[s.TimeLimitExceededMinTime:0.005]]
[2022.01.22-17.37.20:037][  0]LogConfig: Setting CVar [[s.UseBackgroundLevelStreaming:1]]
[2022.01.22-17.37.20:037][  0]LogConfig: Setting CVar [[s.PriorityAsyncLoadingExtraTime:15.0]]
[2022.01.22-17.37.20:037][  0]LogConfig: Setting CVar [[s.LevelStreamingActorsUpdateTimeLimit:5.0]]
[2022.01.22-17.37.20:037][  0]LogConfig: Setting CVar [[s.PriorityLevelStreamingActorsUpdateExtraTime:5.0]]
[2022.01.22-17.37.20:037][  0]LogConfig: Setting CVar [[s.LevelStreamingComponentsRegistrationGranularity:10]]
[2022.01.22-17.37.20:037][  0]LogConfig: Setting CVar [[s.UnregisterComponentsTimeLimit:1.0]]
[2022.01.22-17.37.20:038][  0]LogConfig: Setting CVar [[s.LevelStreamingComponentsUnregistrationGranularity:5]]
[2022.01.22-17.37.20:038][  0]LogConfig: Setting CVar [[s.FlushStreamingOnExit:1]]
[2022.01.22-17.37.20:038][  0]LogConfig: Applying CVar settings from Section [/Script/Engine.GarbageCollectionSettings] File [D:/unreal/FpsUnrealEngine/FpsUnreal/fpsPRoject/Saved/Config/Windows/Engine.ini]
[2022.01.22-17.37.20:038][  0]LogConfig: Setting CVar [[gc.MaxObjectsNotConsideredByGC:1]]
[2022.01.22-17.37.20:038][  0]LogConfig: Setting CVar [[gc.SizeOfPermanentObjectPool:0]]
[2022.01.22-17.37.20:038][  0]LogConfig: Setting CVar [[gc.FlushStreamingOnGC:0]]
[2022.01.22-17.37.20:038][  0]LogConfig: Setting CVar [[gc.NumRetriesBeforeForcingGC:10]]
[2022.01.22-17.37.20:038][  0]LogConfig: Setting CVar [[gc.AllowParallelGC:1]]
[2022.01.22-17.37.20:038][  0]LogConfig: Setting CVar [[gc.TimeBetweenPurgingPendingKillObjects:61.1]]
[2022.01.22-17.37.20:038][  0]LogConfig: Setting CVar [[gc.MaxObjectsInEditor:25165824]]
[2022.01.22-17.37.20:038][  0]LogConfig: Setting CVar [[gc.IncrementalBeginDestroyEnabled:1]]
[2022.01.22-17.37.20:038][  0]LogConfig: Setting CVar [[gc.CreateGCClusters:1]]
[2022.01.22-17.37.20:038][  0]LogConfig: Setting CVar [[gc.MinGCClusterSize:5]]
[2022.01.22-17.37.20:038][  0]LogConfig: Setting CVar [[gc.ActorClusteringEnabled:0]]
[2022.01.22-17.37.20:038][  0]LogConfig: Setting CVar [[gc.BlueprintClusteringEnabled:0]]
[2022.01.22-17.37.20:038][  0]LogConfig: Setting CVar [[gc.UseDisregardForGCOnDedicatedServers:0]]
[2022.01.22-17.37.20:038][  0]LogConfig: Setting CVar [[gc.MultithreadedDestructionEnabled:1]]
[2022.01.22-17.37.20:038][  0]LogConfig: Applying CVar settings from Section [/Script/Engine.NetworkSettings] File [D:/unreal/FpsUnrealEngine/FpsUnreal/fpsPRoject/Saved/Config/Windows/Engine.ini]
[2022.01.22-17.37.20:038][  0]LogConfig: Applying CVar settings from Section [/Script/UnrealEd.CookerSettings] File [D:/unreal/FpsUnrealEngine/FpsUnreal/fpsPRoject/Saved/Config/Windows/Engine.ini]
[2022.01.22-17.37.20:055][  0]LogConfig: Applying CVar settings from Section [ViewDistanceQuality@3] File [D:/unreal/FpsUnrealEngine/FpsUnreal/fpsPRoject/Saved/Config/Windows/Scalability.ini]
[2022.01.22-17.37.20:055][  0]LogConfig: Setting CVar [[r.SkeletalMeshLODBias:0]]
[2022.01.22-17.37.20:055][  0]LogConfig: Setting CVar [[r.ViewDistanceScale:1.0]]
[2022.01.22-17.37.20:055][  0]LogConfig: Applying CVar settings from Section [AntiAliasingQuality@3] File [D:/unreal/FpsUnrealEngine/FpsUnreal/fpsPRoject/Saved/Config/Windows/Scalability.ini]
[2022.01.22-17.37.20:055][  0]LogConfig: Setting CVar [[r.PostProcessAAQuality:4]]
[2022.01.22-17.37.20:055][  0]LogConfig: Applying CVar settings from Section [ShadowQuality@3] File [D:/unreal/FpsUnrealEngine/FpsUnreal/fpsPRoject/Saved/Config/Windows/Scalability.ini]
[2022.01.22-17.37.20:055][  0]LogConfig: Setting CVar [[r.LightFunctionQuality:1]]
[2022.01.22-17.37.20:055][  0]LogConfig: Setting CVar [[r.ShadowQuality:5]]
[2022.01.22-17.37.20:055][  0]LogConfig: Setting CVar [[r.Shadow.CSM.MaxCascades:10]]
[2022.01.22-17.37.20:055][  0]LogConfig: Setting CVar [[r.Shadow.MaxResolution:2048]]
[2022.01.22-17.37.20:055][  0]LogConfig: Setting CVar [[r.Shadow.MaxCSMResolution:2048]]
[2022.01.22-17.37.20:055][  0]LogConfig: Setting CVar [[r.Shadow.RadiusThreshold:0.01]]
[2022.01.22-17.37.20:055][  0]LogConfig: Setting CVar [[r.Shadow.DistanceScale:1.0]]
[2022.01.22-17.37.20:055][  0]LogConfig: Setting CVar [[r.Shadow.CSM.TransitionScale:1.0]]
[2022.01.22-17.37.20:055][  0]LogConfig: Setting CVar [[r.Shadow.PreShadowResolutionFactor:1.0]]
[2022.01.22-17.37.20:055][  0]LogConfig: Setting CVar [[r.DistanceFieldShadowing:1]]
[2022.01.22-17.37.20:055][  0]LogConfig: Setting CVar [[r.DistanceFieldAO:1]]
[2022.01.22-17.37.20:055][  0]LogConfig: Setting CVar [[r.AOQuality:2]]
[2022.01.22-17.37.20:055][  0]LogConfig: Setting CVar [[r.VolumetricFog:1]]
[2022.01.22-17.37.20:055][  0]LogConfig: Setting CVar [[r.VolumetricFog.GridPixelSize:8]]
[2022.01.22-17.37.20:055][  0]LogConfig: Setting CVar [[r.VolumetricFog.GridSizeZ:128]]
[2022.01.22-17.37.20:055][  0]LogConfig: Setting CVar [[r.VolumetricFog.HistoryMissSupersampleCount:4]]
[2022.01.22-17.37.20:055][  0]LogConfig: Setting CVar [[r.LightMaxDrawDistanceScale:1]]
[2022.01.22-17.37.20:055][  0]LogConfig: Setting CVar [[r.CapsuleShadows:1]]
[2022.01.22-17.37.20:055][  0]LogConfig: Applying CVar settings from Section [PostProcessQuality@3] File [D:/unreal/FpsUnrealEngine/FpsUnreal/fpsPRoject/Saved/Config/Windows/Scalability.ini]
[2022.01.22-17.37.20:055][  0]LogConfig: Setting CVar [[r.MotionBlurQuality:4]]
[2022.01.22-17.37.20:055][  0]LogConfig: Setting CVar [[r.AmbientOcclusionMipLevelFactor:0.4]]
[2022.01.22-17.37.20:055][  0]LogConfig: Setting CVar [[r.AmbientOcclusionMaxQuality:100]]
[2022.01.22-17.37.20:056][  0]LogConfig: Setting CVar [[r.AmbientOcclusionLevels:-1]]
[2022.01.22-17.37.20:056][  0]LogConfig: Setting CVar [[r.AmbientOcclusionRadiusScale:1.0]]
[2022.01.22-17.37.20:056][  0]LogConfig: Setting CVar [[r.DepthOfFieldQuality:2]]
[2022.01.22-17.37.20:056][  0]LogConfig: Setting CVar [[r.RenderTargetPoolMin:400]]
[2022.01.22-17.37.20:056][  0]LogConfig: Setting CVar [[r.LensFlareQuality:2]]
[2022.01.22-17.37.20:056][  0]LogConfig: Setting CVar [[r.SceneColorFringeQuality:1]]
[2022.01.22-17.37.20:056][  0]LogConfig: Setting CVar [[r.EyeAdaptationQuality:2]]
[2022.01.22-17.37.20:056][  0]LogConfig: Setting CVar [[r.BloomQuality:5]]
[2022.01.22-17.37.20:056][  0]LogConfig: Setting CVar [[r.FastBlurThreshold:100]]
[2022.01.22-17.37.20:056][  0]LogConfig: Setting CVar [[r.Upscale.Quality:3]]
[2022.01.22-17.37.20:056][  0]LogConfig: Setting CVar [[r.Tonemapper.GrainQuantization:1]]
[2022.01.22-17.37.20:056][  0]LogConfig: Setting CVar [[r.LightShaftQuality:1]]
[2022.01.22-17.37.20:056][  0]LogConfig: Setting CVar [[r.Filter.SizeScale:1]]
[2022.01.22-17.37.20:056][  0]LogConfig: Setting CVar [[r.Tonemapper.Quality:5]]
[2022.01.22-17.37.20:056][  0]LogConfig: Setting CVar [[r.DOF.Gather.AccumulatorQuality:1        ; higher gathering accumulator quality]]
[2022.01.22-17.37.20:056][  0]LogConfig: Setting CVar [[r.DOF.Gather.PostfilterMethod:1          ; Median3x3 postfilering method]]
[2022.01.22-17.37.20:056][  0]LogConfig: Setting CVar [[r.DOF.Gather.EnableBokehSettings:0       ; no bokeh simulation when gathering]]
[2022.01.22-17.37.20:056][  0]LogConfig: Setting CVar [[r.DOF.Gather.RingCount:4                 ; medium number of samples when gathering]]
[2022.01.22-17.37.20:056][  0]LogConfig: Setting CVar [[r.DOF.Scatter.ForegroundCompositing:1    ; additive foreground scattering]]
[2022.01.22-17.37.20:056][  0]LogConfig: Setting CVar [[r.DOF.Scatter.BackgroundCompositing:2    ; additive background scattering]]
[2022.01.22-17.37.20:056][  0]LogConfig: Setting CVar [[r.DOF.Scatter.EnableBokehSettings:1      ; bokeh simulation when scattering]]
[2022.01.22-17.37.20:056][  0]LogConfig: Setting CVar [[r.DOF.Scatter.MaxSpriteRatio:0.1         ; only a maximum of 10% of scattered bokeh]]
[2022.01.22-17.37.20:056][  0]LogConfig: Setting CVar [[r.DOF.Recombine.Quality:1                ; cheap slight out of focus]]
[2022.01.22-17.37.20:056][  0]LogConfig: Setting CVar [[r.DOF.Recombine.EnableBokehSettings:0    ; no bokeh simulation on slight out of focus]]
[2022.01.22-17.37.20:056][  0]LogConfig: Setting CVar [[r.DOF.TemporalAAQuality:1                ; more stable temporal accumulation]]
[2022.01.22-17.37.20:056][  0]LogConfig: Setting CVar [[r.DOF.Kernel.MaxForegroundRadius:0.025]]
[2022.01.22-17.37.20:056][  0]LogConfig: Setting CVar [[r.DOF.Kernel.MaxBackgroundRadius:0.025]]
[2022.01.22-17.37.20:056][  0]LogConfig: Applying CVar settings from Section [TextureQuality@3] File [D:/unreal/FpsUnrealEngine/FpsUnreal/fpsPRoject/Saved/Config/Windows/Scalability.ini]
[2022.01.22-17.37.20:056][  0]LogConfig: Setting CVar [[r.Streaming.MipBias:0]]
[2022.01.22-17.37.20:056][  0]LogConfig: Setting CVar [[r.Streaming.AmortizeCPUToGPUCopy:0]]
[2022.01.22-17.37.20:056][  0]LogConfig: Setting CVar [[r.Streaming.MaxNumTexturesToStreamPerFrame:0]]
[2022.01.22-17.37.20:056][  0]LogConfig: Setting CVar [[r.Streaming.Boost:1]]
[2022.01.22-17.37.20:056][  0]LogConfig: Setting CVar [[r.MaxAnisotropy:8]]
[2022.01.22-17.37.20:056][  0]LogConfig: Setting CVar [[r.VT.MaxAnisotropy:8]]
[2022.01.22-17.37.20:056][  0]LogConfig: Setting CVar [[r.Streaming.LimitPoolSizeToVRAM:0]]
[2022.01.22-17.37.20:056][  0]LogConfig: Setting CVar [[r.Streaming.PoolSize:1000]]
[2022.01.22-17.37.20:056][  0]LogConfig: Setting CVar [[r.Streaming.MaxEffectiveScreenSize:0]]
[2022.01.22-17.37.20:056][  0]LogConfig: Applying CVar settings from Section [EffectsQuality@3] File [D:/unreal/FpsUnrealEngine/FpsUnreal/fpsPRoject/Saved/Config/Windows/Scalability.ini]
[2022.01.22-17.37.20:056][  0]LogConfig: Setting CVar [[r.TranslucencyLightingVolumeDim:64]]
[2022.01.22-17.37.20:056][  0]LogConfig: Setting CVar [[r.RefractionQuality:2]]
[2022.01.22-17.37.20:056][  0]LogConfig: Setting CVar [[r.SSR.Quality:3]]
[2022.01.22-17.37.20:056][  0]LogConfig: Setting CVar [[r.SSR.HalfResSceneColor:0]]
[2022.01.22-17.37.20:056][  0]LogConfig: Setting CVar [[r.SceneColorFormat:4]]
[2022.01.22-17.37.20:056][  0]LogConfig: Setting CVar [[r.DetailMode:2]]
[2022.01.22-17.37.20:056][  0]LogConfig: Setting CVar [[r.TranslucencyVolumeBlur:1]]
[2022.01.22-17.37.20:056][  0]LogConfig: Setting CVar [[r.MaterialQualityLevel:1 ; High quality]]
[2022.01.22-17.37.20:056][  0]LogConfig: Setting CVar [[r.AnisotropicMaterials:1]]
[2022.01.22-17.37.20:056][  0]LogConfig: Setting CVar [[r.SSS.Scale:1]]
[2022.01.22-17.37.20:056][  0]LogConfig: Setting CVar [[r.SSS.SampleSet:2]]
[2022.01.22-17.37.20:056][  0]LogConfig: Setting CVar [[r.SSS.Quality:1]]
[2022.01.22-17.37.20:056][  0]LogConfig: Setting CVar [[r.SSS.HalfRes:0]]
[2022.01.22-17.37.20:056][  0]LogConfig: Setting CVar [[r.SSGI.Quality:3]]
[2022.01.22-17.37.20:056][  0]LogConfig: Setting CVar [[r.EmitterSpawnRateScale:1.0]]
[2022.01.22-17.37.20:056][  0]LogConfig: Setting CVar [[r.ParticleLightQuality:2]]
[2022.01.22-17.37.20:056][  0]LogConfig: Setting CVar [[r.SkyAtmosphere.AerialPerspectiveLUT.FastApplyOnOpaque:1 ; Always have FastSkyLUT 1 in this case to avoid wrong sky]]
[2022.01.22-17.37.20:056][  0]LogConfig: Setting CVar [[r.SkyAtmosphere.AerialPerspectiveLUT.SampleCountMaxPerSlice:4]]
[2022.01.22-17.37.20:056][  0]LogConfig: Setting CVar [[r.SkyAtmosphere.AerialPerspectiveLUT.DepthResolution:16.0]]
[2022.01.22-17.37.20:056][  0]LogConfig: Setting CVar [[r.SkyAtmosphere.FastSkyLUT:1]]
[2022.01.22-17.37.20:056][  0]LogConfig: Setting CVar [[r.SkyAtmosphere.FastSkyLUT.SampleCountMin:4.0]]
[2022.01.22-17.37.20:056][  0]LogConfig: Setting CVar [[r.SkyAtmosphere.FastSkyLUT.SampleCountMax:128.0]]
[2022.01.22-17.37.20:056][  0]LogConfig: Setting CVar [[r.SkyAtmosphere.SampleCountMin:4.0]]
[2022.01.22-17.37.20:056][  0]LogConfig: Setting CVar [[r.SkyAtmosphere.SampleCountMax:128.0]]
[2022.01.22-17.37.20:056][  0]LogConfig: Setting CVar [[r.SkyAtmosphere.TransmittanceLUT.UseSmallFormat:0]]
[2022.01.22-17.37.20:056][  0]LogConfig: Setting CVar [[r.SkyAtmosphere.TransmittanceLUT.SampleCount:10.0]]
[2022.01.22-17.37.20:056][  0]LogConfig: Setting CVar [[r.SkyAtmosphere.MultiScatteringLUT.SampleCount:15.0]]
[2022.01.22-17.37.20:056][  0]LogConfig: Setting CVar [[r.SkyLight.RealTimeReflectionCapture:1]]
[2022.01.22-17.37.20:056][  0]LogConfig: Applying CVar settings from Section [FoliageQuality@3] File [D:/unreal/FpsUnrealEngine/FpsUnreal/fpsPRoject/Saved/Config/Windows/Scalability.ini]
[2022.01.22-17.37.20:056][  0]LogConfig: Setting CVar [[foliage.DensityScale:1.0]]
[2022.01.22-17.37.20:056][  0]LogConfig: Setting CVar [[grass.DensityScale:1.0]]
[2022.01.22-17.37.20:056][  0]LogConfig: Applying CVar settings from Section [ShadingQuality@3] File [D:/unreal/FpsUnrealEngine/FpsUnreal/fpsPRoject/Saved/Config/Windows/Scalability.ini]
[2022.01.22-17.37.20:056][  0]LogConfig: Setting CVar [[r.HairStrands.SkyLighting.IntegrationType:2]]
[2022.01.22-17.37.20:056][  0]LogConfig: Setting CVar [[r.HairStrands.SkyAO.SampleCount:4]]
[2022.01.22-17.37.20:056][  0]LogConfig: Setting CVar [[r.HairStrands.Visibility.MSAA.SamplePerPixel:4]]
[2022.01.22-17.37.20:056][  0]LogInit: Selected Device Profile: [Windows]
[2022.01.22-17.37.20:056][  0]LogInit: Applying CVar settings loaded from the selected device profile: [Windows]
[2022.01.22-17.37.20:056][  0]LogHAL: Display: Platform has ~ 16 GB [17102508032 / 17179869184 / 16], which maps to Larger [LargestMinGB=32, LargerMinGB=12, DefaultMinGB=8, SmallerMinGB=6, SmallestMinGB=0)
[2022.01.22-17.37.20:056][  0]LogInit: Going up to parent DeviceProfile []
[2022.01.22-17.37.20:056][  0]LogConfig: Applying CVar settings from Section [ViewDistanceQuality@3] File [D:/unreal/FpsUnrealEngine/FpsUnreal/fpsPRoject/Saved/Config/Windows/Scalability.ini]
[2022.01.22-17.37.20:056][  0]LogConfig: Setting CVar [[r.SkeletalMeshLODBias:0]]
[2022.01.22-17.37.20:056][  0]LogConfig: Setting CVar [[r.ViewDistanceScale:1.0]]
[2022.01.22-17.37.20:056][  0]LogConfig: Applying CVar settings from Section [AntiAliasingQuality@3] File [D:/unreal/FpsUnrealEngine/FpsUnreal/fpsPRoject/Saved/Config/Windows/Scalability.ini]
[2022.01.22-17.37.20:056][  0]LogConfig: Setting CVar [[r.PostProcessAAQuality:4]]
[2022.01.22-17.37.20:056][  0]LogConfig: Applying CVar settings from Section [ShadowQuality@3] File [D:/unreal/FpsUnrealEngine/FpsUnreal/fpsPRoject/Saved/Config/Windows/Scalability.ini]
[2022.01.22-17.37.20:056][  0]LogConfig: Setting CVar [[r.LightFunctionQuality:1]]
[2022.01.22-17.37.20:056][  0]LogConfig: Setting CVar [[r.ShadowQuality:5]]
[2022.01.22-17.37.20:056][  0]LogConfig: Setting CVar [[r.Shadow.CSM.MaxCascades:10]]
[2022.01.22-17.37.20:056][  0]LogConfig: Setting CVar [[r.Shadow.MaxResolution:2048]]
[2022.01.22-17.37.20:056][  0]LogConfig: Setting CVar [[r.Shadow.MaxCSMResolution:2048]]
[2022.01.22-17.37.20:056][  0]LogConfig: Setting CVar [[r.Shadow.RadiusThreshold:0.01]]
[2022.01.22-17.37.20:056][  0]LogConfig: Setting CVar [[r.Shadow.DistanceScale:1.0]]
[2022.01.22-17.37.20:056][  0]LogConfig: Setting CVar [[r.Shadow.CSM.TransitionScale:1.0]]
[2022.01.22-17.37.20:056][  0]LogConfig: Setting CVar [[r.Shadow.PreShadowResolutionFactor:1.0]]
[2022.01.22-17.37.20:056][  0]LogConfig: Setting CVar [[r.DistanceFieldShadowing:1]]
[2022.01.22-17.37.20:056][  0]LogConfig: Setting CVar [[r.DistanceFieldAO:1]]
[2022.01.22-17.37.20:056][  0]LogConfig: Setting CVar [[r.AOQuality:2]]
[2022.01.22-17.37.20:056][  0]LogConfig: Setting CVar [[r.VolumetricFog:1]]
[2022.01.22-17.37.20:057][  0]LogConfig: Setting CVar [[r.VolumetricFog.GridPixelSize:8]]
[2022.01.22-17.37.20:057][  0]LogConfig: Setting CVar [[r.VolumetricFog.GridSizeZ:128]]
[2022.01.22-17.37.20:057][  0]LogConfig: Setting CVar [[r.VolumetricFog.HistoryMissSupersampleCount:4]]
[2022.01.22-17.37.20:057][  0]LogConfig: Setting CVar [[r.LightMaxDrawDistanceScale:1]]
[2022.01.22-17.37.20:057][  0]LogConfig: Setting CVar [[r.CapsuleShadows:1]]
[2022.01.22-17.37.20:057][  0]LogConfig: Applying CVar settings from Section [PostProcessQuality@3] File [D:/unreal/FpsUnrealEngine/FpsUnreal/fpsPRoject/Saved/Config/Windows/Scalability.ini]
[2022.01.22-17.37.20:057][  0]LogConfig: Setting CVar [[r.MotionBlurQuality:4]]
[2022.01.22-17.37.20:057][  0]LogConfig: Setting CVar [[r.AmbientOcclusionMipLevelFactor:0.4]]
[2022.01.22-17.37.20:057][  0]LogConfig: Setting CVar [[r.AmbientOcclusionMaxQuality:100]]
[2022.01.22-17.37.20:057][  0]LogConfig: Setting CVar [[r.AmbientOcclusionLevels:-1]]
[2022.01.22-17.37.20:057][  0]LogConfig: Setting CVar [[r.AmbientOcclusionRadiusScale:1.0]]
[2022.01.22-17.37.20:057][  0]LogConfig: Setting CVar [[r.DepthOfFieldQuality:2]]
[2022.01.22-17.37.20:057][  0]LogConfig: Setting CVar [[r.RenderTargetPoolMin:400]]
[2022.01.22-17.37.20:057][  0]LogConfig: Setting CVar [[r.LensFlareQuality:2]]
[2022.01.22-17.37.20:057][  0]LogConfig: Setting CVar [[r.SceneColorFringeQuality:1]]
[2022.01.22-17.37.20:057][  0]LogConfig: Setting CVar [[r.EyeAdaptationQuality:2]]
[2022.01.22-17.37.20:057][  0]LogConfig: Setting CVar [[r.BloomQuality:5]]
[2022.01.22-17.37.20:057][  0]LogConfig: Setting CVar [[r.FastBlurThreshold:100]]
[2022.01.22-17.37.20:057][  0]LogConfig: Setting CVar [[r.Upscale.Quality:3]]
[2022.01.22-17.37.20:057][  0]LogConfig: Setting CVar [[r.Tonemapper.GrainQuantization:1]]
[2022.01.22-17.37.20:057][  0]LogConfig: Setting CVar [[r.LightShaftQuality:1]]
[2022.01.22-17.37.20:057][  0]LogConfig: Setting CVar [[r.Filter.SizeScale:1]]
[2022.01.22-17.37.20:057][  0]LogConfig: Setting CVar [[r.Tonemapper.Quality:5]]
[2022.01.22-17.37.20:057][  0]LogConfig: Setting CVar [[r.DOF.Gather.AccumulatorQuality:1        ; higher gathering accumulator quality]]
[2022.01.22-17.37.20:057][  0]LogConfig: Setting CVar [[r.DOF.Gather.PostfilterMethod:1          ; Median3x3 postfilering method]]
[2022.01.22-17.37.20:057][  0]LogConfig: Setting CVar [[r.DOF.Gather.EnableBokehSettings:0       ; no bokeh simulation when gathering]]
[2022.01.22-17.37.20:057][  0]LogConfig: Setting CVar [[r.DOF.Gather.RingCount:4                 ; medium number of samples when gathering]]
[2022.01.22-17.37.20:057][  0]LogConfig: Setting CVar [[r.DOF.Scatter.ForegroundCompositing:1    ; additive foreground scattering]]
[2022.01.22-17.37.20:057][  0]LogConfig: Setting CVar [[r.DOF.Scatter.BackgroundCompositing:2    ; additive background scattering]]
[2022.01.22-17.37.20:057][  0]LogConfig: Setting CVar [[r.DOF.Scatter.EnableBokehSettings:1      ; bokeh simulation when scattering]]
[2022.01.22-17.37.20:057][  0]LogConfig: Setting CVar [[r.DOF.Scatter.MaxSpriteRatio:0.1         ; only a maximum of 10% of scattered bokeh]]
[2022.01.22-17.37.20:057][  0]LogConfig: Setting CVar [[r.DOF.Recombine.Quality:1                ; cheap slight out of focus]]
[2022.01.22-17.37.20:057][  0]LogConfig: Setting CVar [[r.DOF.Recombine.EnableBokehSettings:0    ; no bokeh simulation on slight out of focus]]
[2022.01.22-17.37.20:057][  0]LogConfig: Setting CVar [[r.DOF.TemporalAAQuality:1                ; more stable temporal accumulation]]
[2022.01.22-17.37.20:057][  0]LogConfig: Setting CVar [[r.DOF.Kernel.MaxForegroundRadius:0.025]]
[2022.01.22-17.37.20:057][  0]LogConfig: Setting CVar [[r.DOF.Kernel.MaxBackgroundRadius:0.025]]
[2022.01.22-17.37.20:057][  0]LogConfig: Applying CVar settings from Section [TextureQuality@3] File [D:/unreal/FpsUnrealEngine/FpsUnreal/fpsPRoject/Saved/Config/Windows/Scalability.ini]
[2022.01.22-17.37.20:057][  0]LogConfig: Setting CVar [[r.Streaming.MipBias:0]]
[2022.01.22-17.37.20:057][  0]LogConfig: Setting CVar [[r.Streaming.AmortizeCPUToGPUCopy:0]]
[2022.01.22-17.37.20:057][  0]LogConfig: Setting CVar [[r.Streaming.MaxNumTexturesToStreamPerFrame:0]]
[2022.01.22-17.37.20:057][  0]LogConfig: Setting CVar [[r.Streaming.Boost:1]]
[2022.01.22-17.37.20:057][  0]LogConfig: Setting CVar [[r.MaxAnisotropy:8]]
[2022.01.22-17.37.20:057][  0]LogConfig: Setting CVar [[r.VT.MaxAnisotropy:8]]
[2022.01.22-17.37.20:057][  0]LogConfig: Setting CVar [[r.Streaming.LimitPoolSizeToVRAM:0]]
[2022.01.22-17.37.20:057][  0]LogConfig: Setting CVar [[r.Streaming.PoolSize:1000]]
[2022.01.22-17.37.20:057][  0]LogConfig: Setting CVar [[r.Streaming.MaxEffectiveScreenSize:0]]
[2022.01.22-17.37.20:057][  0]LogConfig: Applying CVar settings from Section [EffectsQuality@3] File [D:/unreal/FpsUnrealEngine/FpsUnreal/fpsPRoject/Saved/Config/Windows/Scalability.ini]
[2022.01.22-17.37.20:057][  0]LogConfig: Setting CVar [[r.TranslucencyLightingVolumeDim:64]]
[2022.01.22-17.37.20:057][  0]LogConfig: Setting CVar [[r.RefractionQuality:2]]
[2022.01.22-17.37.20:057][  0]LogConfig: Setting CVar [[r.SSR.Quality:3]]
[2022.01.22-17.37.20:057][  0]LogConfig: Setting CVar [[r.SSR.HalfResSceneColor:0]]
[2022.01.22-17.37.20:057][  0]LogConfig: Setting CVar [[r.SceneColorFormat:4]]
[2022.01.22-17.37.20:057][  0]LogConfig: Setting CVar [[r.DetailMode:2]]
[2022.01.22-17.37.20:057][  0]LogConfig: Setting CVar [[r.TranslucencyVolumeBlur:1]]
[2022.01.22-17.37.20:057][  0]LogConfig: Setting CVar [[r.MaterialQualityLevel:1 ; High quality]]
[2022.01.22-17.37.20:057][  0]LogConfig: Setting CVar [[r.AnisotropicMaterials:1]]
[2022.01.22-17.37.20:057][  0]LogConfig: Setting CVar [[r.SSS.Scale:1]]
[2022.01.22-17.37.20:057][  0]LogConfig: Setting CVar [[r.SSS.SampleSet:2]]
[2022.01.22-17.37.20:057][  0]LogConfig: Setting CVar [[r.SSS.Quality:1]]
[2022.01.22-17.37.20:057][  0]LogConfig: Setting CVar [[r.SSS.HalfRes:0]]
[2022.01.22-17.37.20:057][  0]LogConfig: Setting CVar [[r.SSGI.Quality:3]]
[2022.01.22-17.37.20:057][  0]LogConfig: Setting CVar [[r.EmitterSpawnRateScale:1.0]]
[2022.01.22-17.37.20:057][  0]LogConfig: Setting CVar [[r.ParticleLightQuality:2]]
[2022.01.22-17.37.20:057][  0]LogConfig: Setting CVar [[r.SkyAtmosphere.AerialPerspectiveLUT.FastApplyOnOpaque:1 ; Always have FastSkyLUT 1 in this case to avoid wrong sky]]
[2022.01.22-17.37.20:057][  0]LogConfig: Setting CVar [[r.SkyAtmosphere.AerialPerspectiveLUT.SampleCountMaxPerSlice:4]]
[2022.01.22-17.37.20:057][  0]LogConfig: Setting CVar [[r.SkyAtmosphere.AerialPerspectiveLUT.DepthResolution:16.0]]
[2022.01.22-17.37.20:057][  0]LogConfig: Setting CVar [[r.SkyAtmosphere.FastSkyLUT:1]]
[2022.01.22-17.37.20:057][  0]LogConfig: Setting CVar [[r.SkyAtmosphere.FastSkyLUT.SampleCountMin:4.0]]
[2022.01.22-17.37.20:057][  0]LogConfig: Setting CVar [[r.SkyAtmosphere.FastSkyLUT.SampleCountMax:128.0]]
[2022.01.22-17.37.20:057][  0]LogConfig: Setting CVar [[r.SkyAtmosphere.SampleCountMin:4.0]]
[2022.01.22-17.37.20:057][  0]LogConfig: Setting CVar [[r.SkyAtmosphere.SampleCountMax:128.0]]
[2022.01.22-17.37.20:057][  0]LogConfig: Setting CVar [[r.SkyAtmosphere.TransmittanceLUT.UseSmallFormat:0]]
[2022.01.22-17.37.20:057][  0]LogConfig: Setting CVar [[r.SkyAtmosphere.TransmittanceLUT.SampleCount:10.0]]
[2022.01.22-17.37.20:057][  0]LogConfig: Setting CVar [[r.SkyAtmosphere.MultiScatteringLUT.SampleCount:15.0]]
[2022.01.22-17.37.20:057][  0]LogConfig: Setting CVar [[r.SkyLight.RealTimeReflectionCapture:1]]
[2022.01.22-17.37.20:057][  0]LogConfig: Applying CVar settings from Section [FoliageQuality@3] File [D:/unreal/FpsUnrealEngine/FpsUnreal/fpsPRoject/Saved/Config/Windows/Scalability.ini]
[2022.01.22-17.37.20:057][  0]LogConfig: Setting CVar [[foliage.DensityScale:1.0]]
[2022.01.22-17.37.20:057][  0]LogConfig: Setting CVar [[grass.DensityScale:1.0]]
[2022.01.22-17.37.20:057][  0]LogConfig: Applying CVar settings from Section [ShadingQuality@3] File [D:/unreal/FpsUnrealEngine/FpsUnreal/fpsPRoject/Saved/Config/Windows/Scalability.ini]
[2022.01.22-17.37.20:057][  0]LogConfig: Setting CVar [[r.HairStrands.SkyLighting.IntegrationType:2]]
[2022.01.22-17.37.20:057][  0]LogConfig: Setting CVar [[r.HairStrands.SkyAO.SampleCount:4]]
[2022.01.22-17.37.20:057][  0]LogConfig: Setting CVar [[r.HairStrands.Visibility.MSAA.SamplePerPixel:4]]
[2022.01.22-17.37.20:057][  0]LogConfig: Applying CVar settings from Section [Startup] File [../../../Engine/Config/ConsoleVariables.ini]
[2022.01.22-17.37.20:057][  0]LogConfig: Setting CVar [[net.UseAdaptiveNetUpdateFrequency:0]]
[2022.01.22-17.37.20:057][  0]LogConfig: Setting CVar [[p.chaos.AllowCreatePhysxBodies:1]]
[2022.01.22-17.37.20:057][  0]LogConfig: Setting CVar [[fx.SkipVectorVMBackendOptimizations:1]]
[2022.01.22-17.37.20:057][  0]LogConfig: Applying CVar settings from Section [ConsoleVariables] File [D:/unreal/FpsUnrealEngine/FpsUnreal/fpsPRoject/Saved/Config/Windows/Engine.ini]
[2022.01.22-17.37.20:057][  0]LogConfig: Applying CVar settings from Section [ConsoleVariables] File [D:/unreal/FpsUnrealEngine/FpsUnreal/fpsPRoject/Saved/Config/Windows/Editor.ini]
[2022.01.22-17.37.20:058][  0]LogInit: Computer: DESKTOP-GK13RSM
[2022.01.22-17.37.20:058][  0]LogInit: User: mikee
[2022.01.22-17.37.20:058][  0]LogInit: CPU Page size=4096, Cores=8
[2022.01.22-17.37.20:058][  0]LogInit: High frequency timer resolution =10.000000 MHz
[2022.01.22-17.37.20:058][  0]LogMemory: Memory total: Physical=15.9GB (16GB approx)
[2022.01.22-17.37.20:058][  0]LogMemory: Platform Memory Stats for Windows
[2022.01.22-17.37.20:058][  0]LogMemory: Process Physical Memory: 143.71 MB used, 143.72 MB peak
[2022.01.22-17.37.20:058][  0]LogMemory: Process Virtual Memory: 121.82 MB used, 121.82 MB peak
[2022.01.22-17.37.20:058][  0]LogMemory: Physical Memory: 7051.67 MB used,  9258.55 MB free, 16310.22 MB total
[2022.01.22-17.37.20:058][  0]LogMemory: Virtual Memory: 134198968.00 MB used,  18757.47 MB free, 134217728.00 MB total
[2022.01.22-17.37.20:062][  0]LogWindows: WindowsPlatformFeatures enabled
[2022.01.22-17.37.20:089][  0]LogInit: Physics initialised using underlying interface: PhysX
[2022.01.22-17.37.20:089][  0]LogInit: Using OS detected language (it-IT).
[2022.01.22-17.37.20:089][  0]LogInit: Using OS detected locale (it-IT).
[2022.01.22-17.37.20:091][  0]LogTextLocalizationManager: No specific localization for 'it-IT' exists, so the 'it' localization will be used.
[2022.01.22-17.37.20:091][  0]LogTextLocalizationResource: LocRes '../../../Engine/Content/Localization/Editor/it/Editor.locres' could not be opened for reading!
[2022.01.22-17.37.20:091][  0]LogTextLocalizationResource: LocRes '../../../Engine/Content/Localization/EditorTutorials/it/EditorTutorials.locres' could not be opened for reading!
[2022.01.22-17.37.20:091][  0]LogTextLocalizationResource: LocRes '../../../Engine/Content/Localization/Keywords/it/Keywords.locres' could not be opened for reading!
[2022.01.22-17.37.20:091][  0]LogTextLocalizationResource: LocRes '../../../Engine/Content/Localization/Category/it/Category.locres' could not be opened for reading!
[2022.01.22-17.37.20:091][  0]LogTextLocalizationResource: LocRes '../../../Engine/Content/Localization/ToolTips/it/ToolTips.locres' could not be opened for reading!
[2022.01.22-17.37.20:091][  0]LogTextLocalizationResource: LocRes '../../../Engine/Content/Localization/PropertyNames/it/PropertyNames.locres' could not be opened for reading!
[2022.01.22-17.37.20:091][  0]LogTextLocalizationResource: LocRes '../../../Engine/Content/Localization/Engine/it/Engine.locres' could not be opened for reading!
[2022.01.22-17.37.20:092][  0]LogInit: Setting process to per monitor DPI aware
[2022.01.22-17.37.20:101][  0]LogWindowsTextInputMethodSystem: Display: IME system deactivated.
[2022.01.22-17.37.20:112][  0]LogSlate: New Slate User Created.  User Index 0, Is Virtual User: 0
[2022.01.22-17.37.20:113][  0]LogSlate: Slate User Registered.  User Index 0, Is Virtual User: 0
[2022.01.22-17.37.20:210][  0]LogD3D11RHI: Loaded GFSDK_Aftermath_Lib.x64.dll
[2022.01.22-17.37.20:212][  0]LogD3D11RHI: D3D11 min allowed feature level: 11_0
[2022.01.22-17.37.20:212][  0]LogD3D11RHI: D3D11 max allowed feature level: 11_0
[2022.01.22-17.37.20:212][  0]LogD3D11RHI: D3D11 adapters:
[2022.01.22-17.37.20:309][  0]LogD3D11RHI:    0. 'NVIDIA GeForce RTX 3060' (Feature Level 11_0)
[2022.01.22-17.37.20:309][  0]LogD3D11RHI:       12143/0/8155 MB DedicatedVideo/DedicatedSystem/SharedSystem, Outputs:2, VendorId:0x10de
[2022.01.22-17.37.20:311][  0]LogD3D11RHI:    1. 'Microsoft Basic Render Driver' (Feature Level 11_0)
[2022.01.22-17.37.20:311][  0]LogD3D11RHI:       0/0/8155 MB DedicatedVideo/DedicatedSystem/SharedSystem, Outputs:0, VendorId:0x1414
[2022.01.22-17.37.20:311][  0]LogD3D11RHI: Chosen D3D11 Adapter:
[2022.01.22-17.37.20:311][  0]LogD3D11RHI:     Description : NVIDIA GeForce RTX 3060
[2022.01.22-17.37.20:311][  0]LogD3D11RHI:     VendorId    : 10de
[2022.01.22-17.37.20:311][  0]LogD3D11RHI:     DeviceId    : 2503
[2022.01.22-17.37.20:311][  0]LogD3D11RHI:     SubSysId    : 461719da
[2022.01.22-17.37.20:311][  0]LogD3D11RHI:     Revision    : 00a1
[2022.01.22-17.37.20:311][  0]LogD3D11RHI:     DedicatedVideoMemory : 12732858368 bytes
[2022.01.22-17.37.20:311][  0]LogD3D11RHI:     DedicatedSystemMemory : 0 bytes
[2022.01.22-17.37.20:311][  0]LogD3D11RHI:     SharedSystemMemory : 8551254016 bytes
[2022.01.22-17.37.20:311][  0]LogD3D11RHI:     AdapterLuid : 0 55909
[2022.01.22-17.37.20:318][  0]LogD3D11RHI: Creating new Direct3DDevice
[2022.01.22-17.37.20:318][  0]LogD3D11RHI:     GPU DeviceId: 0x2503 (for the marketing name, search the web for "GPU Device Id")
[2022.01.22-17.37.20:318][  0]LogWindows: EnumDisplayDevices:
[2022.01.22-17.37.20:318][  0]LogWindows:    0. 'NVIDIA GeForce RTX 3060' (P:1 D:1)
[2022.01.22-17.37.20:318][  0]LogWindows:    1. 'NVIDIA GeForce RTX 3060' (P:0 D:1)
[2022.01.22-17.37.20:318][  0]LogWindows:    2. 'NVIDIA GeForce RTX 3060' (P:0 D:0)
[2022.01.22-17.37.20:318][  0]LogWindows:    3. 'NVIDIA GeForce RTX 3060' (P:0 D:0)
[2022.01.22-17.37.20:318][  0]LogWindows: DebugString: FoundDriverCount:4 
[2022.01.22-17.37.20:318][  0]LogD3D11RHI:     Adapter Name: NVIDIA GeForce RTX 3060
[2022.01.22-17.37.20:318][  0]LogD3D11RHI:   Driver Version: 497.29 (internal:30.0.14.9729, unified:497.29)
[2022.01.22-17.37.20:318][  0]LogD3D11RHI:      Driver Date: 12-15-2021
[2022.01.22-17.37.20:318][  0]LogRHI: Texture pool is 8500 MB (70% of 12143 MB)
[2022.01.22-17.37.20:318][  0]LogD3D11RHI: Creating D3DDevice using adapter:
[2022.01.22-17.37.20:318][  0]LogD3D11RHI:     Description : NVIDIA GeForce RTX 3060
[2022.01.22-17.37.20:318][  0]LogD3D11RHI:     VendorId    : 10de
[2022.01.22-17.37.20:318][  0]LogD3D11RHI:     DeviceId    : 2503
[2022.01.22-17.37.20:318][  0]LogD3D11RHI:     SubSysId    : 461719da
[2022.01.22-17.37.20:318][  0]LogD3D11RHI:     Revision    : 00a1
[2022.01.22-17.37.20:319][  0]LogD3D11RHI:     DedicatedVideoMemory : 12732858368 bytes
[2022.01.22-17.37.20:319][  0]LogD3D11RHI:     DedicatedSystemMemory : 0 bytes
[2022.01.22-17.37.20:319][  0]LogD3D11RHI:     SharedSystemMemory : 8551254016 bytes
[2022.01.22-17.37.20:319][  0]LogD3D11RHI:     AdapterLuid : 0 55909
[2022.01.22-17.37.20:371][  0]LogD3D11RHI: RHI has support for 64 bit atomics
[2022.01.22-17.37.20:371][  0]LogD3D11RHI: Async texture creation enabled
[2022.01.22-17.37.20:371][  0]LogD3D11RHI: Array index from any shader is supported
[2022.01.22-17.37.20:372][  0]LogD3D11RHI: HDR output is supported on display 0 (NvId: 0x80061080).
[2022.01.22-17.37.20:397][  0]LogD3D11RHI: GPU Timing Frequency: 1000.000000 (Debug: 2 1)
[2022.01.22-17.37.20:415][  0]LogRHI: GeForceNow SDK initialized: 1
[2022.01.22-17.37.20:624][  0]LogTargetPlatformManager: Display: Loaded TargetPlatform 'AllDesktop'
[2022.01.22-17.37.20:641][  0]LogTargetPlatformManager: Display: Loaded TargetPlatform 'Android'
[2022.01.22-17.37.20:641][  0]LogTargetPlatformManager: Display: Loaded TargetPlatform 'Android_ASTC'
[2022.01.22-17.37.20:641][  0]LogTargetPlatformManager: Display: Loaded TargetPlatform 'Android_DXT'
[2022.01.22-17.37.20:641][  0]LogTargetPlatformManager: Display: Loaded TargetPlatform 'Android_ETC2'
[2022.01.22-17.37.20:641][  0]LogTargetPlatformManager: Display: Loaded TargetPlatform 'AndroidClient'
[2022.01.22-17.37.20:641][  0]LogTargetPlatformManager: Display: Loaded TargetPlatform 'Android_ASTCClient'
[2022.01.22-17.37.20:641][  0]LogTargetPlatformManager: Display: Loaded TargetPlatform 'Android_DXTClient'
[2022.01.22-17.37.20:641][  0]LogTargetPlatformManager: Display: Loaded TargetPlatform 'Android_ETC2Client'
[2022.01.22-17.37.20:641][  0]LogTargetPlatformManager: Display: Loaded TargetPlatform 'Android_Multi'
[2022.01.22-17.37.20:641][  0]LogTargetPlatformManager: Display: Loaded TargetPlatform 'Android_MultiClient'
[2022.01.22-17.37.20:655][  0]LogTargetPlatformManager: Display: Loaded TargetPlatform 'IOSClient'
[2022.01.22-17.37.20:655][  0]LogTargetPlatformManager: Display: Loaded TargetPlatform 'IOS'
[2022.01.22-17.37.20:662][  0]LogTargetPlatformManager: Display: Loaded TargetPlatform 'Linux'
[2022.01.22-17.37.20:665][  0]LogTargetPlatformManager: Display: Loaded TargetPlatform 'LinuxNoEditor'
[2022.01.22-17.37.20:668][  0]LogTargetPlatformManager: Display: Loaded TargetPlatform 'LinuxClient'
[2022.01.22-17.37.20:672][  0]LogTargetPlatformManager: Display: Loaded TargetPlatform 'LinuxServer'
[2022.01.22-17.37.20:678][  0]LogTargetPlatformManager: Display: Loaded TargetPlatform 'LinuxAArch64NoEditor'
[2022.01.22-17.37.20:681][  0]LogTargetPlatformManager: Display: Loaded TargetPlatform 'LinuxAArch64Client'
[2022.01.22-17.37.20:684][  0]LogTargetPlatformManager: Display: Loaded TargetPlatform 'LinuxAArch64Server'
[2022.01.22-17.37.20:703][  0]LogTargetPlatformManager: Display: Loaded TargetPlatform 'Lumin'
[2022.01.22-17.37.20:703][  0]LogTargetPlatformManager: Display: Loaded TargetPlatform 'LuminClient'
[2022.01.22-17.37.20:710][  0]LogTargetPlatformManager: Display: Loaded TargetPlatform 'MacNoEditor'
[2022.01.22-17.37.20:713][  0]LogTargetPlatformManager: Display: Loaded TargetPlatform 'Mac'
[2022.01.22-17.37.20:716][  0]LogTargetPlatformManager: Display: Loaded TargetPlatform 'MacClient'
[2022.01.22-17.37.20:719][  0]LogTargetPlatformManager: Display: Loaded TargetPlatform 'MacServer'
[2022.01.22-17.37.20:726][  0]LogTargetPlatformManager: Display: Loaded TargetPlatform 'TVOSClient'
[2022.01.22-17.37.20:726][  0]LogTargetPlatformManager: Display: Loaded TargetPlatform 'TVOS'
[2022.01.22-17.37.20:733][  0]LogTargetPlatformManager: Display: Loaded TargetPlatform 'WindowsNoEditor'
[2022.01.22-17.37.20:736][  0]LogTargetPlatformManager: Display: Loaded TargetPlatform 'Windows'
[2022.01.22-17.37.20:740][  0]LogTargetPlatformManager: Display: Loaded TargetPlatform 'WindowsClient'
[2022.01.22-17.37.20:743][  0]LogTargetPlatformManager: Display: Loaded TargetPlatform 'WindowsServer'
[2022.01.22-17.37.20:743][  0]LogTargetPlatformManager: Display: Building Assets For Windows
[2022.01.22-17.37.20:749][  0]LogAudioDebug: Display: Lib vorbis DLL was dynamically loaded.
[2022.01.22-17.37.20:770][  0]LogTextureFormatOodle: Display: Oodle Texture 2.9.0 init RDO Off
[2022.01.22-17.37.20:793][  0]LogRendererCore: Ray tracing is disabled. Reason: r.RayTracing=0.
[2022.01.22-17.37.20:793][  0]LogShaderCompilers: Guid format shader working directory is -6 characters bigger than the processId version (../../../../../FpsUnrealEngine/FpsUnreal/fpsPRoject/Intermediate/Shaders/WorkingDirectory/17652/).
[2022.01.22-17.37.20:793][  0]LogShaderCompilers: Cleaned the shader compiler working directory 'C:/Users/mikee/AppData/Local/Temp/UnrealShaderWorkingDir/371598B44AAD58C315B730B2A2ECA328/'.
[2022.01.22-17.37.20:793][  0]LogXGEController: Cannot use XGE Controller as Incredibuild is not installed on this machine.
[2022.01.22-17.37.20:793][  0]LogShaderCompilers: Cannot use XGE Shader Compiler as Incredibuild is not installed on this machine.
[2022.01.22-17.37.20:793][  0]LogShaderCompilers: Display: Using Local Shader Compiler.
[2022.01.22-17.37.21:382][  0]LogDerivedDataCache: Display: Max Cache Size: 512 MB
[2022.01.22-17.37.21:424][  0]LogDerivedDataCache: Loaded boot cache 0.04s 94MB C:/Users/mikee/AppData/Local/UnrealEngine/4.27/DerivedDataCache/Boot.ddc.
[2022.01.22-17.37.21:424][  0]LogDerivedDataCache: Display: Loaded Boot cache: C:/Users/mikee/AppData/Local/UnrealEngine/4.27/DerivedDataCache/Boot.ddc
[2022.01.22-17.37.21:425][  0]LogDerivedDataCache: FDerivedDataBackendGraph:  Pak pak cache file ../../../../../FpsUnrealEngine/FpsUnreal/fpsPRoject/DerivedDataCache/DDC.ddp not found, will not use a pak cache.
[2022.01.22-17.37.21:425][  0]LogDerivedDataCache: Unable to find inner node Pak for hierarchical cache Hierarchy.
[2022.01.22-17.37.21:425][  0]LogDerivedDataCache: FDerivedDataBackendGraph:  CompressedPak pak cache file ../../../../../FpsUnrealEngine/FpsUnreal/fpsPRoject/DerivedDataCache/Compressed.ddp not found, will not use a pak cache.
[2022.01.22-17.37.21:425][  0]LogDerivedDataCache: Unable to find inner node CompressedPak for hierarchical cache Hierarchy.
[2022.01.22-17.37.21:440][  0]LogDerivedDataCache: Display: Pak cache opened for reading ../../../Engine/DerivedDataCache/Compressed.ddp.
[2022.01.22-17.37.21:440][  0]LogDerivedDataCache: FDerivedDataBackendGraph:  EnterprisePak pak cache file ../../../Enterprise/DerivedDataCache/Compressed.ddp not found, will not use a pak cache.
[2022.01.22-17.37.21:440][  0]LogDerivedDataCache: Unable to find inner node EnterprisePak for hierarchical cache Hierarchy.
[2022.01.22-17.37.21:447][  0]LogDerivedDataCache: Speed tests for C:/Users/mikee/AppData/Local/UnrealEngine/Common/DerivedDataCache took 0.01 seconds
[2022.01.22-17.37.21:447][  0]LogDerivedDataCache: Display: Performance to C:/Users/mikee/AppData/Local/UnrealEngine/Common/DerivedDataCache: Latency=0.02ms. RandomReadSpeed=1752.80MBs, RandomWriteSpeed=174.80MBs. Assigned SpeedClass 'Local'
[2022.01.22-17.37.21:447][  0]LogDerivedDataCache: Using Local data cache path C:/Users/mikee/AppData/Local/UnrealEngine/Common/DerivedDataCache: Writable
[2022.01.22-17.37.21:447][  0]LogDerivedDataCache: Shared data cache path not found in *engine.ini, will not use an Shared cache.
[2022.01.22-17.37.21:448][  0]LogDerivedDataCache: Unable to find inner node Shared for hierarchical cache Hierarchy.
[2022.01.22-17.37.21:495][  0]LogSlate: Using FreeType 2.10.0
[2022.01.22-17.37.21:495][  0]LogSlate: SlateFontServices - WITH_FREETYPE: 1, WITH_HARFBUZZ: 1
[2022.01.22-17.37.21:512][  0]LogAssetRegistry: FAssetRegistry took 0.0023 seconds to start up
[2022.01.22-17.37.21:703][  0]LogInit: Selected Device Profile: [Windows]
[2022.01.22-17.37.21:703][  0]LogInit: Active device profile: [000001FA57DECD00][000001FA4BA1D6C0 49] Windows
[2022.01.22-17.37.21:703][  0]LogInit: Profiles: [000001FA57DECD00][000001FA4BA1D6C0 49] Windows, [000001FA57DC1F00][000001FA4BA25840 49] WindowsNoEditor, [000001FA57DEDC00][000001FA4BA299C0 49] WindowsServer, [000001FA57DC2D00][000001FA4BA2DB40 49] WindowsClient, [000001FA57DEE900][000001FA4BA30140 49] IOS, [000001FA57DC1600][000001FA5771C2C0 49] iPadAir, [000001FA57DEFE00][000001FA57720440 49] iPadAir2, [000001FA57D61100][000001FA57724680 49] IPadPro, [000001FA57D61200][000001FA4BA206C0 49] iPadAir3, [000001FA57DC0C00][000001FA57728800 49] iPadAir4, [000001FA57D61E00][000001FA5772C940 49] iPadMini2, [000001FA57DC2F00][000001FA57734AC0 49] iPadMini3, [000001FA57D63900][000001FA57738C40 49] iPadMini4, [000001FA57DC3E00][000001FA5773CDC0 49] iPadMini5, [000001FA57D94900][000001FA57745080 49] iPhone6, [000001FA57D94A00][000001FA577410C0 49] iPodTouch6, [000001FA57DEEE00][000001FA5774D380 49] iPhone7, [000001FA57DEEF00][000001FA577493C0 49] iPodTouch7, [000001FA57D63E00][000001FA57751540 49] iPhone5S, [000001FA57DED100][000001FA577556C0 49] iPhone6Plus, [000001FA57D94100][000001FA57759840 49] iPhone6S, [000001FA57D60300][000001FA5775D9C0 49] iPhone6SPlus, [000001FA57D96800][000001FA57761B40 49] iPhone7Plus, [000001FA57D62300][000001FA57768140 49] iPhoneSE, [000001FA57D96600][000001FA577702C0 49] iPhone8, [000001FA57D61000][000001FA57774440 49] iPhone8Plus, [000001FA57D97100][000001FA577785C0 49] iPhoneX, [000001FA57DED500][000001FA5777C740 49] iPhoneXS, [000001FA57D96B00][000001FA57730880 49] iPhoneXSMax, [000001FA57DEC700][000001FA577809C0 49] iPhoneXR, [000001FA57D94700][000001FA57784B00 49] iPhone11, [000001FA57DECE00][000001FA5778CC80 49] iPhone11Pro, [000001FA57D95A00][000001FA5880CE00 49] iPhone11ProMax, [000001FA57DEF800][000001FA58810F80 49] iPhoneSE2, [000001FA57D97800][000001FA58815100 49] iPhone12Mini, [000001FA57DEE300][000001FA58819280 49] iPhone12, [000001FA57D96300][000001FA588A3400 49] iPhone12Pro, [000001FA57DEC500][000001FA55A09580 49] iPhone12ProMax, [000001FA57D95500][000001FA55A11700 49] iPadPro105, [000001FA57DECA00][000001FA55A15880 49] iPadPro129, [000001FA57D97D00][000001FA55A19A00 49] iPadPro97, [000001FA57DED200][000001FA55A1DB80 49] iPadPro2_129, [000001FA57D96A00][000001FA55A20180 49] iPad5, [000001FA57DEDD00][000001FA55A24300 49] iPad6, [000001FA57D95300][000001FA55A28480 49] iPad7, [000001FA57DEFA00][000001FA55A2C600 49] iPad8, [000001FA57D94300][000001FA55A30780 49] iPadPro11, [000001FA57DEC100][000001FA55A3C900 49] iPadPro2_11, [000001FA57D95600][000001FA57788A40 49] iPadPro3_129, [000001FA57DEF300][000001FA55A40B80 49] iPadPro4_129, [000001FA57D95000][000001FA55A44CC0 49] AppleTV, [000001FA57DEDB00][000001FA55A4CE40 49] AppleTV4K, [000001FA57D97200][000001FA55A50FC0 49] TVOS, [000001FA57DEFB00][000001FA55A55140 49] Mac, [000001FA57D97700][000001FA55A592C0 49] MacClient, [000001FA57DEFF00][000001FA55A69440 49] MacNoEditor, [000001FA57D97000][000001FA55A6D5C0 49] MacServer, [000001FA57DEEC00][000001FA55A71740 49] Linux, [000001FA57D95D00][000001FA55A758C0 49] LinuxAArch64, [000001FA57DEEA00][000001FA55A79A40 49] LinuxNoEditor, [000001FA57D97900][000001FA55A7DBC0 49] LinuxAArch64NoEditor, [000001FA57DEF100][000001FA55A801C0 49] LinuxClient, [000001FA57D96F00][000001FA55B96340 49] LinuxAArch64Client, [000001FA57DEF200][000001FA55B9A4C0 49] LinuxServer, [000001FA57D97F00][000001FA55B9E640 49] LinuxAArch64Server, [000001FA57DEC200][000001FA55BA27C0 49] Android, [000001FA57D94500][000001FA55BA6940 49] Android_Low, [000001FA57DEE200][000001FA5127CAC0 49] Android_Mid, [000001FA57D97B00][000001FA55A48C00 49] Android_High, [000001FA57DEE000][000001FA51280D40 49] Android_Default, [000001FA57D97300][000001FA51284E80 49] Android_Adreno4xx, [000001FA57DEF700][000001FA51288FC0 49] Android_Adreno5xx_Low, [000001FA57D94B00][000001FA51299140 49] Android_Adreno5xx, [000001FA57DEE600][000001FA5136F2C0 49] Android_Adreno6xx, [000001FA57DC0500][000001FA5138F440 49] Android_Adreno6xx_Vulkan, [000001FA57D61300][000001FA513935C0 49] Android_Mali_T6xx, [000001FA57DC3700][000001FA51397740 49] Android_Mali_T7xx, [000001FA57D63300][000001FA5139B8C0 49] Android_Mali_T8xx, [000001FA57DC2A00][000001FA513A3A40 49] Android_Mali_G71, [000001FA57D62800][000001FA4E99FBC0 49] Android_Mali_G72, [000001FA57DC1000][000001FA4E9A21C0 49] Android_Mali_G72_Vulkan, [000001FA57D61500][000001FA4E9A6340 49] Android_Mali_G76, [000001FA57DC3900][000001FA4E9D04C0 49] Android_Mali_G76_Vulkan, [000001FA57D62C00][000001FA4E9D8640 49] Android_Mali_G77, [000001FA57DC3200][000001FA4ACDE7C0 49] Android_Mali_G77_Vulkan, [000001FA57D61700][000001FA4ACF2940 49] Android_Mali_G78, [000001FA57DC1E00][000001FA4AD02AC0 49] Android_Mali_G78_Vulkan, [000001FA57D60B00][000001FA4AD06C40 49] Android_Mali_G710, [000001FA57DC0300][000001FA51294D80 49] Android_Mali_G710_Vulkan, [000001FA57D60200][000001FA4AD0AEC0 49] Android_Vulkan_SM5, [000001FA57DC0800][000001FA58895000 49] Android_PowerVR_G6xxx, [000001FA57D62500][000001FA58899140 49] Android_PowerVR_GT7xxx, [000001FA57DC0E00][000001FA587FB2C0 49] Android_PowerVR_GE8xxx, [000001FA57D61400][000001FA587FF440 49] Android_PowerVR_GM9xxx, [000001FA57DC3000][000001FA588035C0 49] Android_PowerVR_GM9xxx_Vulkan, [000001FA57D60600][000001FA58807740 49] Android_TegraK1, [000001FA57DC1A00][000001FA59F918C0 49] Android_Unknown_Vulkan, [000001FA57D62100][000001FA59F95A40 49] Lumin, [000001FA57DC3D00][000001FA59F99BC0 49] Lumin_Desktop, [000001FA57D63400][000001FA513341C0 49] HoloLens, 
[2022.01.22-17.37.21:799][  0]LogMeshReduction: Using QuadricMeshReduction for automatic static mesh reduction
[2022.01.22-17.37.21:799][  0]LogMeshReduction: Using SimplygonMeshReduction for automatic skeletal mesh reduction
[2022.01.22-17.37.21:799][  0]LogMeshReduction: Using ProxyLODMeshReduction for automatic mesh merging
[2022.01.22-17.37.21:799][  0]LogMeshReduction: No distributed automatic mesh merging module available
[2022.01.22-17.37.21:799][  0]LogMeshMerging: No distributed automatic mesh merging module available
[2022.01.22-17.37.21:811][  0]LogNetVersion: fpsPRoject 1.0.0, NetCL: 17155196, EngineNetVer: 17, GameNetVer: 0 (Checksum: 551633527)
[2022.01.22-17.37.22:094][  0]LogTexture: Default maximum texture size for cubemaps generated from long-lat sources has been changed from 512 to unlimited. In order to preserve old behaiour for '/Engine/MapTemplates/Sky/DaylightAmbientCubemap.DaylightAmbientCubemap', its maximum texture size has been explicitly set to 512.
[2022.01.22-17.37.22:142][  0]LogUObjectArray: 16878 objects as part of root set at end of initial load.
[2022.01.22-17.37.22:142][  0]LogUObjectAllocator: 4218224 out of 0 bytes used by permanent object pool.
[2022.01.22-17.37.22:142][  0]LogUObjectArray: CloseDisregardForGC: 0/0 objects in disregard for GC pool
[2022.01.22-17.37.22:321][  0]LogNiagaraDebuggerClient: Niagara Debugger Client Initialized | Session: DE7196254475B3BC81AB7FB4F243A1BB | Instance: 6B4601FB4EBA31D024FAEEA1577B3154 (DESKTOP-GK13RSM-17652).
[2022.01.22-17.37.22:361][  0]LogPython: Using Python 3.7.7
[2022.01.22-17.37.22:825][  0]LogTcpMessaging: Initializing TcpMessaging bridge
[2022.01.22-17.37.22:828][  0]LogUdpMessaging: Initializing bridge on interface 0.0.0.0:0 to multicast group 230.0.0.1:6666.
[2022.01.22-17.37.22:895][  0]SourceControl: Source control is disabled
[2022.01.22-17.37.22:895][  0]SourceControl: Source control is disabled
[2022.01.22-17.37.22:897][  0]SourceControl: Source control is disabled
[2022.01.22-17.37.22:902][  0]SourceControl: Source control is disabled
[2022.01.22-17.37.22:908][  0]LogUProjectInfo: Found projects:
[2022.01.22-17.37.22:912][  0]SourceControl: Source control is disabled
[2022.01.22-17.37.23:053][  0]LogOpenImageDenoise: OIDN starting up
[2022.01.22-17.37.23:088][  0]LogAndroidPermission: UAndroidPermissionCallbackProxy::GetInstance
[2022.01.22-17.37.23:105][  0]LogAudioCaptureCore: Display: No Audio Capture implementations found. Audio input will be silent.
[2022.01.22-17.37.23:105][  0]LogAudioCaptureCore: Display: No Audio Capture implementations found. Audio input will be silent.
[2022.01.22-17.37.23:165][  0]LogCollectionManager: Loaded 0 collections in 0.000615 seconds
[2022.01.22-17.37.23:217][  0]LogFileCache: Scanning file cache for directory 'D:/unreal/FpsUnrealEngine/FpsUnreal/fpsPRoject/Saved/Collections/' took 0.00s
[2022.01.22-17.37.23:217][  0]LogFileCache: Scanning file cache for directory 'D:/unreal/FpsUnrealEngine/FpsUnreal/fpsPRoject/Content/Developers/mikee/Collections/' took 0.00s
[2022.01.22-17.37.23:217][  0]LogFileCache: Scanning file cache for directory 'D:/unreal/FpsUnrealEngine/FpsUnreal/fpsPRoject/Content/Collections/' took 0.00s
[2022.01.22-17.37.23:217][  0]LogEngine: Initializing Engine...
[2022.01.22-17.37.23:218][  0]LogMagicLeap: Warning: VR disabled because ZI is not enabled.  To enable, in the editor, Edit -> Project Settings -> Plugins -> Magic Leap Plugin -> Enable Zero Iteration
[2022.01.22-17.37.23:219][  0]LogStats: UGameplayTagsManager::InitializeManager -  0.000 s
[2022.01.22-17.37.23:299][  0]LogInit: Initializing FReadOnlyCVARCache
[2022.01.22-17.37.23:305][  0]LogAIModule: Creating AISystem for world Untitled
[2022.01.22-17.37.23:312][  0]LogAudio: Display: Initializing Audio Device Manager...
[2022.01.22-17.37.23:314][  0]LogAudio: Display: Loading Default Audio Settings Objects...
[2022.01.22-17.37.23:315][  0]LogAudio: Display: No default SoundConcurrencyObject specified (or failed to load).
[2022.01.22-17.37.23:315][  0]LogAudio: Display: Audio Device Manager Initialized
[2022.01.22-17.37.23:315][  0]LogAudio: Display: Creating Audio Device:                 Id: 1, Scope: Shared, Realtime: True
[2022.01.22-17.37.23:315][  0]LogAudioMixer: Display: Audio Mixer Platform Settings:
[2022.01.22-17.37.23:315][  0]LogAudioMixer: Display: 	Sample Rate:						  48000
[2022.01.22-17.37.23:315][  0]LogAudioMixer: Display: 	Callback Buffer Frame Size Requested: 1024
[2022.01.22-17.37.23:315][  0]LogAudioMixer: Display: 	Callback Buffer Frame Size To Use:	  1024
[2022.01.22-17.37.23:315][  0]LogAudioMixer: Display: 	Number of buffers to queue:			  2
[2022.01.22-17.37.23:315][  0]LogAudioMixer: Display: 	Max Channels (voices):				  32
[2022.01.22-17.37.23:315][  0]LogAudioMixer: Display: 	Number of Async Source Workers:		  0
[2022.01.22-17.37.23:315][  0]LogAudio: Display: AudioDevice MaxSources: 32
[2022.01.22-17.37.23:315][  0]LogAudio: Display: Audio Spatialization Plugin: None (built-in).
[2022.01.22-17.37.23:315][  0]LogAudio: Display: Audio Reverb Plugin: None (built-in).
[2022.01.22-17.37.23:315][  0]LogAudio: Display: Audio Occlusion Plugin: None (built-in).
[2022.01.22-17.37.23:315][  0]LogAudioMixer: Display: Initializing audio mixer.
[2022.01.22-17.37.23:327][  0]LogAudioMixer: Display: 0: FrontLeft
[2022.01.22-17.37.23:327][  0]LogAudioMixer: Display: 1: FrontRight
[2022.01.22-17.37.23:347][  0]LogAudioMixer: Display: Using Audio Device Altoparlanti (3- [AV] Samsung Soundbar R5-Series Stereo)
[2022.01.22-17.37.23:349][  0]LogAudioMixer: Display: Initializing Sound Submixes...
[2022.01.22-17.37.23:350][  0]LogAudioMixer: Display: Creating Master Submix 'MasterSubmixDefault'
[2022.01.22-17.37.23:350][  0]LogAudioMixer: Display: Creating Master Submix 'MasterReverbSubmixDefault'
[2022.01.22-17.37.23:351][  0]LogAudioMixer: Display: Creating Master Submix 'MasterEQSubmixDefault'
[2022.01.22-17.37.23:351][  0]LogAudioMixer: FMixerPlatformXAudio2::StartAudioStream() called
[2022.01.22-17.37.23:351][  0]LogAudioMixer: Display: Output buffers initialized: Frames=1024, Channels=2, Samples=2048
[2022.01.22-17.37.23:352][  0]LogAudioMixer: Display: Starting AudioMixerPlatformInterface::RunInternal()
[2022.01.22-17.37.23:352][  0]LogAudioMixer: Display: FMixerPlatformXAudio2::SubmitBuffer() called for the first time
[2022.01.22-17.37.23:352][  0]LogInit: FAudioDevice initialized.
[2022.01.22-17.37.23:352][  0]LogAudio: Display: Audio Device (ID: 1) registered with world 'Untitled'.
[2022.01.22-17.37.23:352][  0]LogNetVersion: Set ProjectVersion to 1.0.0.0. Version Checksum will be recalculated on next use.
[2022.01.22-17.37.23:429][  0]LogDerivedDataCache: Saved boot cache 0.08s 94MB C:/Users/mikee/AppData/Local/UnrealEngine/4.27/DerivedDataCache/Boot.ddc.
[2022.01.22-17.37.23:430][  0]LogInit: Texture streaming: Enabled
[2022.01.22-17.37.23:438][  0]LogAnalytics: Display: [UEEditor.Rocket.Release] APIServer = https://datarouter.ol.epicgames.com/. AppVersion = 4.27.2-18319896+++UE4+Release-4.27
[2022.01.22-17.37.23:440][  0]LogEngineSessionManager: EngineSessionManager initialized
[2022.01.22-17.37.23:441][  0]LogEditorSessionSummary: Verbose: Initializing EditorSessionSummaryWriter for editor session tracking
[2022.01.22-17.37.23:442][  0]LogEditorSessionSummary: EditorSessionSummaryWriter initialized
[2022.01.22-17.37.23:461][  0]LogInit: Transaction tracking system initialized
[2022.01.22-17.37.23:477][  0]BlueprintLog: New page: Editor Load
[2022.01.22-17.37.23:527][  0]LocalizationService: Localization service is disabled
[2022.01.22-17.37.23:544][  0]TimingProfiler: Initialize
[2022.01.22-17.37.23:544][  0]TimingProfiler: OnSessionChanged
[2022.01.22-17.37.23:544][  0]LoadingProfiler: Initialize
[2022.01.22-17.37.23:545][  0]LoadingProfiler: OnSessionChanged
[2022.01.22-17.37.23:545][  0]NetworkingProfiler: Initialize
[2022.01.22-17.37.23:545][  0]NetworkingProfiler: OnSessionChanged
[2022.01.22-17.37.23:545][  0]MemoryProfiler: Initialize
[2022.01.22-17.37.23:545][  0]MemoryProfiler: OnSessionChanged
[2022.01.22-17.37.23:645][  0]LogCook: Display: CookSettings for Memory: MemoryMaxUsedVirtual 0MiB, MemoryMaxUsedPhysical 16384MiB, MemoryMinFreeVirtual 0MiB, MemoryMinFreePhysical 1024MiB
[2022.01.22-17.37.23:645][  0]LogCook: Display: Mobile HDR setting 1
[2022.01.22-17.37.23:756][  0]LogFileCache: Scanning file cache for directory 'D:/unreal/FpsUnrealEngine/FpsUnreal/fpsPRoject/Content/' took 0.01s
[2022.01.22-17.37.23:756][  0]LogInit: Display: Engine is initialized. Leaving FEngineLoop::Init()
[2022.01.22-17.37.23:758][  0]SourceControl: Source control is disabled
[2022.01.22-17.37.23:758][  0]LogUnrealEdMisc: Loading editor; pre map load, took 4.450
[2022.01.22-17.37.23:758][  0]Cmd: MAP LOAD FILE="../../../../../FpsUnrealEngine/FpsUnreal/fpsPRoject/Content/Maps/NewMap.umap" TEMPLATE=0 SHOWPROGRESS=1 FEATURELEVEL=3
[2022.01.22-17.37.23:758][  0]LightingResults: New page: Lighting Build
[2022.01.22-17.37.23:759][  0]LogWorld: UWorld::CleanupWorld for Untitled, bSessionEnded=true, bCleanupResources=true
[2022.01.22-17.37.23:759][  0]LogSlate: InvalidateAllWidgets triggered.  All widgets were invalidated
[2022.01.22-17.37.23:760][  0]MapCheck: New page: Map Check
[2022.01.22-17.37.23:760][  0]LightingResults: New page: Lighting Build
[2022.01.22-17.37.23:762][  0]LogAudio: Display: Audio Device unregistered from world 'None'.
[2022.01.22-17.37.23:764][  0]LogUObjectHash: Compacting FUObjectHashTables data took   0.73ms
[2022.01.22-17.37.24:002][  0]LogBlueprint: Warning: [AssetLog] D:\unreal\FpsUnrealEngine\FpsUnreal\fpsPRoject\Content\AnimStarterPack\Ue4ASP_Character.uasset: [Compiler] InputAction Event references unknown Action 'Crouch' for  InputAction Crouch
[2022.01.22-17.37.24:003][  0]LogBlueprint: Warning: [AssetLog] D:\unreal\FpsUnrealEngine\FpsUnreal\fpsPRoject\Content\AnimStarterPack\Ue4ASP_Character.uasset: [Compiler] Input Axis Event references unknown Axis 'MoveForward' for  InputAxis MoveForward
[2022.01.22-17.37.24:003][  0]LogBlueprint: Warning: [AssetLog] D:\unreal\FpsUnrealEngine\FpsUnreal\fpsPRoject\Content\AnimStarterPack\Ue4ASP_Character.uasset: [Compiler] Input Axis Event references unknown Axis 'LookUp' for  InputAxis LookUp
[2022.01.22-17.37.24:003][  0]LogBlueprint: Warning: [AssetLog] D:\unreal\FpsUnrealEngine\FpsUnreal\fpsPRoject\Content\AnimStarterPack\Ue4ASP_Character.uasset: [Compiler] Input Axis Event references unknown Axis 'Turn' for  InputAxis Turn
[2022.01.22-17.37.24:003][  0]LogBlueprint: Warning: [AssetLog] D:\unreal\FpsUnrealEngine\FpsUnreal\fpsPRoject\Content\AnimStarterPack\Ue4ASP_Character.uasset: [Compiler] Input Axis Event references unknown Axis 'MoveRight' for  InputAxis MoveRight
[2022.01.22-17.37.24:782][  0]LogAudio: Display: Audio Device (ID: 1) registered with world 'NewMap'.
[2022.01.22-17.37.24:782][  0]LogAIModule: Creating AISystem for world NewMap
[2022.01.22-17.37.24:803][  0]LogEditorServer: Finished looking for orphan Actors (0.000 secs)
[2022.01.22-17.37.24:810][  0]LogUObjectHash: Compacting FUObjectHashTables data took   0.85ms
[2022.01.22-17.37.24:811][  0]Cmd: MAP CHECKDEP NOCLEARLOG
[2022.01.22-17.37.24:811][  0]MapCheck: Map check complete: 0 Error(s), 0 Warning(s), took 0,118ms to complete.
[2022.01.22-17.37.24:811][  0]LogFileHelpers: Loading map 'NewMap' took 1.053
[2022.01.22-17.37.24:813][  0]LogUnrealEdMisc: Total Editor Startup Time, took 5.505
[2022.01.22-17.37.24:952][  0]LogSlate: Updating window title bar state: overlay mode, drag disabled, window buttons hidden, title bar hidden
[2022.01.22-17.37.24:958][  0]LogSlate: Updating window title bar state: overlay mode, drag disabled, window buttons hidden, title bar hidden
[2022.01.22-17.37.24:962][  0]LogSlate: Updating window title bar state: overlay mode, drag disabled, window buttons hidden, title bar hidden
[2022.01.22-17.37.24:967][  0]LogSlate: Updating window title bar state: overlay mode, drag disabled, window buttons hidden, title bar hidden
[2022.01.22-17.37.24:999][  0]LogNativeClassHierarchy: Verbose: Native class hierarchy populated in 0.0083 seconds. Added 3714 classes and 868 folders.
[2022.01.22-17.37.25:015][  0]LogNativeClassHierarchy: Verbose: Native class hierarchy updated for 'WidgetCarousel' in 0.0002 seconds. Added 0 classes and 0 folders.
[2022.01.22-17.37.25:029][  0]LogPakFile: PakFile PrimaryIndexSize=187
[2022.01.22-17.37.25:029][  0]LogPakFile: PakFile PathHashIndexSize=101
[2022.01.22-17.37.25:029][  0]LogPakFile: PakFile FullDirectoryIndexSize=148
[2022.01.22-17.37.25:029][  0]LogShaderLibrary: Display: ShaderCodeLibraryPakFileMountedCallback: PakFile 'D:/unreal/unreal/UE_4.27/FeaturePacks/FP_FirstPerson.upack' (chunk index -1, root 'root:/') mounted
[2022.01.22-17.37.25:029][  0]LogShaderLibrary: Display: ShaderCodeLibraryPakFileMountedCallback: pending pak file info (ChunkID:-1 Root:root:/ File:D:/unreal/unreal/UE_4.27/FeaturePacks/FP_FirstPerson.upack)
[2022.01.22-17.37.25:029][  0]LogPakFile: OnPakFileMounted2Time == 0.000045
[2022.01.22-17.37.25:036][  0]LogPakFile: PakFile PrimaryIndexSize=189
[2022.01.22-17.37.25:036][  0]LogPakFile: PakFile PathHashIndexSize=101
[2022.01.22-17.37.25:036][  0]LogPakFile: PakFile FullDirectoryIndexSize=152
[2022.01.22-17.37.25:036][  0]LogShaderLibrary: Display: ShaderCodeLibraryPakFileMountedCallback: PakFile 'D:/unreal/unreal/UE_4.27/FeaturePacks/FP_FirstPersonBP.upack' (chunk index -1, root 'root:/') mounted
[2022.01.22-17.37.25:036][  0]LogShaderLibrary: Display: ShaderCodeLibraryPakFileMountedCallback: pending pak file info (ChunkID:-1 Root:root:/ File:D:/unreal/unreal/UE_4.27/FeaturePacks/FP_FirstPersonBP.upack)
[2022.01.22-17.37.25:036][  0]LogPakFile: OnPakFileMounted2Time == 0.000034
[2022.01.22-17.37.25:041][  0]LogPakFile: PakFile PrimaryIndexSize=191
[2022.01.22-17.37.25:041][  0]LogPakFile: PakFile PathHashIndexSize=101
[2022.01.22-17.37.25:041][  0]LogPakFile: PakFile FullDirectoryIndexSize=160
[2022.01.22-17.37.25:041][  0]LogShaderLibrary: Display: ShaderCodeLibraryPakFileMountedCallback: PakFile 'D:/unreal/unreal/UE_4.27/FeaturePacks/MobileStarterContent.upack' (chunk index -1, root 'root:/') mounted
[2022.01.22-17.37.25:041][  0]LogShaderLibrary: Display: ShaderCodeLibraryPakFileMountedCallback: pending pak file info (ChunkID:-1 Root:root:/ File:D:/unreal/unreal/UE_4.27/FeaturePacks/MobileStarterContent.upack)
[2022.01.22-17.37.25:041][  0]LogPakFile: OnPakFileMounted2Time == 0.000029
[2022.01.22-17.37.25:046][  0]LogPakFile: PakFile PrimaryIndexSize=185
[2022.01.22-17.37.25:046][  0]LogPakFile: PakFile PathHashIndexSize=101
[2022.01.22-17.37.25:046][  0]LogPakFile: PakFile FullDirectoryIndexSize=148
[2022.01.22-17.37.25:046][  0]LogShaderLibrary: Display: ShaderCodeLibraryPakFileMountedCallback: PakFile 'D:/unreal/unreal/UE_4.27/FeaturePacks/StarterContent.upack' (chunk index -1, root 'root:/') mounted
[2022.01.22-17.37.25:046][  0]LogShaderLibrary: Display: ShaderCodeLibraryPakFileMountedCallback: pending pak file info (ChunkID:-1 Root:root:/ File:D:/unreal/unreal/UE_4.27/FeaturePacks/StarterContent.upack)
[2022.01.22-17.37.25:046][  0]LogPakFile: OnPakFileMounted2Time == 0.000031
[2022.01.22-17.37.25:050][  0]LogPakFile: PakFile PrimaryIndexSize=190
[2022.01.22-17.37.25:050][  0]LogPakFile: PakFile PathHashIndexSize=101
[2022.01.22-17.37.25:050][  0]LogPakFile: PakFile FullDirectoryIndexSize=154
[2022.01.22-17.37.25:050][  0]LogShaderLibrary: Display: ShaderCodeLibraryPakFileMountedCallback: PakFile 'D:/unreal/unreal/UE_4.27/FeaturePacks/TP_2DSideScroller.upack' (chunk index -1, root 'root:/') mounted
[2022.01.22-17.37.25:050][  0]LogShaderLibrary: Display: ShaderCodeLibraryPakFileMountedCallback: pending pak file info (ChunkID:-1 Root:root:/ File:D:/unreal/unreal/UE_4.27/FeaturePacks/TP_2DSideScroller.upack)
[2022.01.22-17.37.25:050][  0]LogPakFile: OnPakFileMounted2Time == 0.000032
[2022.01.22-17.37.25:054][  0]LogPakFile: PakFile PrimaryIndexSize=192
[2022.01.22-17.37.25:054][  0]LogPakFile: PakFile PathHashIndexSize=101
[2022.01.22-17.37.25:054][  0]LogPakFile: PakFile FullDirectoryIndexSize=158
[2022.01.22-17.37.25:054][  0]LogShaderLibrary: Display: ShaderCodeLibraryPakFileMountedCallback: PakFile 'D:/unreal/unreal/UE_4.27/FeaturePacks/TP_2DSideScrollerBP.upack' (chunk index -1, root 'root:/') mounted
[2022.01.22-17.37.25:054][  0]LogShaderLibrary: Display: ShaderCodeLibraryPakFileMountedCallback: pending pak file info (ChunkID:-1 Root:root:/ File:D:/unreal/unreal/UE_4.27/FeaturePacks/TP_2DSideScrollerBP.upack)
[2022.01.22-17.37.25:054][  0]LogPakFile: OnPakFileMounted2Time == 0.000028
[2022.01.22-17.37.25:058][  0]LogPakFile: PakFile PrimaryIndexSize=182
[2022.01.22-17.37.25:058][  0]LogPakFile: PakFile PathHashIndexSize=101
[2022.01.22-17.37.25:058][  0]LogPakFile: PakFile FullDirectoryIndexSize=138
[2022.01.22-17.37.25:058][  0]LogShaderLibrary: Display: ShaderCodeLibraryPakFileMountedCallback: PakFile 'D:/unreal/unreal/UE_4.27/FeaturePacks/TP_Flying.upack' (chunk index -1, root 'root:/') mounted
[2022.01.22-17.37.25:058][  0]LogShaderLibrary: Display: ShaderCodeLibraryPakFileMountedCallback: pending pak file info (ChunkID:-1 Root:root:/ File:D:/unreal/unreal/UE_4.27/FeaturePacks/TP_Flying.upack)
[2022.01.22-17.37.25:058][  0]LogPakFile: OnPakFileMounted2Time == 0.000029
[2022.01.22-17.37.25:063][  0]LogPakFile: PakFile PrimaryIndexSize=184
[2022.01.22-17.37.25:063][  0]LogPakFile: PakFile PathHashIndexSize=101
[2022.01.22-17.37.25:063][  0]LogPakFile: PakFile FullDirectoryIndexSize=142
[2022.01.22-17.37.25:063][  0]LogShaderLibrary: Display: ShaderCodeLibraryPakFileMountedCallback: PakFile 'D:/unreal/unreal/UE_4.27/FeaturePacks/TP_FlyingBP.upack' (chunk index -1, root 'root:/') mounted
[2022.01.22-17.37.25:063][  0]LogShaderLibrary: Display: ShaderCodeLibraryPakFileMountedCallback: pending pak file info (ChunkID:-1 Root:root:/ File:D:/unreal/unreal/UE_4.27/FeaturePacks/TP_FlyingBP.upack)
[2022.01.22-17.37.25:063][  0]LogPakFile: OnPakFileMounted2Time == 0.000026
[2022.01.22-17.37.25:068][  0]LogPakFile: PakFile PrimaryIndexSize=188
[2022.01.22-17.37.25:068][  0]LogPakFile: PakFile PathHashIndexSize=101
[2022.01.22-17.37.25:068][  0]LogPakFile: PakFile FullDirectoryIndexSize=150
[2022.01.22-17.37.25:068][  0]LogShaderLibrary: Display: ShaderCodeLibraryPakFileMountedCallback: PakFile 'D:/unreal/unreal/UE_4.27/FeaturePacks/TP_HandheldARBP.upack' (chunk index -1, root 'root:/') mounted
[2022.01.22-17.37.25:068][  0]LogShaderLibrary: Display: ShaderCodeLibraryPakFileMountedCallback: pending pak file info (ChunkID:-1 Root:root:/ File:D:/unreal/unreal/UE_4.27/FeaturePacks/TP_HandheldARBP.upack)
[2022.01.22-17.37.25:068][  0]LogPakFile: OnPakFileMounted2Time == 0.000029
[2022.01.22-17.37.25:076][  0]LogPakFile: PakFile PrimaryIndexSize=182
[2022.01.22-17.37.25:076][  0]LogPakFile: PakFile PathHashIndexSize=101
[2022.01.22-17.37.25:076][  0]LogPakFile: PakFile FullDirectoryIndexSize=138
[2022.01.22-17.37.25:076][  0]LogShaderLibrary: Display: ShaderCodeLibraryPakFileMountedCallback: PakFile 'D:/unreal/unreal/UE_4.27/FeaturePacks/TP_Puzzle.upack' (chunk index -1, root 'root:/') mounted
[2022.01.22-17.37.25:076][  0]LogShaderLibrary: Display: ShaderCodeLibraryPakFileMountedCallback: pending pak file info (ChunkID:-1 Root:root:/ File:D:/unreal/unreal/UE_4.27/FeaturePacks/TP_Puzzle.upack)
[2022.01.22-17.37.25:076][  0]LogPakFile: OnPakFileMounted2Time == 0.000028
[2022.01.22-17.37.25:079][  0]LogPakFile: PakFile PrimaryIndexSize=184
[2022.01.22-17.37.25:079][  0]LogPakFile: PakFile PathHashIndexSize=101
[2022.01.22-17.37.25:079][  0]LogPakFile: PakFile FullDirectoryIndexSize=142
[2022.01.22-17.37.25:079][  0]LogShaderLibrary: Display: ShaderCodeLibraryPakFileMountedCallback: PakFile 'D:/unreal/unreal/UE_4.27/FeaturePacks/TP_PuzzleBP.upack' (chunk index -1, root 'root:/') mounted
[2022.01.22-17.37.25:079][  0]LogShaderLibrary: Display: ShaderCodeLibraryPakFileMountedCallback: pending pak file info (ChunkID:-1 Root:root:/ File:D:/unreal/unreal/UE_4.27/FeaturePacks/TP_PuzzleBP.upack)
[2022.01.22-17.37.25:079][  0]LogPakFile: OnPakFileMounted2Time == 0.000030
[2022.01.22-17.37.25:083][  0]LogPakFile: PakFile PrimaryIndexSize=183
[2022.01.22-17.37.25:083][  0]LogPakFile: PakFile PathHashIndexSize=101
[2022.01.22-17.37.25:083][  0]LogPakFile: PakFile FullDirectoryIndexSize=140
[2022.01.22-17.37.25:083][  0]LogShaderLibrary: Display: ShaderCodeLibraryPakFileMountedCallback: PakFile 'D:/unreal/unreal/UE_4.27/FeaturePacks/TP_Rolling.upack' (chunk index -1, root 'root:/') mounted
[2022.01.22-17.37.25:083][  0]LogShaderLibrary: Display: ShaderCodeLibraryPakFileMountedCallback: pending pak file info (ChunkID:-1 Root:root:/ File:D:/unreal/unreal/UE_4.27/FeaturePacks/TP_Rolling.upack)
[2022.01.22-17.37.25:083][  0]LogPakFile: OnPakFileMounted2Time == 0.000026
[2022.01.22-17.37.25:087][  0]LogPakFile: PakFile PrimaryIndexSize=185
[2022.01.22-17.37.25:087][  0]LogPakFile: PakFile PathHashIndexSize=101
[2022.01.22-17.37.25:087][  0]LogPakFile: PakFile FullDirectoryIndexSize=144
[2022.01.22-17.37.25:087][  0]LogShaderLibrary: Display: ShaderCodeLibraryPakFileMountedCallback: PakFile 'D:/unreal/unreal/UE_4.27/FeaturePacks/TP_RollingBP.upack' (chunk index -1, root 'root:/') mounted
[2022.01.22-17.37.25:087][  0]LogShaderLibrary: Display: ShaderCodeLibraryPakFileMountedCallback: pending pak file info (ChunkID:-1 Root:root:/ File:D:/unreal/unreal/UE_4.27/FeaturePacks/TP_RollingBP.upack)
[2022.01.22-17.37.25:087][  0]LogPakFile: OnPakFileMounted2Time == 0.000026
[2022.01.22-17.37.25:091][  0]LogPakFile: PakFile PrimaryIndexSize=188
[2022.01.22-17.37.25:091][  0]LogPakFile: PakFile PathHashIndexSize=101
[2022.01.22-17.37.25:091][  0]LogPakFile: PakFile FullDirectoryIndexSize=150
[2022.01.22-17.37.25:091][  0]LogShaderLibrary: Display: ShaderCodeLibraryPakFileMountedCallback: PakFile 'D:/unreal/unreal/UE_4.27/FeaturePacks/TP_SideScroller.upack' (chunk index -1, root 'root:/') mounted
[2022.01.22-17.37.25:091][  0]LogShaderLibrary: Display: ShaderCodeLibraryPakFileMountedCallback: pending pak file info (ChunkID:-1 Root:root:/ File:D:/unreal/unreal/UE_4.27/FeaturePacks/TP_SideScroller.upack)
[2022.01.22-17.37.25:091][  0]LogPakFile: OnPakFileMounted2Time == 0.000032
[2022.01.22-17.37.25:095][  0]LogPakFile: PakFile PrimaryIndexSize=190
[2022.01.22-17.37.25:095][  0]LogPakFile: PakFile PathHashIndexSize=101
[2022.01.22-17.37.25:095][  0]LogPakFile: PakFile FullDirectoryIndexSize=154
[2022.01.22-17.37.25:095][  0]LogShaderLibrary: Display: ShaderCodeLibraryPakFileMountedCallback: PakFile 'D:/unreal/unreal/UE_4.27/FeaturePacks/TP_SideScrollerBP.upack' (chunk index -1, root 'root:/') mounted
[2022.01.22-17.37.25:095][  0]LogShaderLibrary: Display: ShaderCodeLibraryPakFileMountedCallback: pending pak file info (ChunkID:-1 Root:root:/ File:D:/unreal/unreal/UE_4.27/FeaturePacks/TP_SideScrollerBP.upack)
[2022.01.22-17.37.25:095][  0]LogPakFile: OnPakFileMounted2Time == 0.000027
[2022.01.22-17.37.25:100][  0]LogPakFile: PakFile PrimaryIndexSize=187
[2022.01.22-17.37.25:100][  0]LogPakFile: PakFile PathHashIndexSize=101
[2022.01.22-17.37.25:100][  0]LogPakFile: PakFile FullDirectoryIndexSize=148
[2022.01.22-17.37.25:100][  0]LogShaderLibrary: Display: ShaderCodeLibraryPakFileMountedCallback: PakFile 'D:/unreal/unreal/UE_4.27/FeaturePacks/TP_ThirdPerson.upack' (chunk index -1, root 'root:/') mounted
[2022.01.22-17.37.25:100][  0]LogShaderLibrary: Display: ShaderCodeLibraryPakFileMountedCallback: pending pak file info (ChunkID:-1 Root:root:/ File:D:/unreal/unreal/UE_4.27/FeaturePacks/TP_ThirdPerson.upack)
[2022.01.22-17.37.25:100][  0]LogPakFile: OnPakFileMounted2Time == 0.000026
[2022.01.22-17.37.25:105][  0]LogPakFile: PakFile PrimaryIndexSize=189
[2022.01.22-17.37.25:105][  0]LogPakFile: PakFile PathHashIndexSize=101
[2022.01.22-17.37.25:105][  0]LogPakFile: PakFile FullDirectoryIndexSize=152
[2022.01.22-17.37.25:105][  0]LogShaderLibrary: Display: ShaderCodeLibraryPakFileMountedCallback: PakFile 'D:/unreal/unreal/UE_4.27/FeaturePacks/TP_ThirdPersonBP.upack' (chunk index -1, root 'root:/') mounted
[2022.01.22-17.37.25:105][  0]LogShaderLibrary: Display: ShaderCodeLibraryPakFileMountedCallback: pending pak file info (ChunkID:-1 Root:root:/ File:D:/unreal/unreal/UE_4.27/FeaturePacks/TP_ThirdPersonBP.upack)
[2022.01.22-17.37.25:105][  0]LogPakFile: OnPakFileMounted2Time == 0.000031
[2022.01.22-17.37.25:109][  0]LogPakFile: PakFile PrimaryIndexSize=183
[2022.01.22-17.37.25:109][  0]LogPakFile: PakFile PathHashIndexSize=101
[2022.01.22-17.37.25:109][  0]LogPakFile: PakFile FullDirectoryIndexSize=140
[2022.01.22-17.37.25:109][  0]LogShaderLibrary: Display: ShaderCodeLibraryPakFileMountedCallback: PakFile 'D:/unreal/unreal/UE_4.27/FeaturePacks/TP_TopDown.upack' (chunk index -1, root 'root:/') mounted
[2022.01.22-17.37.25:109][  0]LogShaderLibrary: Display: ShaderCodeLibraryPakFileMountedCallback: pending pak file info (ChunkID:-1 Root:root:/ File:D:/unreal/unreal/UE_4.27/FeaturePacks/TP_TopDown.upack)
[2022.01.22-17.37.25:109][  0]LogPakFile: OnPakFileMounted2Time == 0.000033
[2022.01.22-17.37.25:114][  0]LogPakFile: PakFile PrimaryIndexSize=185
[2022.01.22-17.37.25:114][  0]LogPakFile: PakFile PathHashIndexSize=101
[2022.01.22-17.37.25:114][  0]LogPakFile: PakFile FullDirectoryIndexSize=144
[2022.01.22-17.37.25:114][  0]LogShaderLibrary: Display: ShaderCodeLibraryPakFileMountedCallback: PakFile 'D:/unreal/unreal/UE_4.27/FeaturePacks/TP_TopDownBP.upack' (chunk index -1, root 'root:/') mounted
[2022.01.22-17.37.25:114][  0]LogShaderLibrary: Display: ShaderCodeLibraryPakFileMountedCallback: pending pak file info (ChunkID:-1 Root:root:/ File:D:/unreal/unreal/UE_4.27/FeaturePacks/TP_TopDownBP.upack)
[2022.01.22-17.37.25:114][  0]LogPakFile: OnPakFileMounted2Time == 0.000026
[2022.01.22-17.37.25:121][  0]LogPakFile: PakFile PrimaryIndexSize=185
[2022.01.22-17.37.25:121][  0]LogPakFile: PakFile PathHashIndexSize=101
[2022.01.22-17.37.25:121][  0]LogPakFile: PakFile FullDirectoryIndexSize=144
[2022.01.22-17.37.25:121][  0]LogShaderLibrary: Display: ShaderCodeLibraryPakFileMountedCallback: PakFile 'D:/unreal/unreal/UE_4.27/FeaturePacks/TP_TwinStick.upack' (chunk index -1, root 'root:/') mounted
[2022.01.22-17.37.25:121][  0]LogShaderLibrary: Display: ShaderCodeLibraryPakFileMountedCallback: pending pak file info (ChunkID:-1 Root:root:/ File:D:/unreal/unreal/UE_4.27/FeaturePacks/TP_TwinStick.upack)
[2022.01.22-17.37.25:121][  0]LogPakFile: OnPakFileMounted2Time == 0.000027
[2022.01.22-17.37.25:125][  0]LogPakFile: PakFile PrimaryIndexSize=187
[2022.01.22-17.37.25:125][  0]LogPakFile: PakFile PathHashIndexSize=101
[2022.01.22-17.37.25:125][  0]LogPakFile: PakFile FullDirectoryIndexSize=148
[2022.01.22-17.37.25:125][  0]LogShaderLibrary: Display: ShaderCodeLibraryPakFileMountedCallback: PakFile 'D:/unreal/unreal/UE_4.27/FeaturePacks/TP_TwinStickBP.upack' (chunk index -1, root 'root:/') mounted
[2022.01.22-17.37.25:125][  0]LogShaderLibrary: Display: ShaderCodeLibraryPakFileMountedCallback: pending pak file info (ChunkID:-1 Root:root:/ File:D:/unreal/unreal/UE_4.27/FeaturePacks/TP_TwinStickBP.upack)
[2022.01.22-17.37.25:125][  0]LogPakFile: OnPakFileMounted2Time == 0.000026
[2022.01.22-17.37.25:129][  0]LogPakFile: PakFile PrimaryIndexSize=183
[2022.01.22-17.37.25:129][  0]LogPakFile: PakFile PathHashIndexSize=101
[2022.01.22-17.37.25:129][  0]LogPakFile: PakFile FullDirectoryIndexSize=140
[2022.01.22-17.37.25:129][  0]LogShaderLibrary: Display: ShaderCodeLibraryPakFileMountedCallback: PakFile 'D:/unreal/unreal/UE_4.27/FeaturePacks/TP_Vehicle.upack' (chunk index -1, root 'root:/') mounted
[2022.01.22-17.37.25:129][  0]LogShaderLibrary: Display: ShaderCodeLibraryPakFileMountedCallback: pending pak file info (ChunkID:-1 Root:root:/ File:D:/unreal/unreal/UE_4.27/FeaturePacks/TP_Vehicle.upack)
[2022.01.22-17.37.25:129][  0]LogPakFile: OnPakFileMounted2Time == 0.000026
[2022.01.22-17.37.25:134][  0]LogPakFile: PakFile PrimaryIndexSize=186
[2022.01.22-17.37.25:134][  0]LogPakFile: PakFile PathHashIndexSize=101
[2022.01.22-17.37.25:134][  0]LogPakFile: PakFile FullDirectoryIndexSize=146
[2022.01.22-17.37.25:134][  0]LogShaderLibrary: Display: ShaderCodeLibraryPakFileMountedCallback: PakFile 'D:/unreal/unreal/UE_4.27/FeaturePacks/TP_VehicleAdv.upack' (chunk index -1, root 'root:/') mounted
[2022.01.22-17.37.25:134][  0]LogShaderLibrary: Display: ShaderCodeLibraryPakFileMountedCallback: pending pak file info (ChunkID:-1 Root:root:/ File:D:/unreal/unreal/UE_4.27/FeaturePacks/TP_VehicleAdv.upack)
[2022.01.22-17.37.25:134][  0]LogPakFile: OnPakFileMounted2Time == 0.000030
[2022.01.22-17.37.25:139][  0]LogPakFile: PakFile PrimaryIndexSize=188
[2022.01.22-17.37.25:139][  0]LogPakFile: PakFile PathHashIndexSize=101
[2022.01.22-17.37.25:139][  0]LogPakFile: PakFile FullDirectoryIndexSize=150
[2022.01.22-17.37.25:139][  0]LogShaderLibrary: Display: ShaderCodeLibraryPakFileMountedCallback: PakFile 'D:/unreal/unreal/UE_4.27/FeaturePacks/TP_VehicleAdvBP.upack' (chunk index -1, root 'root:/') mounted
[2022.01.22-17.37.25:139][  0]LogShaderLibrary: Display: ShaderCodeLibraryPakFileMountedCallback: pending pak file info (ChunkID:-1 Root:root:/ File:D:/unreal/unreal/UE_4.27/FeaturePacks/TP_VehicleAdvBP.upack)
[2022.01.22-17.37.25:139][  0]LogPakFile: OnPakFileMounted2Time == 0.000028
[2022.01.22-17.37.25:144][  0]LogPakFile: PakFile PrimaryIndexSize=185
[2022.01.22-17.37.25:144][  0]LogPakFile: PakFile PathHashIndexSize=101
[2022.01.22-17.37.25:144][  0]LogPakFile: PakFile FullDirectoryIndexSize=144
[2022.01.22-17.37.25:144][  0]LogShaderLibrary: Display: ShaderCodeLibraryPakFileMountedCallback: PakFile 'D:/unreal/unreal/UE_4.27/FeaturePacks/TP_VehicleBP.upack' (chunk index -1, root 'root:/') mounted
[2022.01.22-17.37.25:144][  0]LogShaderLibrary: Display: ShaderCodeLibraryPakFileMountedCallback: pending pak file info (ChunkID:-1 Root:root:/ File:D:/unreal/unreal/UE_4.27/FeaturePacks/TP_VehicleBP.upack)
[2022.01.22-17.37.25:144][  0]LogPakFile: OnPakFileMounted2Time == 0.000026
[2022.01.22-17.37.25:149][  0]LogPakFile: PakFile PrimaryIndexSize=192
[2022.01.22-17.37.25:149][  0]LogPakFile: PakFile PathHashIndexSize=101
[2022.01.22-17.37.25:149][  0]LogPakFile: PakFile FullDirectoryIndexSize=158
[2022.01.22-17.37.25:149][  0]LogShaderLibrary: Display: ShaderCodeLibraryPakFileMountedCallback: PakFile 'D:/unreal/unreal/UE_4.27/FeaturePacks/TP_VirtualRealityBP.upack' (chunk index -1, root 'root:/') mounted
[2022.01.22-17.37.25:149][  0]LogShaderLibrary: Display: ShaderCodeLibraryPakFileMountedCallback: pending pak file info (ChunkID:-1 Root:root:/ File:D:/unreal/unreal/UE_4.27/FeaturePacks/TP_VirtualRealityBP.upack)
[2022.01.22-17.37.25:149][  0]LogPakFile: OnPakFileMounted2Time == 0.000027
[2022.01.22-17.37.25:422][  0]LogNativeClassHierarchy: Verbose: Native class hierarchy updated for 'AddContentDialog' in 0.0002 seconds. Added 0 classes and 0 folders.
[2022.01.22-17.37.25:429][  0]LogNativeClassHierarchy: Verbose: Native class hierarchy updated for 'SceneOutliner' in 0.0002 seconds. Added 2 classes and 0 folders.
[2022.01.22-17.37.25:585][  0]LogSlate: Took 0.000117 seconds to synchronously load lazily loaded font '../../../Engine/Content/Slate/Fonts/Roboto-Regular.ttf' (155K)
[2022.01.22-17.37.25:590][  0]LogSlate: Took 0.004281 seconds to synchronously load lazily loaded font '../../../Engine/Content/Editor/Slate/Fonts/FontAwesome.ttf' (139K)
[2022.01.22-17.37.25:591][  0]LogSlate: Took 0.000079 seconds to synchronously load lazily loaded font '../../../Engine/Content/Slate/Fonts/Roboto-Bold.ttf' (160K)
[2022.01.22-17.37.25:706][  0]LogRenderer: Reallocating scene render targets to support 1288x556 Format 10 NumSamples 1 (Frame:1).
