Log file open, 12/21/21 16:12:53
LogWindows: Failed to load 'aqProf.dll' (GetLastError=126)
LogWindows: File 'aqProf.dll' does not exist
LogWindows: Failed to load 'VtuneApi.dll' (GetLastError=126)
LogWindows: File 'VtuneApi.dll' does not exist
LogWindows: Failed to load 'VtuneApi32e.dll' (GetLastError=126)
LogWindows: File 'VtuneApi32e.dll' does not exist
LogConsoleResponse: Display: Failed to find resolution value strings in scalability ini. Falling back to default.
LogConsoleResponse: Display: Failed to find resolution value strings in scalability ini. Falling back to default.
LogInit: Display: Running engine for game: fpsPRoject
LogPlatformFile: Not using cached read wrapper
LogTaskGraph: Started task graph with 5 named threads and 47 total threads with 3 sets of task threads.
LogStats: Stats thread started at 0.236471
LogICUInternationalization: ICU TimeZone Detection - Raw Offset: +1:00, Platform Override: ''
LogInit: Display: Loading text-based GConfig....
LogPluginManager: Mounting plugin MeshPainting
LogPluginManager: Mounting plugin XGEController
LogPluginManager: Mounting plugin Paper2D
LogPluginManager: Mounting plugin AISupport
LogPluginManager: Mounting plugin EnvironmentQueryEditor
LogPluginManager: Mounting plugin LightPropagationVolume
LogPluginManager: Mounting plugin CameraShakePreviewer
LogPluginManager: Mounting plugin GameplayCameras
LogPluginManager: Mounting plugin OodleNetwork
LogPluginManager: Mounting plugin CryptoKeys
LogPluginManager: Mounting plugin AnimationSharing
LogPluginManager: Mounting plugin CurveEditorTools
LogPluginManager: Mounting plugin AssetManagerEditor
LogPluginManager: Mounting plugin OodleData
LogPluginManager: Mounting plugin DataValidation
LogPluginManager: Mounting plugin DatasmithContent
LogPluginManager: Mounting plugin FacialAnimation
LogPluginManager: Mounting plugin GameplayTagsEditor
LogPluginManager: Mounting plugin GeometryMode
LogPluginManager: Mounting plugin CLionSourceCodeAccess
LogPluginManager: Mounting plugin MacGraphicsSwitching
LogPluginManager: Mounting plugin MaterialAnalyzer
LogPluginManager: Mounting plugin CodeLiteSourceCodeAccess
LogPluginManager: Mounting plugin MobileLauncherProfileWizard
LogPluginManager: Mounting plugin GitSourceControl
LogPluginManager: Mounting plugin PluginBrowser
LogPluginManager: Mounting plugin KDevelopSourceCodeAccess
LogPluginManager: Mounting plugin SpeedTreeImporter
LogPluginManager: Mounting plugin Niagara
LogPluginManager: Mounting plugin NullSourceCodeAccess
LogPluginManager: Mounting plugin VariantManagerContent
LogPluginManager: Mounting plugin PluginUtils
LogPluginManager: Mounting plugin PlasticSourceControl
LogPluginManager: Mounting plugin PixWinPlugin
LogPluginManager: Mounting plugin PropertyAccessNode
LogPluginManager: Mounting plugin PerforceSourceControl
LogPluginManager: Mounting plugin RiderSourceCodeAccess
LogPluginManager: Mounting plugin SubversionSourceControl
LogPluginManager: Mounting plugin TextureFormatOodle
LogPluginManager: Mounting plugin VisualStudioCodeSourceCodeAccess
LogPluginManager: Mounting plugin XCodeSourceCodeAccess
LogPluginManager: Mounting plugin UObjectPlugin
LogPluginManager: Mounting plugin VisualStudioSourceCodeAccess
LogPluginManager: Mounting plugin TcpMessaging
LogPluginManager: Mounting plugin UdpMessaging
LogPluginManager: Mounting plugin AndroidMedia
LogPluginManager: Mounting plugin AlembicImporter
LogPluginManager: Mounting plugin BackChannel
LogPluginManager: Mounting plugin AutomationUtils
LogPluginManager: Mounting plugin LuminPlatformFeatures
LogPluginManager: Mounting plugin AvfMedia
LogPluginManager: Mounting plugin MagicLeap
LogPluginManager: Mounting plugin ChaosCloth
LogPluginManager: Mounting plugin ChaosClothEditor
LogPluginManager: Mounting plugin ChaosSolverPlugin
LogPluginManager: Mounting plugin ChaosNiagara
LogPluginManager: Mounting plugin ChaosEditor
LogPluginManager: Mounting plugin ImgMedia
LogPluginManager: Mounting plugin MagicLeapLightEstimation
LogPluginManager: Mounting plugin MediaCompositing
LogPluginManager: Mounting plugin MagicLeapMedia
LogPluginManager: Mounting plugin ActorSequence
LogPluginManager: Mounting plugin CharacterAI
LogPluginManager: Mounting plugin MediaPlayerEditor
LogPluginManager: Mounting plugin WebMMedia
LogPluginManager: Mounting plugin MagicLeapPassableWorld
LogPluginManager: Mounting plugin WmfMedia
LogPluginManager: Mounting plugin MLSDK
LogPluginManager: Mounting plugin GeometryCache
LogPluginManager: Mounting plugin LauncherChunkInstaller
LogPluginManager: Mounting plugin LevelSequenceEditor
LogPluginManager: Mounting plugin MatineeToLevelSequence
LogPluginManager: Mounting plugin GeometryCollectionPlugin
LogPluginManager: Mounting plugin TemplateSequence
LogPluginManager: Mounting plugin ActorLayerUtilities
LogPluginManager: Mounting plugin OnlineSubsystem
LogPluginManager: Mounting plugin GeometryProcessing
LogPluginManager: Mounting plugin AndroidDeviceProfileSelector
LogPluginManager: Mounting plugin AndroidMoviePlayer
LogPluginManager: Mounting plugin AndroidPermission
LogPluginManager: Mounting plugin OnlineSubsystemNull
LogPluginManager: Mounting plugin AppleImageUtils
LogPluginManager: Mounting plugin AppleMoviePlayer
LogPluginManager: Mounting plugin ArchVisCharacter
LogPluginManager: Mounting plugin MotoSynth
LogPluginManager: Mounting plugin AssetTags
LogPluginManager: Mounting plugin OpenImageDenoise
LogPluginManager: Mounting plugin AudioCapture
LogPluginManager: Mounting plugin OnlineSubsystemUtils
LogPluginManager: Mounting plugin AudioSynesthesia
LogPluginManager: Mounting plugin CableComponent
LogPluginManager: Mounting plugin PlatformCrypto
LogPluginManager: Mounting plugin ChunkDownloader
LogPluginManager: Mounting plugin PlanarCut
LogPluginManager: Mounting plugin ProxyLODPlugin
LogPluginManager: Mounting plugin CustomMeshComponent
LogPluginManager: Mounting plugin PythonScriptPlugin
LogPluginManager: Mounting plugin EditableMesh
LogPluginManager: Mounting plugin ExampleDeviceProfileSelector
LogPluginManager: Mounting plugin GoogleCloudMessaging
LogPluginManager: Mounting plugin GooglePAD
LogPluginManager: Mounting plugin SkeletalReduction
LogPluginManager: Mounting plugin IOSDeviceProfileSelector
LogPluginManager: Mounting plugin LinuxDeviceProfileSelector
LogPluginManager: Mounting plugin LocationServicesBPLibrary
LogPluginManager: Mounting plugin MobilePatchingUtils
LogPluginManager: Mounting plugin PhysXVehicles
LogPluginManager: Mounting plugin ScreenshotTools
LogPluginManager: Mounting plugin PostSplashScreen
LogPluginManager: Mounting plugin ProceduralMeshComponent
LogPluginManager: Mounting plugin PropertyAccessEditor
LogPluginManager: Mounting plugin RuntimePhysXCooking
LogPluginManager: Mounting plugin SignificanceManager
LogPluginManager: Mounting plugin SoundFields
LogPluginManager: Mounting plugin Synthesis
LogPluginManager: Mounting plugin WebMMoviePlayer
LogPluginManager: Mounting plugin WindowsMoviePlayer
LogPluginManager: Mounting plugin ContentBrowserClassDataSource
LogPluginManager: Mounting plugin ContentBrowserAssetDataSource
LogPluginManager: Mounting plugin ContentBrowserFileDataSource
LogPluginManager: Mounting plugin OnlineSubsystemGooglePlay
LogPluginManager: Mounting plugin OnlineSubsystemIOS
PixWinPlugin: PIX capture plugin failed to initialize! Check that the process is launched from PIX.
LogInit: Using libcurl 7.55.1-DEV
LogInit:  - built for x86_64-pc-win32
LogInit:  - supports SSL with OpenSSL/1.1.1
LogInit:  - supports HTTP deflate (compression) using libz 1.2.8
LogInit:  - other features:
LogInit:      CURL_VERSION_SSL
LogInit:      CURL_VERSION_LIBZ
LogInit:      CURL_VERSION_IPV6
LogInit:      CURL_VERSION_ASYNCHDNS
LogInit:      CURL_VERSION_LARGEFILE
LogInit:      CURL_VERSION_IDN
LogInit:  CurlRequestOptions (configurable via config and command line):
LogInit:  - bVerifyPeer = true  - Libcurl will verify peer certificate
LogInit:  - bUseHttpProxy = false  - Libcurl will NOT use HTTP proxy
LogInit:  - bDontReuseConnections = false  - Libcurl will reuse connections
LogInit:  - MaxHostConnections = 16  - Libcurl will limit the number of connections to a host
LogInit:  - LocalHostAddr = Default
LogInit:  - BufferSize = 65536
LogOnline: OSS: Creating online subsystem instance for: NULL
LogInit: WinSock: version 1.1 (2.2), MaxSocks=32767, MaxUdp=65467
LogOnline: OSS: TryLoadSubsystemAndSetDefault: Loaded subsystem for module [NULL]
LogInit: Build: ++UE4+Release-4.27-CL-18319896
LogInit: Engine Version: 4.27.2-18319896+++UE4+Release-4.27
LogInit: Compatible Engine Version: 4.27.0-17155196+++UE4+Release-4.27
LogInit: Net CL: 17155196
LogInit: OS: Windows 10 (Release 2009) (), CPU: AMD Ryzen 7 3700X 8-Core Processor             , GPU: NVIDIA GeForce RTX 3060
LogInit: Compiled (64-bit): Nov 30 2021 07:12:08
LogInit: Compiled with Visual C++: 19.24.28315.00
LogInit: Build Configuration: Development
LogInit: Branch Name: ++UE4+Release-4.27
LogInit: Command Line:  -EpicPortal -epicusername=idart -epicuserid=3f56c93fb77440bf8c24ea5f7ffb2b50 -epiclocale=it -epicsandboxid=ue
LogInit: Base Directory: D:/unreal/unreal/UE_4.27/Engine/Binaries/Win64/
LogInit: Allocator: TBB
LogInit: Installed Engine Build: 1
LogDevObjectVersion: Number of dev versions registered: 29
LogDevObjectVersion:   Dev-Blueprints (B0D832E4-1F89-4F0D-ACCF-7EB736FD4AA2): 10
LogDevObjectVersion:   Dev-Build (E1C64328-A22C-4D53-A36C-8E866417BD8C): 0
LogDevObjectVersion:   Dev-Core (375EC13C-06E4-48FB-B500-84F0262A717E): 4
LogDevObjectVersion:   Dev-Editor (E4B068ED-F494-42E9-A231-DA0B2E46BB41): 40
LogDevObjectVersion:   Dev-Framework (CFFC743F-43B0-4480-9391-14DF171D2073): 37
LogDevObjectVersion:   Dev-Mobile (B02B49B5-BB20-44E9-A304-32B752E40360): 3
LogDevObjectVersion:   Dev-Networking (A4E4105C-59A1-49B5-A7C5-40C4547EDFEE): 0
LogDevObjectVersion:   Dev-Online (39C831C9-5AE6-47DC-9A44-9C173E1C8E7C): 0
LogDevObjectVersion:   Dev-Physics (78F01B33-EBEA-4F98-B9B4-84EACCB95AA2): 14
LogDevObjectVersion:   Dev-Platform (6631380F-2D4D-43E0-8009-CF276956A95A): 0
LogDevObjectVersion:   Dev-Rendering (12F88B9F-8875-4AFC-A67C-D90C383ABD29): 45
LogDevObjectVersion:   Dev-Sequencer (7B5AE74C-D270-4C10-A958-57980B212A5A): 13
LogDevObjectVersion:   Dev-VR (D7296918-1DD6-4BDD-9DE2-64A83CC13884): 3
LogDevObjectVersion:   Dev-LoadTimes (C2A15278-BFE7-4AFE-6C17-90FF531DF755): 1
LogDevObjectVersion:   Private-Geometry (6EACA3D4-40EC-4CC1-B786-8BED09428FC5): 3
LogDevObjectVersion:   Dev-AnimPhys (29E575DD-E0A3-4627-9D10-D276232CDCEA): 17
LogDevObjectVersion:   Dev-Anim (AF43A65D-7FD3-4947-9873-3E8ED9C1BB05): 15
LogDevObjectVersion:   Dev-ReflectionCapture (6B266CEC-1EC7-4B8F-A30B-E4D90942FC07): 1
LogDevObjectVersion:   Dev-Automation (0DF73D61-A23F-47EA-B727-89E90C41499A): 1
LogDevObjectVersion:   FortniteMain (601D1886-AC64-4F84-AA16-D3DE0DEAC7D6): 47
LogDevObjectVersion:   FortniteRelease (E7086368-6B23-4C58-8439-1B7016265E91): 1
LogDevObjectVersion:   Dev-Enterprise (9DFFBCD6-494F-0158-E221-12823C92A888): 10
LogDevObjectVersion:   Dev-Niagara (F2AED0AC-9AFE-416F-8664-AA7FFA26D6FC): 1
LogDevObjectVersion:   Dev-Destruction (174F1F0B-B4C6-45A5-B13F-2EE8D0FB917D): 10
LogDevObjectVersion:   Dev-Physics-Ext (35F94A83-E258-406C-A318-09F59610247C): 41
LogDevObjectVersion:   Dev-PhysicsMaterial-Chaos (B68FC16E-8B1B-42E2-B453-215C058844FE): 1
LogDevObjectVersion:   Dev-CineCamera (B2E18506-4273-CFC2-A54E-F4BB758BBA07): 1
LogDevObjectVersion:   Dev-VirtualProduction (64F58936-FD1B-42BA-BA96-7289D5D0FA4E): 1
LogDevObjectVersion:   Dev-MediaFramework (6F0ED827-A609-4895-9C91-998D90180EA4): 2
LogInit: Presizing for max 25165824 objects, including 0 objects not considered by GC, pre-allocating 0 bytes for permanent pool.
LogConfig: Applying CVar settings from Section [/Script/Engine.StreamingSettings] File [D:/unreal/FpsUnrealEngine/FpsUnreal/fpsPRoject/Saved/Config/Windows/Engine.ini]
LogConfig: Setting CVar [[s.MinBulkDataSizeForAsyncLoading:131072]]
LogConfig: Setting CVar [[s.AsyncLoadingThreadEnabled:0]]
LogConfig: Setting CVar [[s.EventDrivenLoaderEnabled:1]]
LogConfig: Setting CVar [[s.WarnIfTimeLimitExceeded:0]]
LogConfig: Setting CVar [[s.TimeLimitExceededMultiplier:1.5]]
LogConfig: Setting CVar [[s.TimeLimitExceededMinTime:0.005]]
LogConfig: Setting CVar [[s.UseBackgroundLevelStreaming:1]]
LogConfig: Setting CVar [[s.PriorityAsyncLoadingExtraTime:15.0]]
LogConfig: Setting CVar [[s.LevelStreamingActorsUpdateTimeLimit:5.0]]
LogConfig: Setting CVar [[s.PriorityLevelStreamingActorsUpdateExtraTime:5.0]]
LogConfig: Setting CVar [[s.LevelStreamingComponentsRegistrationGranularity:10]]
LogConfig: Setting CVar [[s.UnregisterComponentsTimeLimit:1.0]]
LogConfig: Setting CVar [[s.LevelStreamingComponentsUnregistrationGranularity:5]]
LogConfig: Setting CVar [[s.FlushStreamingOnExit:1]]
LogInit: Object subsystem initialized
LogConfig: Setting CVar [[con.DebugEarlyDefault:1]]
LogConfig: Setting CVar [[r.setres:1280x720]]
[2021.12.21-15.12.53:581][  0]LogConfig: Setting CVar [[r.VSync:0]]
[2021.12.21-15.12.53:581][  0]LogConfig: Setting CVar [[r.RHICmdBypass:0]]
[2021.12.21-15.12.53:581][  0]LogConfig: Applying CVar settings from Section [/Script/Engine.RendererSettings] File [D:/unreal/FpsUnrealEngine/FpsUnreal/fpsPRoject/Saved/Config/Windows/Engine.ini]
[2021.12.21-15.12.53:581][  0]LogConfig: Setting CVar [[r.GPUCrashDebugging:0]]
[2021.12.21-15.12.53:581][  0]LogConfig: Applying CVar settings from Section [/Script/Engine.RendererOverrideSettings] File [D:/unreal/FpsUnrealEngine/FpsUnreal/fpsPRoject/Saved/Config/Windows/Engine.ini]
[2021.12.21-15.12.53:581][  0]LogConfig: Applying CVar settings from Section [/Script/Engine.StreamingSettings] File [D:/unreal/FpsUnrealEngine/FpsUnreal/fpsPRoject/Saved/Config/Windows/Engine.ini]
[2021.12.21-15.12.53:581][  0]LogConfig: Setting CVar [[s.MinBulkDataSizeForAsyncLoading:131072]]
[2021.12.21-15.12.53:581][  0]LogConfig: Setting CVar [[s.AsyncLoadingThreadEnabled:0]]
[2021.12.21-15.12.53:581][  0]LogConfig: Setting CVar [[s.EventDrivenLoaderEnabled:1]]
[2021.12.21-15.12.53:581][  0]LogConfig: Setting CVar [[s.WarnIfTimeLimitExceeded:0]]
[2021.12.21-15.12.53:581][  0]LogConfig: Setting CVar [[s.TimeLimitExceededMultiplier:1.5]]
[2021.12.21-15.12.53:581][  0]LogConfig: Setting CVar [[s.TimeLimitExceededMinTime:0.005]]
[2021.12.21-15.12.53:581][  0]LogConfig: Setting CVar [[s.UseBackgroundLevelStreaming:1]]
[2021.12.21-15.12.53:581][  0]LogConfig: Setting CVar [[s.PriorityAsyncLoadingExtraTime:15.0]]
[2021.12.21-15.12.53:581][  0]LogConfig: Setting CVar [[s.LevelStreamingActorsUpdateTimeLimit:5.0]]
[2021.12.21-15.12.53:581][  0]LogConfig: Setting CVar [[s.PriorityLevelStreamingActorsUpdateExtraTime:5.0]]
[2021.12.21-15.12.53:581][  0]LogConfig: Setting CVar [[s.LevelStreamingComponentsRegistrationGranularity:10]]
[2021.12.21-15.12.53:581][  0]LogConfig: Setting CVar [[s.UnregisterComponentsTimeLimit:1.0]]
[2021.12.21-15.12.53:581][  0]LogConfig: Setting CVar [[s.LevelStreamingComponentsUnregistrationGranularity:5]]
[2021.12.21-15.12.53:581][  0]LogConfig: Setting CVar [[s.FlushStreamingOnExit:1]]
[2021.12.21-15.12.53:581][  0]LogConfig: Applying CVar settings from Section [/Script/Engine.GarbageCollectionSettings] File [D:/unreal/FpsUnrealEngine/FpsUnreal/fpsPRoject/Saved/Config/Windows/Engine.ini]
[2021.12.21-15.12.53:581][  0]LogConfig: Setting CVar [[gc.MaxObjectsNotConsideredByGC:1]]
[2021.12.21-15.12.53:581][  0]LogConfig: Setting CVar [[gc.SizeOfPermanentObjectPool:0]]
[2021.12.21-15.12.53:581][  0]LogConfig: Setting CVar [[gc.FlushStreamingOnGC:0]]
[2021.12.21-15.12.53:581][  0]LogConfig: Setting CVar [[gc.NumRetriesBeforeForcingGC:10]]
[2021.12.21-15.12.53:581][  0]LogConfig: Setting CVar [[gc.AllowParallelGC:1]]
[2021.12.21-15.12.53:581][  0]LogConfig: Setting CVar [[gc.TimeBetweenPurgingPendingKillObjects:61.1]]
[2021.12.21-15.12.53:581][  0]LogConfig: Setting CVar [[gc.MaxObjectsInEditor:25165824]]
[2021.12.21-15.12.53:581][  0]LogConfig: Setting CVar [[gc.IncrementalBeginDestroyEnabled:1]]
[2021.12.21-15.12.53:581][  0]LogConfig: Setting CVar [[gc.CreateGCClusters:1]]
[2021.12.21-15.12.53:581][  0]LogConfig: Setting CVar [[gc.MinGCClusterSize:5]]
[2021.12.21-15.12.53:581][  0]LogConfig: Setting CVar [[gc.ActorClusteringEnabled:0]]
[2021.12.21-15.12.53:581][  0]LogConfig: Setting CVar [[gc.BlueprintClusteringEnabled:0]]
[2021.12.21-15.12.53:581][  0]LogConfig: Setting CVar [[gc.UseDisregardForGCOnDedicatedServers:0]]
[2021.12.21-15.12.53:581][  0]LogConfig: Setting CVar [[gc.MultithreadedDestructionEnabled:1]]
[2021.12.21-15.12.53:581][  0]LogConfig: Applying CVar settings from Section [/Script/Engine.NetworkSettings] File [D:/unreal/FpsUnrealEngine/FpsUnreal/fpsPRoject/Saved/Config/Windows/Engine.ini]
[2021.12.21-15.12.53:581][  0]LogConfig: Applying CVar settings from Section [/Script/UnrealEd.CookerSettings] File [D:/unreal/FpsUnrealEngine/FpsUnreal/fpsPRoject/Saved/Config/Windows/Engine.ini]
[2021.12.21-15.12.53:590][  0]LogConfig: Applying CVar settings from Section [ViewDistanceQuality@3] File [D:/unreal/FpsUnrealEngine/FpsUnreal/fpsPRoject/Saved/Config/Windows/Scalability.ini]
[2021.12.21-15.12.53:590][  0]LogConfig: Setting CVar [[r.SkeletalMeshLODBias:0]]
[2021.12.21-15.12.53:590][  0]LogConfig: Setting CVar [[r.ViewDistanceScale:1.0]]
[2021.12.21-15.12.53:590][  0]LogConfig: Applying CVar settings from Section [AntiAliasingQuality@3] File [D:/unreal/FpsUnrealEngine/FpsUnreal/fpsPRoject/Saved/Config/Windows/Scalability.ini]
[2021.12.21-15.12.53:590][  0]LogConfig: Setting CVar [[r.PostProcessAAQuality:4]]
[2021.12.21-15.12.53:590][  0]LogConfig: Applying CVar settings from Section [ShadowQuality@3] File [D:/unreal/FpsUnrealEngine/FpsUnreal/fpsPRoject/Saved/Config/Windows/Scalability.ini]
[2021.12.21-15.12.53:590][  0]LogConfig: Setting CVar [[r.LightFunctionQuality:1]]
[2021.12.21-15.12.53:590][  0]LogConfig: Setting CVar [[r.ShadowQuality:5]]
[2021.12.21-15.12.53:590][  0]LogConfig: Setting CVar [[r.Shadow.CSM.MaxCascades:10]]
[2021.12.21-15.12.53:590][  0]LogConfig: Setting CVar [[r.Shadow.MaxResolution:2048]]
[2021.12.21-15.12.53:590][  0]LogConfig: Setting CVar [[r.Shadow.MaxCSMResolution:2048]]
[2021.12.21-15.12.53:590][  0]LogConfig: Setting CVar [[r.Shadow.RadiusThreshold:0.01]]
[2021.12.21-15.12.53:590][  0]LogConfig: Setting CVar [[r.Shadow.DistanceScale:1.0]]
[2021.12.21-15.12.53:591][  0]LogConfig: Setting CVar [[r.Shadow.CSM.TransitionScale:1.0]]
[2021.12.21-15.12.53:591][  0]LogConfig: Setting CVar [[r.Shadow.PreShadowResolutionFactor:1.0]]
[2021.12.21-15.12.53:591][  0]LogConfig: Setting CVar [[r.DistanceFieldShadowing:1]]
[2021.12.21-15.12.53:591][  0]LogConfig: Setting CVar [[r.DistanceFieldAO:1]]
[2021.12.21-15.12.53:591][  0]LogConfig: Setting CVar [[r.AOQuality:2]]
[2021.12.21-15.12.53:591][  0]LogConfig: Setting CVar [[r.VolumetricFog:1]]
[2021.12.21-15.12.53:591][  0]LogConfig: Setting CVar [[r.VolumetricFog.GridPixelSize:8]]
[2021.12.21-15.12.53:591][  0]LogConfig: Setting CVar [[r.VolumetricFog.GridSizeZ:128]]
[2021.12.21-15.12.53:591][  0]LogConfig: Setting CVar [[r.VolumetricFog.HistoryMissSupersampleCount:4]]
[2021.12.21-15.12.53:591][  0]LogConfig: Setting CVar [[r.LightMaxDrawDistanceScale:1]]
[2021.12.21-15.12.53:591][  0]LogConfig: Setting CVar [[r.CapsuleShadows:1]]
[2021.12.21-15.12.53:591][  0]LogConfig: Applying CVar settings from Section [PostProcessQuality@3] File [D:/unreal/FpsUnrealEngine/FpsUnreal/fpsPRoject/Saved/Config/Windows/Scalability.ini]
[2021.12.21-15.12.53:591][  0]LogConfig: Setting CVar [[r.MotionBlurQuality:4]]
[2021.12.21-15.12.53:591][  0]LogConfig: Setting CVar [[r.AmbientOcclusionMipLevelFactor:0.4]]
[2021.12.21-15.12.53:591][  0]LogConfig: Setting CVar [[r.AmbientOcclusionMaxQuality:100]]
[2021.12.21-15.12.53:591][  0]LogConfig: Setting CVar [[r.AmbientOcclusionLevels:-1]]
[2021.12.21-15.12.53:591][  0]LogConfig: Setting CVar [[r.AmbientOcclusionRadiusScale:1.0]]
[2021.12.21-15.12.53:591][  0]LogConfig: Setting CVar [[r.DepthOfFieldQuality:2]]
[2021.12.21-15.12.53:591][  0]LogConfig: Setting CVar [[r.RenderTargetPoolMin:400]]
[2021.12.21-15.12.53:591][  0]LogConfig: Setting CVar [[r.LensFlareQuality:2]]
[2021.12.21-15.12.53:591][  0]LogConfig: Setting CVar [[r.SceneColorFringeQuality:1]]
[2021.12.21-15.12.53:591][  0]LogConfig: Setting CVar [[r.EyeAdaptationQuality:2]]
[2021.12.21-15.12.53:591][  0]LogConfig: Setting CVar [[r.BloomQuality:5]]
[2021.12.21-15.12.53:591][  0]LogConfig: Setting CVar [[r.FastBlurThreshold:100]]
[2021.12.21-15.12.53:591][  0]LogConfig: Setting CVar [[r.Upscale.Quality:3]]
[2021.12.21-15.12.53:591][  0]LogConfig: Setting CVar [[r.Tonemapper.GrainQuantization:1]]
[2021.12.21-15.12.53:591][  0]LogConfig: Setting CVar [[r.LightShaftQuality:1]]
[2021.12.21-15.12.53:591][  0]LogConfig: Setting CVar [[r.Filter.SizeScale:1]]
[2021.12.21-15.12.53:591][  0]LogConfig: Setting CVar [[r.Tonemapper.Quality:5]]
[2021.12.21-15.12.53:591][  0]LogConfig: Setting CVar [[r.DOF.Gather.AccumulatorQuality:1        ; higher gathering accumulator quality]]
[2021.12.21-15.12.53:591][  0]LogConfig: Setting CVar [[r.DOF.Gather.PostfilterMethod:1          ; Median3x3 postfilering method]]
[2021.12.21-15.12.53:591][  0]LogConfig: Setting CVar [[r.DOF.Gather.EnableBokehSettings:0       ; no bokeh simulation when gathering]]
[2021.12.21-15.12.53:591][  0]LogConfig: Setting CVar [[r.DOF.Gather.RingCount:4                 ; medium number of samples when gathering]]
[2021.12.21-15.12.53:591][  0]LogConfig: Setting CVar [[r.DOF.Scatter.ForegroundCompositing:1    ; additive foreground scattering]]
[2021.12.21-15.12.53:591][  0]LogConfig: Setting CVar [[r.DOF.Scatter.BackgroundCompositing:2    ; additive background scattering]]
[2021.12.21-15.12.53:591][  0]LogConfig: Setting CVar [[r.DOF.Scatter.EnableBokehSettings:1      ; bokeh simulation when scattering]]
[2021.12.21-15.12.53:591][  0]LogConfig: Setting CVar [[r.DOF.Scatter.MaxSpriteRatio:0.1         ; only a maximum of 10% of scattered bokeh]]
[2021.12.21-15.12.53:591][  0]LogConfig: Setting CVar [[r.DOF.Recombine.Quality:1                ; cheap slight out of focus]]
[2021.12.21-15.12.53:591][  0]LogConfig: Setting CVar [[r.DOF.Recombine.EnableBokehSettings:0    ; no bokeh simulation on slight out of focus]]
[2021.12.21-15.12.53:591][  0]LogConfig: Setting CVar [[r.DOF.TemporalAAQuality:1                ; more stable temporal accumulation]]
[2021.12.21-15.12.53:591][  0]LogConfig: Setting CVar [[r.DOF.Kernel.MaxForegroundRadius:0.025]]
[2021.12.21-15.12.53:591][  0]LogConfig: Setting CVar [[r.DOF.Kernel.MaxBackgroundRadius:0.025]]
[2021.12.21-15.12.53:591][  0]LogConfig: Applying CVar settings from Section [TextureQuality@3] File [D:/unreal/FpsUnrealEngine/FpsUnreal/fpsPRoject/Saved/Config/Windows/Scalability.ini]
[2021.12.21-15.12.53:591][  0]LogConfig: Setting CVar [[r.Streaming.MipBias:0]]
[2021.12.21-15.12.53:591][  0]LogConfig: Setting CVar [[r.Streaming.AmortizeCPUToGPUCopy:0]]
[2021.12.21-15.12.53:591][  0]LogConfig: Setting CVar [[r.Streaming.MaxNumTexturesToStreamPerFrame:0]]
[2021.12.21-15.12.53:591][  0]LogConfig: Setting CVar [[r.Streaming.Boost:1]]
[2021.12.21-15.12.53:591][  0]LogConfig: Setting CVar [[r.MaxAnisotropy:8]]
[2021.12.21-15.12.53:591][  0]LogConfig: Setting CVar [[r.VT.MaxAnisotropy:8]]
[2021.12.21-15.12.53:591][  0]LogConfig: Setting CVar [[r.Streaming.LimitPoolSizeToVRAM:0]]
[2021.12.21-15.12.53:591][  0]LogConfig: Setting CVar [[r.Streaming.PoolSize:1000]]
[2021.12.21-15.12.53:591][  0]LogConfig: Setting CVar [[r.Streaming.MaxEffectiveScreenSize:0]]
[2021.12.21-15.12.53:591][  0]LogConfig: Applying CVar settings from Section [EffectsQuality@3] File [D:/unreal/FpsUnrealEngine/FpsUnreal/fpsPRoject/Saved/Config/Windows/Scalability.ini]
[2021.12.21-15.12.53:591][  0]LogConfig: Setting CVar [[r.TranslucencyLightingVolumeDim:64]]
[2021.12.21-15.12.53:591][  0]LogConfig: Setting CVar [[r.RefractionQuality:2]]
[2021.12.21-15.12.53:591][  0]LogConfig: Setting CVar [[r.SSR.Quality:3]]
[2021.12.21-15.12.53:591][  0]LogConfig: Setting CVar [[r.SSR.HalfResSceneColor:0]]
[2021.12.21-15.12.53:591][  0]LogConfig: Setting CVar [[r.SceneColorFormat:4]]
[2021.12.21-15.12.53:591][  0]LogConfig: Setting CVar [[r.DetailMode:2]]
[2021.12.21-15.12.53:591][  0]LogConfig: Setting CVar [[r.TranslucencyVolumeBlur:1]]
[2021.12.21-15.12.53:591][  0]LogConfig: Setting CVar [[r.MaterialQualityLevel:1 ; High quality]]
[2021.12.21-15.12.53:591][  0]LogConfig: Setting CVar [[r.AnisotropicMaterials:1]]
[2021.12.21-15.12.53:591][  0]LogConfig: Setting CVar [[r.SSS.Scale:1]]
[2021.12.21-15.12.53:591][  0]LogConfig: Setting CVar [[r.SSS.SampleSet:2]]
[2021.12.21-15.12.53:591][  0]LogConfig: Setting CVar [[r.SSS.Quality:1]]
[2021.12.21-15.12.53:591][  0]LogConfig: Setting CVar [[r.SSS.HalfRes:0]]
[2021.12.21-15.12.53:591][  0]LogConfig: Setting CVar [[r.SSGI.Quality:3]]
[2021.12.21-15.12.53:591][  0]LogConfig: Setting CVar [[r.EmitterSpawnRateScale:1.0]]
[2021.12.21-15.12.53:591][  0]LogConfig: Setting CVar [[r.ParticleLightQuality:2]]
[2021.12.21-15.12.53:591][  0]LogConfig: Setting CVar [[r.SkyAtmosphere.AerialPerspectiveLUT.FastApplyOnOpaque:1 ; Always have FastSkyLUT 1 in this case to avoid wrong sky]]
[2021.12.21-15.12.53:591][  0]LogConfig: Setting CVar [[r.SkyAtmosphere.AerialPerspectiveLUT.SampleCountMaxPerSlice:4]]
[2021.12.21-15.12.53:591][  0]LogConfig: Setting CVar [[r.SkyAtmosphere.AerialPerspectiveLUT.DepthResolution:16.0]]
[2021.12.21-15.12.53:591][  0]LogConfig: Setting CVar [[r.SkyAtmosphere.FastSkyLUT:1]]
[2021.12.21-15.12.53:591][  0]LogConfig: Setting CVar [[r.SkyAtmosphere.FastSkyLUT.SampleCountMin:4.0]]
[2021.12.21-15.12.53:591][  0]LogConfig: Setting CVar [[r.SkyAtmosphere.FastSkyLUT.SampleCountMax:128.0]]
[2021.12.21-15.12.53:591][  0]LogConfig: Setting CVar [[r.SkyAtmosphere.SampleCountMin:4.0]]
[2021.12.21-15.12.53:591][  0]LogConfig: Setting CVar [[r.SkyAtmosphere.SampleCountMax:128.0]]
[2021.12.21-15.12.53:591][  0]LogConfig: Setting CVar [[r.SkyAtmosphere.TransmittanceLUT.UseSmallFormat:0]]
[2021.12.21-15.12.53:591][  0]LogConfig: Setting CVar [[r.SkyAtmosphere.TransmittanceLUT.SampleCount:10.0]]
[2021.12.21-15.12.53:591][  0]LogConfig: Setting CVar [[r.SkyAtmosphere.MultiScatteringLUT.SampleCount:15.0]]
[2021.12.21-15.12.53:591][  0]LogConfig: Setting CVar [[r.SkyLight.RealTimeReflectionCapture:1]]
[2021.12.21-15.12.53:591][  0]LogConfig: Applying CVar settings from Section [FoliageQuality@3] File [D:/unreal/FpsUnrealEngine/FpsUnreal/fpsPRoject/Saved/Config/Windows/Scalability.ini]
[2021.12.21-15.12.53:591][  0]LogConfig: Setting CVar [[foliage.DensityScale:1.0]]
[2021.12.21-15.12.53:591][  0]LogConfig: Setting CVar [[grass.DensityScale:1.0]]
[2021.12.21-15.12.53:591][  0]LogConfig: Applying CVar settings from Section [ShadingQuality@3] File [D:/unreal/FpsUnrealEngine/FpsUnreal/fpsPRoject/Saved/Config/Windows/Scalability.ini]
[2021.12.21-15.12.53:591][  0]LogConfig: Setting CVar [[r.HairStrands.SkyLighting.IntegrationType:2]]
[2021.12.21-15.12.53:591][  0]LogConfig: Setting CVar [[r.HairStrands.SkyAO.SampleCount:4]]
[2021.12.21-15.12.53:591][  0]LogConfig: Setting CVar [[r.HairStrands.Visibility.MSAA.SamplePerPixel:4]]
[2021.12.21-15.12.53:591][  0]LogInit: Selected Device Profile: [Windows]
[2021.12.21-15.12.53:591][  0]LogInit: Applying CVar settings loaded from the selected device profile: [Windows]
[2021.12.21-15.12.53:591][  0]LogHAL: Display: Platform has ~ 16 GB [17102508032 / 17179869184 / 16], which maps to Larger [LargestMinGB=32, LargerMinGB=12, DefaultMinGB=8, SmallerMinGB=6, SmallestMinGB=0)
[2021.12.21-15.12.53:591][  0]LogInit: Going up to parent DeviceProfile []
[2021.12.21-15.12.53:592][  0]LogConfig: Applying CVar settings from Section [ViewDistanceQuality@3] File [D:/unreal/FpsUnrealEngine/FpsUnreal/fpsPRoject/Saved/Config/Windows/Scalability.ini]
[2021.12.21-15.12.53:592][  0]LogConfig: Setting CVar [[r.SkeletalMeshLODBias:0]]
[2021.12.21-15.12.53:592][  0]LogConfig: Setting CVar [[r.ViewDistanceScale:1.0]]
[2021.12.21-15.12.53:592][  0]LogConfig: Applying CVar settings from Section [AntiAliasingQuality@3] File [D:/unreal/FpsUnrealEngine/FpsUnreal/fpsPRoject/Saved/Config/Windows/Scalability.ini]
[2021.12.21-15.12.53:592][  0]LogConfig: Setting CVar [[r.PostProcessAAQuality:4]]
[2021.12.21-15.12.53:592][  0]LogConfig: Applying CVar settings from Section [ShadowQuality@3] File [D:/unreal/FpsUnrealEngine/FpsUnreal/fpsPRoject/Saved/Config/Windows/Scalability.ini]
[2021.12.21-15.12.53:592][  0]LogConfig: Setting CVar [[r.LightFunctionQuality:1]]
[2021.12.21-15.12.53:592][  0]LogConfig: Setting CVar [[r.ShadowQuality:5]]
[2021.12.21-15.12.53:592][  0]LogConfig: Setting CVar [[r.Shadow.CSM.MaxCascades:10]]
[2021.12.21-15.12.53:592][  0]LogConfig: Setting CVar [[r.Shadow.MaxResolution:2048]]
[2021.12.21-15.12.53:592][  0]LogConfig: Setting CVar [[r.Shadow.MaxCSMResolution:2048]]
[2021.12.21-15.12.53:592][  0]LogConfig: Setting CVar [[r.Shadow.RadiusThreshold:0.01]]
[2021.12.21-15.12.53:592][  0]LogConfig: Setting CVar [[r.Shadow.DistanceScale:1.0]]
[2021.12.21-15.12.53:592][  0]LogConfig: Setting CVar [[r.Shadow.CSM.TransitionScale:1.0]]
[2021.12.21-15.12.53:592][  0]LogConfig: Setting CVar [[r.Shadow.PreShadowResolutionFactor:1.0]]
[2021.12.21-15.12.53:592][  0]LogConfig: Setting CVar [[r.DistanceFieldShadowing:1]]
[2021.12.21-15.12.53:592][  0]LogConfig: Setting CVar [[r.DistanceFieldAO:1]]
[2021.12.21-15.12.53:592][  0]LogConfig: Setting CVar [[r.AOQuality:2]]
[2021.12.21-15.12.53:592][  0]LogConfig: Setting CVar [[r.VolumetricFog:1]]
[2021.12.21-15.12.53:592][  0]LogConfig: Setting CVar [[r.VolumetricFog.GridPixelSize:8]]
[2021.12.21-15.12.53:592][  0]LogConfig: Setting CVar [[r.VolumetricFog.GridSizeZ:128]]
[2021.12.21-15.12.53:592][  0]LogConfig: Setting CVar [[r.VolumetricFog.HistoryMissSupersampleCount:4]]
[2021.12.21-15.12.53:592][  0]LogConfig: Setting CVar [[r.LightMaxDrawDistanceScale:1]]
[2021.12.21-15.12.53:592][  0]LogConfig: Setting CVar [[r.CapsuleShadows:1]]
[2021.12.21-15.12.53:592][  0]LogConfig: Applying CVar settings from Section [PostProcessQuality@3] File [D:/unreal/FpsUnrealEngine/FpsUnreal/fpsPRoject/Saved/Config/Windows/Scalability.ini]
[2021.12.21-15.12.53:592][  0]LogConfig: Setting CVar [[r.MotionBlurQuality:4]]
[2021.12.21-15.12.53:592][  0]LogConfig: Setting CVar [[r.AmbientOcclusionMipLevelFactor:0.4]]
[2021.12.21-15.12.53:592][  0]LogConfig: Setting CVar [[r.AmbientOcclusionMaxQuality:100]]
[2021.12.21-15.12.53:592][  0]LogConfig: Setting CVar [[r.AmbientOcclusionLevels:-1]]
[2021.12.21-15.12.53:592][  0]LogConfig: Setting CVar [[r.AmbientOcclusionRadiusScale:1.0]]
[2021.12.21-15.12.53:592][  0]LogConfig: Setting CVar [[r.DepthOfFieldQuality:2]]
[2021.12.21-15.12.53:592][  0]LogConfig: Setting CVar [[r.RenderTargetPoolMin:400]]
[2021.12.21-15.12.53:592][  0]LogConfig: Setting CVar [[r.LensFlareQuality:2]]
[2021.12.21-15.12.53:592][  0]LogConfig: Setting CVar [[r.SceneColorFringeQuality:1]]
[2021.12.21-15.12.53:592][  0]LogConfig: Setting CVar [[r.EyeAdaptationQuality:2]]
[2021.12.21-15.12.53:592][  0]LogConfig: Setting CVar [[r.BloomQuality:5]]
[2021.12.21-15.12.53:592][  0]LogConfig: Setting CVar [[r.FastBlurThreshold:100]]
[2021.12.21-15.12.53:592][  0]LogConfig: Setting CVar [[r.Upscale.Quality:3]]
[2021.12.21-15.12.53:592][  0]LogConfig: Setting CVar [[r.Tonemapper.GrainQuantization:1]]
[2021.12.21-15.12.53:592][  0]LogConfig: Setting CVar [[r.LightShaftQuality:1]]
[2021.12.21-15.12.53:592][  0]LogConfig: Setting CVar [[r.Filter.SizeScale:1]]
[2021.12.21-15.12.53:592][  0]LogConfig: Setting CVar [[r.Tonemapper.Quality:5]]
[2021.12.21-15.12.53:592][  0]LogConfig: Setting CVar [[r.DOF.Gather.AccumulatorQuality:1        ; higher gathering accumulator quality]]
[2021.12.21-15.12.53:592][  0]LogConfig: Setting CVar [[r.DOF.Gather.PostfilterMethod:1          ; Median3x3 postfilering method]]
[2021.12.21-15.12.53:592][  0]LogConfig: Setting CVar [[r.DOF.Gather.EnableBokehSettings:0       ; no bokeh simulation when gathering]]
[2021.12.21-15.12.53:592][  0]LogConfig: Setting CVar [[r.DOF.Gather.RingCount:4                 ; medium number of samples when gathering]]
[2021.12.21-15.12.53:592][  0]LogConfig: Setting CVar [[r.DOF.Scatter.ForegroundCompositing:1    ; additive foreground scattering]]
[2021.12.21-15.12.53:592][  0]LogConfig: Setting CVar [[r.DOF.Scatter.BackgroundCompositing:2    ; additive background scattering]]
[2021.12.21-15.12.53:592][  0]LogConfig: Setting CVar [[r.DOF.Scatter.EnableBokehSettings:1      ; bokeh simulation when scattering]]
[2021.12.21-15.12.53:592][  0]LogConfig: Setting CVar [[r.DOF.Scatter.MaxSpriteRatio:0.1         ; only a maximum of 10% of scattered bokeh]]
[2021.12.21-15.12.53:592][  0]LogConfig: Setting CVar [[r.DOF.Recombine.Quality:1                ; cheap slight out of focus]]
[2021.12.21-15.12.53:592][  0]LogConfig: Setting CVar [[r.DOF.Recombine.EnableBokehSettings:0    ; no bokeh simulation on slight out of focus]]
[2021.12.21-15.12.53:592][  0]LogConfig: Setting CVar [[r.DOF.TemporalAAQuality:1                ; more stable temporal accumulation]]
[2021.12.21-15.12.53:592][  0]LogConfig: Setting CVar [[r.DOF.Kernel.MaxForegroundRadius:0.025]]
[2021.12.21-15.12.53:592][  0]LogConfig: Setting CVar [[r.DOF.Kernel.MaxBackgroundRadius:0.025]]
[2021.12.21-15.12.53:592][  0]LogConfig: Applying CVar settings from Section [TextureQuality@3] File [D:/unreal/FpsUnrealEngine/FpsUnreal/fpsPRoject/Saved/Config/Windows/Scalability.ini]
[2021.12.21-15.12.53:592][  0]LogConfig: Setting CVar [[r.Streaming.MipBias:0]]
[2021.12.21-15.12.53:592][  0]LogConfig: Setting CVar [[r.Streaming.AmortizeCPUToGPUCopy:0]]
[2021.12.21-15.12.53:592][  0]LogConfig: Setting CVar [[r.Streaming.MaxNumTexturesToStreamPerFrame:0]]
[2021.12.21-15.12.53:592][  0]LogConfig: Setting CVar [[r.Streaming.Boost:1]]
[2021.12.21-15.12.53:592][  0]LogConfig: Setting CVar [[r.MaxAnisotropy:8]]
[2021.12.21-15.12.53:592][  0]LogConfig: Setting CVar [[r.VT.MaxAnisotropy:8]]
[2021.12.21-15.12.53:592][  0]LogConfig: Setting CVar [[r.Streaming.LimitPoolSizeToVRAM:0]]
[2021.12.21-15.12.53:592][  0]LogConfig: Setting CVar [[r.Streaming.PoolSize:1000]]
[2021.12.21-15.12.53:592][  0]LogConfig: Setting CVar [[r.Streaming.MaxEffectiveScreenSize:0]]
[2021.12.21-15.12.53:592][  0]LogConfig: Applying CVar settings from Section [EffectsQuality@3] File [D:/unreal/FpsUnrealEngine/FpsUnreal/fpsPRoject/Saved/Config/Windows/Scalability.ini]
[2021.12.21-15.12.53:592][  0]LogConfig: Setting CVar [[r.TranslucencyLightingVolumeDim:64]]
[2021.12.21-15.12.53:592][  0]LogConfig: Setting CVar [[r.RefractionQuality:2]]
[2021.12.21-15.12.53:592][  0]LogConfig: Setting CVar [[r.SSR.Quality:3]]
[2021.12.21-15.12.53:592][  0]LogConfig: Setting CVar [[r.SSR.HalfResSceneColor:0]]
[2021.12.21-15.12.53:592][  0]LogConfig: Setting CVar [[r.SceneColorFormat:4]]
[2021.12.21-15.12.53:592][  0]LogConfig: Setting CVar [[r.DetailMode:2]]
[2021.12.21-15.12.53:592][  0]LogConfig: Setting CVar [[r.TranslucencyVolumeBlur:1]]
[2021.12.21-15.12.53:592][  0]LogConfig: Setting CVar [[r.MaterialQualityLevel:1 ; High quality]]
[2021.12.21-15.12.53:592][  0]LogConfig: Setting CVar [[r.AnisotropicMaterials:1]]
[2021.12.21-15.12.53:592][  0]LogConfig: Setting CVar [[r.SSS.Scale:1]]
[2021.12.21-15.12.53:592][  0]LogConfig: Setting CVar [[r.SSS.SampleSet:2]]
[2021.12.21-15.12.53:592][  0]LogConfig: Setting CVar [[r.SSS.Quality:1]]
[2021.12.21-15.12.53:592][  0]LogConfig: Setting CVar [[r.SSS.HalfRes:0]]
[2021.12.21-15.12.53:592][  0]LogConfig: Setting CVar [[r.SSGI.Quality:3]]
[2021.12.21-15.12.53:592][  0]LogConfig: Setting CVar [[r.EmitterSpawnRateScale:1.0]]
[2021.12.21-15.12.53:592][  0]LogConfig: Setting CVar [[r.ParticleLightQuality:2]]
[2021.12.21-15.12.53:592][  0]LogConfig: Setting CVar [[r.SkyAtmosphere.AerialPerspectiveLUT.FastApplyOnOpaque:1 ; Always have FastSkyLUT 1 in this case to avoid wrong sky]]
[2021.12.21-15.12.53:592][  0]LogConfig: Setting CVar [[r.SkyAtmosphere.AerialPerspectiveLUT.SampleCountMaxPerSlice:4]]
[2021.12.21-15.12.53:592][  0]LogConfig: Setting CVar [[r.SkyAtmosphere.AerialPerspectiveLUT.DepthResolution:16.0]]
[2021.12.21-15.12.53:592][  0]LogConfig: Setting CVar [[r.SkyAtmosphere.FastSkyLUT:1]]
[2021.12.21-15.12.53:592][  0]LogConfig: Setting CVar [[r.SkyAtmosphere.FastSkyLUT.SampleCountMin:4.0]]
[2021.12.21-15.12.53:592][  0]LogConfig: Setting CVar [[r.SkyAtmosphere.FastSkyLUT.SampleCountMax:128.0]]
[2021.12.21-15.12.53:592][  0]LogConfig: Setting CVar [[r.SkyAtmosphere.SampleCountMin:4.0]]
[2021.12.21-15.12.53:592][  0]LogConfig: Setting CVar [[r.SkyAtmosphere.SampleCountMax:128.0]]
[2021.12.21-15.12.53:592][  0]LogConfig: Setting CVar [[r.SkyAtmosphere.TransmittanceLUT.UseSmallFormat:0]]
[2021.12.21-15.12.53:592][  0]LogConfig: Setting CVar [[r.SkyAtmosphere.TransmittanceLUT.SampleCount:10.0]]
[2021.12.21-15.12.53:592][  0]LogConfig: Setting CVar [[r.SkyAtmosphere.MultiScatteringLUT.SampleCount:15.0]]
[2021.12.21-15.12.53:592][  0]LogConfig: Setting CVar [[r.SkyLight.RealTimeReflectionCapture:1]]
[2021.12.21-15.12.53:592][  0]LogConfig: Applying CVar settings from Section [FoliageQuality@3] File [D:/unreal/FpsUnrealEngine/FpsUnreal/fpsPRoject/Saved/Config/Windows/Scalability.ini]
[2021.12.21-15.12.53:592][  0]LogConfig: Setting CVar [[foliage.DensityScale:1.0]]
[2021.12.21-15.12.53:592][  0]LogConfig: Setting CVar [[grass.DensityScale:1.0]]
[2021.12.21-15.12.53:592][  0]LogConfig: Applying CVar settings from Section [ShadingQuality@3] File [D:/unreal/FpsUnrealEngine/FpsUnreal/fpsPRoject/Saved/Config/Windows/Scalability.ini]
[2021.12.21-15.12.53:592][  0]LogConfig: Setting CVar [[r.HairStrands.SkyLighting.IntegrationType:2]]
[2021.12.21-15.12.53:592][  0]LogConfig: Setting CVar [[r.HairStrands.SkyAO.SampleCount:4]]
[2021.12.21-15.12.53:593][  0]LogConfig: Setting CVar [[r.HairStrands.Visibility.MSAA.SamplePerPixel:4]]
[2021.12.21-15.12.53:593][  0]LogConfig: Applying CVar settings from Section [Startup] File [../../../Engine/Config/ConsoleVariables.ini]
[2021.12.21-15.12.53:593][  0]LogConfig: Setting CVar [[net.UseAdaptiveNetUpdateFrequency:0]]
[2021.12.21-15.12.53:593][  0]LogConfig: Setting CVar [[p.chaos.AllowCreatePhysxBodies:1]]
[2021.12.21-15.12.53:593][  0]LogConfig: Setting CVar [[fx.SkipVectorVMBackendOptimizations:1]]
[2021.12.21-15.12.53:593][  0]LogConfig: Applying CVar settings from Section [ConsoleVariables] File [D:/unreal/FpsUnrealEngine/FpsUnreal/fpsPRoject/Saved/Config/Windows/Engine.ini]
[2021.12.21-15.12.53:593][  0]LogConfig: Applying CVar settings from Section [ConsoleVariables] File [D:/unreal/FpsUnrealEngine/FpsUnreal/fpsPRoject/Saved/Config/Windows/Editor.ini]
[2021.12.21-15.12.53:593][  0]LogInit: Computer: DESKTOP-GK13RSM
[2021.12.21-15.12.53:593][  0]LogInit: User: mikee
[2021.12.21-15.12.53:593][  0]LogInit: CPU Page size=4096, Cores=8
[2021.12.21-15.12.53:593][  0]LogInit: High frequency timer resolution =10.000000 MHz
[2021.12.21-15.12.53:593][  0]LogMemory: Memory total: Physical=15.9GB (16GB approx)
[2021.12.21-15.12.53:593][  0]LogMemory: Platform Memory Stats for Windows
[2021.12.21-15.12.53:593][  0]LogMemory: Process Physical Memory: 143.85 MB used, 143.86 MB peak
[2021.12.21-15.12.53:593][  0]LogMemory: Process Virtual Memory: 122.14 MB used, 122.14 MB peak
[2021.12.21-15.12.53:593][  0]LogMemory: Physical Memory: 8407.10 MB used,  7903.12 MB free, 16310.22 MB total
[2021.12.21-15.12.53:593][  0]LogMemory: Virtual Memory: 134197360.00 MB used,  20370.65 MB free, 134217728.00 MB total
[2021.12.21-15.12.53:597][  0]LogWindows: WindowsPlatformFeatures enabled
[2021.12.21-15.12.53:624][  0]LogInit: Physics initialised using underlying interface: PhysX
[2021.12.21-15.12.53:625][  0]LogInit: Using OS detected language (it-IT).
[2021.12.21-15.12.53:625][  0]LogInit: Using OS detected locale (it-IT).
[2021.12.21-15.12.53:626][  0]LogTextLocalizationManager: No specific localization for 'it-IT' exists, so the 'it' localization will be used.
[2021.12.21-15.12.53:627][  0]LogTextLocalizationResource: LocRes '../../../Engine/Content/Localization/Editor/it/Editor.locres' could not be opened for reading!
[2021.12.21-15.12.53:627][  0]LogTextLocalizationResource: LocRes '../../../Engine/Content/Localization/EditorTutorials/it/EditorTutorials.locres' could not be opened for reading!
[2021.12.21-15.12.53:627][  0]LogTextLocalizationResource: LocRes '../../../Engine/Content/Localization/Keywords/it/Keywords.locres' could not be opened for reading!
[2021.12.21-15.12.53:627][  0]LogTextLocalizationResource: LocRes '../../../Engine/Content/Localization/Category/it/Category.locres' could not be opened for reading!
[2021.12.21-15.12.53:627][  0]LogTextLocalizationResource: LocRes '../../../Engine/Content/Localization/ToolTips/it/ToolTips.locres' could not be opened for reading!
[2021.12.21-15.12.53:627][  0]LogTextLocalizationResource: LocRes '../../../Engine/Content/Localization/PropertyNames/it/PropertyNames.locres' could not be opened for reading!
[2021.12.21-15.12.53:627][  0]LogTextLocalizationResource: LocRes '../../../Engine/Content/Localization/Engine/it/Engine.locres' could not be opened for reading!
[2021.12.21-15.12.53:627][  0]LogInit: Setting process to per monitor DPI aware
[2021.12.21-15.12.53:636][  0]LogWindowsTextInputMethodSystem: Display: IME system deactivated.
[2021.12.21-15.12.53:647][  0]LogSlate: New Slate User Created.  User Index 0, Is Virtual User: 0
[2021.12.21-15.12.53:647][  0]LogSlate: Slate User Registered.  User Index 0, Is Virtual User: 0
[2021.12.21-15.12.53:745][  0]LogD3D11RHI: Loaded GFSDK_Aftermath_Lib.x64.dll
[2021.12.21-15.12.53:747][  0]LogD3D11RHI: D3D11 min allowed feature level: 11_0
[2021.12.21-15.12.53:747][  0]LogD3D11RHI: D3D11 max allowed feature level: 11_0
[2021.12.21-15.12.53:747][  0]LogD3D11RHI: D3D11 adapters:
[2021.12.21-15.12.53:825][  0]LogD3D11RHI:    0. 'NVIDIA GeForce RTX 3060' (Feature Level 11_0)
[2021.12.21-15.12.53:825][  0]LogD3D11RHI:       12143/0/8155 MB DedicatedVideo/DedicatedSystem/SharedSystem, Outputs:2, VendorId:0x10de
[2021.12.21-15.12.53:827][  0]LogD3D11RHI:    1. 'Microsoft Basic Render Driver' (Feature Level 11_0)
[2021.12.21-15.12.53:827][  0]LogD3D11RHI:       0/0/8155 MB DedicatedVideo/DedicatedSystem/SharedSystem, Outputs:0, VendorId:0x1414
[2021.12.21-15.12.53:827][  0]LogD3D11RHI: Chosen D3D11 Adapter:
[2021.12.21-15.12.53:827][  0]LogD3D11RHI:     Description : NVIDIA GeForce RTX 3060
[2021.12.21-15.12.53:827][  0]LogD3D11RHI:     VendorId    : 10de
[2021.12.21-15.12.53:827][  0]LogD3D11RHI:     DeviceId    : 2503
[2021.12.21-15.12.53:827][  0]LogD3D11RHI:     SubSysId    : 461719da
[2021.12.21-15.12.53:827][  0]LogD3D11RHI:     Revision    : 00a1
[2021.12.21-15.12.53:827][  0]LogD3D11RHI:     DedicatedVideoMemory : 12732858368 bytes
[2021.12.21-15.12.53:827][  0]LogD3D11RHI:     DedicatedSystemMemory : 0 bytes
[2021.12.21-15.12.53:827][  0]LogD3D11RHI:     SharedSystemMemory : 8551254016 bytes
[2021.12.21-15.12.53:827][  0]LogD3D11RHI:     AdapterLuid : 0 13809171
[2021.12.21-15.12.53:833][  0]LogD3D11RHI: Creating new Direct3DDevice
[2021.12.21-15.12.53:833][  0]LogD3D11RHI:     GPU DeviceId: 0x2503 (for the marketing name, search the web for "GPU Device Id")
[2021.12.21-15.12.53:833][  0]LogWindows: EnumDisplayDevices:
[2021.12.21-15.12.53:833][  0]LogWindows:    0. 'NVIDIA GeForce RTX 3060' (P:1 D:1)
[2021.12.21-15.12.53:833][  0]LogWindows:    1. 'NVIDIA GeForce RTX 3060' (P:0 D:1)
[2021.12.21-15.12.53:833][  0]LogWindows:    2. 'NVIDIA GeForce RTX 3060' (P:0 D:0)
[2021.12.21-15.12.53:833][  0]LogWindows:    3. 'NVIDIA GeForce RTX 3060' (P:0 D:0)
[2021.12.21-15.12.53:833][  0]LogWindows: DebugString: FoundDriverCount:4 
[2021.12.21-15.12.53:833][  0]LogD3D11RHI:     Adapter Name: NVIDIA GeForce RTX 3060
[2021.12.21-15.12.53:833][  0]LogD3D11RHI:   Driver Version: 497.29 (internal:30.0.14.9729, unified:497.29)
[2021.12.21-15.12.53:833][  0]LogD3D11RHI:      Driver Date: 12-15-2021
[2021.12.21-15.12.53:834][  0]LogRHI: Texture pool is 8500 MB (70% of 12143 MB)
[2021.12.21-15.12.53:834][  0]LogD3D11RHI: Creating D3DDevice using adapter:
[2021.12.21-15.12.53:834][  0]LogD3D11RHI:     Description : NVIDIA GeForce RTX 3060
[2021.12.21-15.12.53:834][  0]LogD3D11RHI:     VendorId    : 10de
[2021.12.21-15.12.53:834][  0]LogD3D11RHI:     DeviceId    : 2503
[2021.12.21-15.12.53:834][  0]LogD3D11RHI:     SubSysId    : 461719da
[2021.12.21-15.12.53:834][  0]LogD3D11RHI:     Revision    : 00a1
[2021.12.21-15.12.53:834][  0]LogD3D11RHI:     DedicatedVideoMemory : 12732858368 bytes
[2021.12.21-15.12.53:834][  0]LogD3D11RHI:     DedicatedSystemMemory : 0 bytes
[2021.12.21-15.12.53:834][  0]LogD3D11RHI:     SharedSystemMemory : 8551254016 bytes
[2021.12.21-15.12.53:834][  0]LogD3D11RHI:     AdapterLuid : 0 13809171
[2021.12.21-15.12.53:885][  0]LogD3D11RHI: RHI has support for 64 bit atomics
[2021.12.21-15.12.53:885][  0]LogD3D11RHI: Async texture creation enabled
[2021.12.21-15.12.53:885][  0]LogD3D11RHI: Array index from any shader is supported
[2021.12.21-15.12.53:907][  0]LogD3D11RHI: GPU Timing Frequency: 1000.000000 (Debug: 2 1)
[2021.12.21-15.12.53:925][  0]LogRHI: GeForceNow SDK initialized: 1
[2021.12.21-15.12.54:135][  0]LogTargetPlatformManager: Display: Loaded TargetPlatform 'AllDesktop'
[2021.12.21-15.12.54:153][  0]LogTargetPlatformManager: Display: Loaded TargetPlatform 'Android'
[2021.12.21-15.12.54:153][  0]LogTargetPlatformManager: Display: Loaded TargetPlatform 'Android_ASTC'
[2021.12.21-15.12.54:153][  0]LogTargetPlatformManager: Display: Loaded TargetPlatform 'Android_DXT'
[2021.12.21-15.12.54:153][  0]LogTargetPlatformManager: Display: Loaded TargetPlatform 'Android_ETC2'
[2021.12.21-15.12.54:153][  0]LogTargetPlatformManager: Display: Loaded TargetPlatform 'AndroidClient'
[2021.12.21-15.12.54:153][  0]LogTargetPlatformManager: Display: Loaded TargetPlatform 'Android_ASTCClient'
[2021.12.21-15.12.54:153][  0]LogTargetPlatformManager: Display: Loaded TargetPlatform 'Android_DXTClient'
[2021.12.21-15.12.54:153][  0]LogTargetPlatformManager: Display: Loaded TargetPlatform 'Android_ETC2Client'
[2021.12.21-15.12.54:153][  0]LogTargetPlatformManager: Display: Loaded TargetPlatform 'Android_Multi'
[2021.12.21-15.12.54:153][  0]LogTargetPlatformManager: Display: Loaded TargetPlatform 'Android_MultiClient'
[2021.12.21-15.12.54:167][  0]LogTargetPlatformManager: Display: Loaded TargetPlatform 'IOSClient'
[2021.12.21-15.12.54:167][  0]LogTargetPlatformManager: Display: Loaded TargetPlatform 'IOS'
[2021.12.21-15.12.54:174][  0]LogTargetPlatformManager: Display: Loaded TargetPlatform 'Linux'
[2021.12.21-15.12.54:178][  0]LogTargetPlatformManager: Display: Loaded TargetPlatform 'LinuxNoEditor'
[2021.12.21-15.12.54:181][  0]LogTargetPlatformManager: Display: Loaded TargetPlatform 'LinuxClient'
[2021.12.21-15.12.54:184][  0]LogTargetPlatformManager: Display: Loaded TargetPlatform 'LinuxServer'
[2021.12.21-15.12.54:191][  0]LogTargetPlatformManager: Display: Loaded TargetPlatform 'LinuxAArch64NoEditor'
[2021.12.21-15.12.54:195][  0]LogTargetPlatformManager: Display: Loaded TargetPlatform 'LinuxAArch64Client'
[2021.12.21-15.12.54:198][  0]LogTargetPlatformManager: Display: Loaded TargetPlatform 'LinuxAArch64Server'
[2021.12.21-15.12.54:217][  0]LogTargetPlatformManager: Display: Loaded TargetPlatform 'Lumin'
[2021.12.21-15.12.54:217][  0]LogTargetPlatformManager: Display: Loaded TargetPlatform 'LuminClient'
[2021.12.21-15.12.54:224][  0]LogTargetPlatformManager: Display: Loaded TargetPlatform 'MacNoEditor'
[2021.12.21-15.12.54:227][  0]LogTargetPlatformManager: Display: Loaded TargetPlatform 'Mac'
[2021.12.21-15.12.54:231][  0]LogTargetPlatformManager: Display: Loaded TargetPlatform 'MacClient'
[2021.12.21-15.12.54:234][  0]LogTargetPlatformManager: Display: Loaded TargetPlatform 'MacServer'
[2021.12.21-15.12.54:241][  0]LogTargetPlatformManager: Display: Loaded TargetPlatform 'TVOSClient'
[2021.12.21-15.12.54:241][  0]LogTargetPlatformManager: Display: Loaded TargetPlatform 'TVOS'
[2021.12.21-15.12.54:248][  0]LogTargetPlatformManager: Display: Loaded TargetPlatform 'WindowsNoEditor'
[2021.12.21-15.12.54:252][  0]LogTargetPlatformManager: Display: Loaded TargetPlatform 'Windows'
[2021.12.21-15.12.54:255][  0]LogTargetPlatformManager: Display: Loaded TargetPlatform 'WindowsClient'
[2021.12.21-15.12.54:258][  0]LogTargetPlatformManager: Display: Loaded TargetPlatform 'WindowsServer'
[2021.12.21-15.12.54:258][  0]LogTargetPlatformManager: Display: Building Assets For Windows
[2021.12.21-15.12.54:263][  0]LogAudioDebug: Display: Lib vorbis DLL was dynamically loaded.
[2021.12.21-15.12.54:283][  0]LogTextureFormatOodle: Display: Oodle Texture 2.9.0 init RDO Off
[2021.12.21-15.12.54:307][  0]LogRendererCore: Ray tracing is disabled. Reason: r.RayTracing=0.
[2021.12.21-15.12.54:307][  0]LogShaderCompilers: Guid format shader working directory is -5 characters bigger than the processId version (../../../../../FpsUnrealEngine/FpsUnreal/fpsPRoject/Intermediate/Shaders/WorkingDirectory/8652/).
[2021.12.21-15.12.54:307][  0]LogShaderCompilers: Cleaned the shader compiler working directory 'C:/Users/mikee/AppData/Local/Temp/UnrealShaderWorkingDir/76F02D85458F8313C93CF2AACDEB2624/'.
[2021.12.21-15.12.54:307][  0]LogXGEController: Cannot use XGE Controller as Incredibuild is not installed on this machine.
[2021.12.21-15.12.54:307][  0]LogShaderCompilers: Cannot use XGE Shader Compiler as Incredibuild is not installed on this machine.
[2021.12.21-15.12.54:307][  0]LogShaderCompilers: Display: Using Local Shader Compiler.
[2021.12.21-15.12.54:885][  0]LogDerivedDataCache: Display: Max Cache Size: 512 MB
[2021.12.21-15.12.54:939][  0]LogDerivedDataCache: Loaded boot cache 0.05s 94MB C:/Users/mikee/AppData/Local/UnrealEngine/4.27/DerivedDataCache/Boot.ddc.
[2021.12.21-15.12.54:939][  0]LogDerivedDataCache: Display: Loaded Boot cache: C:/Users/mikee/AppData/Local/UnrealEngine/4.27/DerivedDataCache/Boot.ddc
[2021.12.21-15.12.54:939][  0]LogDerivedDataCache: FDerivedDataBackendGraph:  Pak pak cache file ../../../../../FpsUnrealEngine/FpsUnreal/fpsPRoject/DerivedDataCache/DDC.ddp not found, will not use a pak cache.
[2021.12.21-15.12.54:939][  0]LogDerivedDataCache: Unable to find inner node Pak for hierarchical cache Hierarchy.
[2021.12.21-15.12.54:939][  0]LogDerivedDataCache: FDerivedDataBackendGraph:  CompressedPak pak cache file ../../../../../FpsUnrealEngine/FpsUnreal/fpsPRoject/DerivedDataCache/Compressed.ddp not found, will not use a pak cache.
[2021.12.21-15.12.54:939][  0]LogDerivedDataCache: Unable to find inner node CompressedPak for hierarchical cache Hierarchy.
[2021.12.21-15.12.54:955][  0]LogDerivedDataCache: Display: Pak cache opened for reading ../../../Engine/DerivedDataCache/Compressed.ddp.
[2021.12.21-15.12.54:955][  0]LogDerivedDataCache: FDerivedDataBackendGraph:  EnterprisePak pak cache file ../../../Enterprise/DerivedDataCache/Compressed.ddp not found, will not use a pak cache.
[2021.12.21-15.12.54:955][  0]LogDerivedDataCache: Unable to find inner node EnterprisePak for hierarchical cache Hierarchy.
[2021.12.21-15.12.54:960][  0]LogDerivedDataCache: Speed tests for C:/Users/mikee/AppData/Local/UnrealEngine/Common/DerivedDataCache took 0.01 seconds
[2021.12.21-15.12.54:960][  0]LogDerivedDataCache: Display: Performance to C:/Users/mikee/AppData/Local/UnrealEngine/Common/DerivedDataCache: Latency=0.03ms. RandomReadSpeed=1604.29MBs, RandomWriteSpeed=225.18MBs. Assigned SpeedClass 'Local'
[2021.12.21-15.12.54:960][  0]LogDerivedDataCache: Using Local data cache path C:/Users/mikee/AppData/Local/UnrealEngine/Common/DerivedDataCache: Writable
[2021.12.21-15.12.54:961][  0]LogDerivedDataCache: Shared data cache path not found in *engine.ini, will not use an Shared cache.
[2021.12.21-15.12.54:961][  0]LogDerivedDataCache: Unable to find inner node Shared for hierarchical cache Hierarchy.
[2021.12.21-15.12.55:001][  0]LogSlate: Using FreeType 2.10.0
[2021.12.21-15.12.55:001][  0]LogSlate: SlateFontServices - WITH_FREETYPE: 1, WITH_HARFBUZZ: 1
[2021.12.21-15.12.55:019][  0]LogAssetRegistry: FAssetRegistry took 0.0023 seconds to start up
[2021.12.21-15.12.55:204][  0]LogInit: Selected Device Profile: [Windows]
[2021.12.21-15.12.55:204][  0]LogInit: Active device profile: [000001EE0BEE3D00][000001EE021B8D80 49] Windows
[2021.12.21-15.12.55:204][  0]LogInit: Profiles: [000001EE0BEE3D00][000001EE021B8D80 49] Windows, [000001EE0BD44400][000001EE0A808F00 49] WindowsNoEditor, [000001EE0BEE0400][000001EE0A811080 49] WindowsServer, [000001EE0BD47400][000001EE0A815200 49] WindowsClient, [000001EE0BEE3300][000001EE0A819380 49] IOS, [000001EE0BD44F00][000001EE0A821500 49] iPadAir, [000001EE0BEE0E00][000001EE0A829680 49] iPadAir2, [000001EE0CBE8300][000001EE0A847940 49] IPadPro, [000001EE0CBE8400][000001EE0156B980 49] iPadAir3, [000001EE0BEE3400][000001EE0B46BB00 49] iPadAir4, [000001EE0CBEB800][000001EE0B46E100 49] iPadMini2, [000001EE0BEE1B00][000001EE01800280 49] iPadMini3, [000001EE0CBE9400][000001EE01824400 49] iPadMini4, [000001EE0BEE2400][000001EE0A804540 49] iPadMini5, [000001EE0CBE3B00][000001EE01F44780 49] iPhone6, [000001EE0CBE3C00][000001EE01F407C0 49] iPodTouch6, [000001EE0CBEB200][000001EE01F50A40 49] iPhone7, [000001EE0CBEB100][000001EE01F48A80 49] iPodTouch7, [000001EE0CBE0900][000001EE01F54C00 49] iPhone5S, [000001EE0CBE8D00][000001EE01F58D80 49] iPhone6Plus, [000001EE0CBE2F00][000001EE01F5CF00 49] iPhone6S, [000001EE0CBE8900][000001EE01F61080 49] iPhone6SPlus, [000001EE0CBE1200][000001EE01F65200 49] iPhone7Plus, [000001EE0CBEA800][000001EE01D77380 49] iPhoneSE, [000001EE0CBE2600][000001EE01D7B500 49] iPhone8, [000001EE0CBE9B00][000001EE01D7F680 49] iPhone8Plus, [000001EE0CBE3700][000001EE01D8F800 49] iPhoneX, [000001EE0CBEB400][000001EE01D93980 49] iPhoneXS, [000001EE0CBE0A00][000001EE0B4D3B00 49] iPhoneXSMax, [000001EE0CBEA600][000001EE0B804100 49] iPhoneXR, [000001EE0CBE2D00][000001EE0B816280 49] iPhone11, [000001EE0CBE9700][000001EE0B81A400 49] iPhone11Pro, [000001EE0CBE1800][000001EE0B81E580 49] iPhone11ProMax, [000001EE0CBE9E00][000001EE0B822700 49] iPhoneSE2, [000001EE0CBE3E00][000001EE01F4C840 49] iPhone12Mini, [000001EE0CBE8100][000001EE0B826980 49] iPhone12, [000001EE0CBE0400][000001EE0B4D6AC0 49] iPhone12Pro, [000001EE0CBEBC00][000001EE0B4DEC40 49] iPhone12ProMax, [000001EE0CBE2A00][000001EE0B4E2DC0 49] iPadPro105, [000001EE0CBEA500][000001EE0B4E6F40 49] iPadPro129, [000001EE0CBE1600][000001EE0B4FF0C0 49] iPadPro97, [000001EE0CBEAA00][000001EE0B507240 49] iPadPro2_129, [000001EE0CBE1100][000001EE0B50B3C0 49] iPad5, [000001EE0CBEAE00][000001EE0B50F540 49] iPad6, [000001EE0CBE2200][000001EE0B5136C0 49] iPad7, [000001EE0CBE8E00][000001EE017E7840 49] iPad8, [000001EE0CBE0800][000001EE017EB9C0 49] iPadPro11, [000001EE0CBE8600][000001EE017F3B40 49] iPadPro2_11, [000001EE0CBE1E00][000001EE017F6140 49] iPadPro3_129, [000001EE0CBE8C00][000001EE017FA2C0 49] iPadPro4_129, [000001EE0CBE2800][000001EE01804440 49] AppleTV, [000001EE0CBEB600][000001EE018085C0 49] AppleTV4K, [000001EE0CBE0700][000001EE0180C740 49] TVOS, [000001EE0CBEB300][000001EE01F3A8C0 49] Mac, [000001EE0CBE1500][000001EE0B4DAA00 49] MacClient, [000001EE0CBEA900][000001EE0181CB40 49] MacNoEditor, [000001EE0CBE3800][000001EE01820C80 49] MacServer, [000001EE0CBE9600][000001EE017EEDC0 49] Linux, [000001EE0CBE1B00][000001EE01D4CF40 49] LinuxAArch64, [000001EE0CBE9200][000001EE01D510C0 49] LinuxNoEditor, [000001EE0CBE1000][000001EE01D55240 49] LinuxAArch64NoEditor, [000001EE0CBE8700][000001EE0B5033C0 49] LinuxClient, [000001EE0CBE3900][000001EE01D59540 49] LinuxAArch64Client, [000001EE0CBEB700][000001EE01D5D6C0 49] LinuxServer, [000001EE0CBE3000][000001EE01D61840 49] LinuxAArch64Server, [000001EE0CBEA300][000001EE01D659C0 49] Android, [000001EE0BD46B00][000001EE01D69B40 49] Android_Low, [000001EE0BFE2900][000001EE01D6C140 49] Android_Mid, [000001EE0BD45F00][000001EE0154A2C0 49] Android_High, [000001EE0BFE2D00][000001EE0154E440 49] Android_Default, [000001EE0BD44500][000001EE015525C0 49] Android_Adreno4xx, [000001EE0BFE0B00][000001EE01556740 49] Android_Adreno5xx_Low, [000001EE0BD46E00][000001EE0155A8C0 49] Android_Adreno5xx, [000001EE0BFE2200][000001EE0155EA40 49] Android_Adreno6xx, [000001EE0BD46500][000001EE0B516B80 49] Android_Adreno6xx_Vulkan, [000001EE0BFE0E00][000001EE01562CC0 49] Android_Mali_T6xx, [000001EE0BD46300][000001EE01566E00 49] Android_Mali_T7xx, [000001EE0BFE1800][000001EE0B3F6F40 49] Android_Mali_T8xx, [000001EE0BD44B00][000001EE0B3FF0C0 49] Android_Mali_G71, [000001EE0BFE2400][000001EE0B403240 49] Android_Mali_G72, [000001EE0BD45900][000001EE0B4073C0 49] Android_Mali_G72_Vulkan, [000001EE0BFE1300][000001EE0B40B540 49] Android_Mali_G76, [000001EE0BD45000][000001EE0B40F6C0 49] Android_Mali_G76_Vulkan, [000001EE0BFE0500][000001EE0B413840 49] Android_Mali_G77, [000001EE0BD45C00][000001EE0B4179C0 49] Android_Mali_G77_Vulkan, [000001EE0BFE2F00][000001EE0B41BB40 49] Android_Mali_G78, [000001EE0BD45100][000001EE017B0140 49] Android_Mali_G78_Vulkan, [000001EE0BFE2A00][000001EE017B42C0 49] Android_Mali_G710, [000001EE0BD47000][000001EE017B8440 49] Android_Mali_G710_Vulkan, [000001EE0BFE2500][000001EE017BC5C0 49] Android_Vulkan_SM5, [000001EE0BD44100][000001EE017C0740 49] Android_PowerVR_G6xxx, [000001EE0BFE0A00][000001EE017C48C0 49] Android_PowerVR_GT7xxx, [000001EE0CBEBB00][000001EE017C8A40 49] Android_PowerVR_GE8xxx, [000001EE0BFE0200][000001EE017CCBC0 49] Android_PowerVR_GM9xxx, [000001EE0CBE8800][000001EE017D0D40 49] Android_PowerVR_GM9xxx_Vulkan, [000001EE0BFE2B00][000001EE0B3FAE80 49] Android_TegraK1, [000001EE0CBEB900][000001EE017D4FC0 49] Android_Unknown_Vulkan, [000001EE0BFE1500][000001EE017D9100 49] Lumin, [000001EE0CBE8A00][000001EE017E1280 49] Lumin_Desktop, [000001EE0BFE2100][000001EE081E7400 49] HoloLens, 
[2021.12.21-15.12.55:299][  0]LogMeshReduction: Using QuadricMeshReduction for automatic static mesh reduction
[2021.12.21-15.12.55:299][  0]LogMeshReduction: Using SimplygonMeshReduction for automatic skeletal mesh reduction
[2021.12.21-15.12.55:299][  0]LogMeshReduction: Using ProxyLODMeshReduction for automatic mesh merging
[2021.12.21-15.12.55:299][  0]LogMeshReduction: No distributed automatic mesh merging module available
[2021.12.21-15.12.55:299][  0]LogMeshMerging: No distributed automatic mesh merging module available
[2021.12.21-15.12.55:311][  0]LogNetVersion: fpsPRoject 1.0.0, NetCL: 17155196, EngineNetVer: 17, GameNetVer: 0 (Checksum: 551633527)
[2021.12.21-15.12.55:589][  0]LogTexture: Default maximum texture size for cubemaps generated from long-lat sources has been changed from 512 to unlimited. In order to preserve old behaiour for '/Engine/MapTemplates/Sky/DaylightAmbientCubemap.DaylightAmbientCubemap', its maximum texture size has been explicitly set to 512.
[2021.12.21-15.12.55:648][  0]LogUObjectArray: 16878 objects as part of root set at end of initial load.
[2021.12.21-15.12.55:648][  0]LogUObjectAllocator: 4218224 out of 0 bytes used by permanent object pool.
[2021.12.21-15.12.55:648][  0]LogUObjectArray: CloseDisregardForGC: 0/0 objects in disregard for GC pool
[2021.12.21-15.12.55:847][  0]LogNiagaraDebuggerClient: Niagara Debugger Client Initialized | Session: 818FF2BA4F37A72A32A579B69FA14B69 | Instance: AD59CC51438ACD4CB64CCBB2DF0BE691 (DESKTOP-GK13RSM-8652).
[2021.12.21-15.12.55:877][  0]LogTcpMessaging: Initializing TcpMessaging bridge
[2021.12.21-15.12.55:880][  0]LogUdpMessaging: Initializing bridge on interface 0.0.0.0:0 to multicast group 230.0.0.1:6666.
[2021.12.21-15.12.55:962][  0]LogPython: Using Python 3.7.7
[2021.12.21-15.12.56:451][  0]SourceControl: Source control is disabled
[2021.12.21-15.12.56:451][  0]SourceControl: Source control is disabled
[2021.12.21-15.12.56:492][  0]SourceControl: Source control is disabled
[2021.12.21-15.12.56:494][  0]SourceControl: Source control is disabled
[2021.12.21-15.12.56:498][  0]SourceControl: Source control is disabled
[2021.12.21-15.12.56:500][  0]LogUProjectInfo: Found projects:
[2021.12.21-15.12.56:616][  0]LogAndroidPermission: UAndroidPermissionCallbackProxy::GetInstance
[2021.12.21-15.12.56:636][  0]LogOpenImageDenoise: OIDN starting up
[2021.12.21-15.12.56:640][  0]LogAudioCaptureCore: Display: No Audio Capture implementations found. Audio input will be silent.
[2021.12.21-15.12.56:640][  0]LogAudioCaptureCore: Display: No Audio Capture implementations found. Audio input will be silent.
[2021.12.21-15.12.56:700][  0]LogCollectionManager: Loaded 0 collections in 0.000612 seconds
[2021.12.21-15.12.56:750][  0]LogFileCache: Scanning file cache for directory 'D:/unreal/FpsUnrealEngine/FpsUnreal/fpsPRoject/Saved/Collections/' took 0.00s
[2021.12.21-15.12.56:750][  0]LogFileCache: Scanning file cache for directory 'D:/unreal/FpsUnrealEngine/FpsUnreal/fpsPRoject/Content/Developers/mikee/Collections/' took 0.00s
[2021.12.21-15.12.56:750][  0]LogFileCache: Scanning file cache for directory 'D:/unreal/FpsUnrealEngine/FpsUnreal/fpsPRoject/Content/Collections/' took 0.00s
[2021.12.21-15.12.56:750][  0]LogEngine: Initializing Engine...
[2021.12.21-15.12.56:751][  0]LogMagicLeap: Warning: VR disabled because ZI is not enabled.  To enable, in the editor, Edit -> Project Settings -> Plugins -> Magic Leap Plugin -> Enable Zero Iteration
[2021.12.21-15.12.56:751][  0]LogStats: UGameplayTagsManager::InitializeManager -  0.000 s
[2021.12.21-15.12.56:846][  0]LogInit: Initializing FReadOnlyCVARCache
[2021.12.21-15.12.56:856][  0]LogAIModule: Creating AISystem for world Untitled
[2021.12.21-15.12.56:857][  0]LogAudio: Display: Initializing Audio Device Manager...
[2021.12.21-15.12.56:859][  0]LogAudio: Display: Loading Default Audio Settings Objects...
[2021.12.21-15.12.56:859][  0]LogAudio: Display: No default SoundConcurrencyObject specified (or failed to load).
[2021.12.21-15.12.56:859][  0]LogAudio: Display: Audio Device Manager Initialized
[2021.12.21-15.12.56:859][  0]LogAudio: Display: Creating Audio Device:                 Id: 1, Scope: Shared, Realtime: True
[2021.12.21-15.12.56:860][  0]LogAudioMixer: Display: Audio Mixer Platform Settings:
[2021.12.21-15.12.56:860][  0]LogAudioMixer: Display: 	Sample Rate:						  48000
[2021.12.21-15.12.56:860][  0]LogAudioMixer: Display: 	Callback Buffer Frame Size Requested: 1024
[2021.12.21-15.12.56:860][  0]LogAudioMixer: Display: 	Callback Buffer Frame Size To Use:	  1024
[2021.12.21-15.12.56:860][  0]LogAudioMixer: Display: 	Number of buffers to queue:			  2
[2021.12.21-15.12.56:860][  0]LogAudioMixer: Display: 	Max Channels (voices):				  32
[2021.12.21-15.12.56:860][  0]LogAudioMixer: Display: 	Number of Async Source Workers:		  0
[2021.12.21-15.12.56:860][  0]LogAudio: Display: AudioDevice MaxSources: 32
[2021.12.21-15.12.56:860][  0]LogAudio: Display: Audio Spatialization Plugin: None (built-in).
[2021.12.21-15.12.56:860][  0]LogAudio: Display: Audio Reverb Plugin: None (built-in).
[2021.12.21-15.12.56:860][  0]LogAudio: Display: Audio Occlusion Plugin: None (built-in).
[2021.12.21-15.12.56:860][  0]LogAudioMixer: Display: Initializing audio mixer.
[2021.12.21-15.12.56:871][  0]LogAudioMixer: Display: 0: FrontLeft
[2021.12.21-15.12.56:871][  0]LogAudioMixer: Display: 1: FrontRight
[2021.12.21-15.12.56:871][  0]LogAudioMixer: Display: 2: FrontCenter
[2021.12.21-15.12.56:871][  0]LogAudioMixer: Display: 3: LowFrequency
[2021.12.21-15.12.56:871][  0]LogAudioMixer: Display: 4: BackLeft
[2021.12.21-15.12.56:871][  0]LogAudioMixer: Display: 5: BackRight
[2021.12.21-15.12.56:871][  0]LogAudioMixer: Display: 6: SideLeft
[2021.12.21-15.12.56:871][  0]LogAudioMixer: Display: 7: SideRight
[2021.12.21-15.12.57:002][  0]LogAudioMixer: Display: Using Audio Device Auricolare e microtelefono (2- CORSAIR VOID ELITE Wireless Gaming Headset)
[2021.12.21-15.12.57:002][  0]LogAudioMixer: Display: Initializing Sound Submixes...
[2021.12.21-15.12.57:004][  0]LogAudioMixer: Display: Creating Master Submix 'MasterSubmixDefault'
[2021.12.21-15.12.57:004][  0]LogAudioMixer: Display: Creating Master Submix 'MasterReverbSubmixDefault'
[2021.12.21-15.12.57:004][  0]LogAudioMixer: Display: Creating Master Submix 'MasterEQSubmixDefault'
[2021.12.21-15.12.57:004][  0]LogAudioMixer: FMixerPlatformXAudio2::StartAudioStream() called
[2021.12.21-15.12.57:004][  0]LogAudioMixer: Display: Output buffers initialized: Frames=1024, Channels=8, Samples=8192
[2021.12.21-15.12.57:005][  0]LogAudioMixer: Display: Starting AudioMixerPlatformInterface::RunInternal()
[2021.12.21-15.12.57:005][  0]LogAudioMixer: Display: FMixerPlatformXAudio2::SubmitBuffer() called for the first time
[2021.12.21-15.12.57:005][  0]LogInit: FAudioDevice initialized.
[2021.12.21-15.12.57:005][  0]LogAudio: Display: Audio Device (ID: 1) registered with world 'Untitled'.
[2021.12.21-15.12.57:005][  0]LogNetVersion: Set ProjectVersion to 1.0.0.0. Version Checksum will be recalculated on next use.
[2021.12.21-15.12.57:080][  0]LogDerivedDataCache: Saved boot cache 0.07s 94MB C:/Users/mikee/AppData/Local/UnrealEngine/4.27/DerivedDataCache/Boot.ddc.
[2021.12.21-15.12.57:081][  0]LogInit: Texture streaming: Enabled
[2021.12.21-15.12.57:089][  0]LogAnalytics: Display: [UEEditor.Rocket.Release] APIServer = https://datarouter.ol.epicgames.com/. AppVersion = 4.27.2-18319896+++UE4+Release-4.27
[2021.12.21-15.12.57:092][  0]LogEngineSessionManager: EngineSessionManager initialized
[2021.12.21-15.12.57:092][  0]LogEditorSessionSummary: Verbose: Initializing EditorSessionSummaryWriter for editor session tracking
[2021.12.21-15.12.57:093][  0]LogEditorSessionSummary: EditorSessionSummaryWriter initialized
[2021.12.21-15.12.57:110][  0]LogInit: Transaction tracking system initialized
[2021.12.21-15.12.57:125][  0]BlueprintLog: New page: Editor Load
[2021.12.21-15.12.57:172][  0]LocalizationService: Localization service is disabled
[2021.12.21-15.12.57:188][  0]TimingProfiler: Initialize
[2021.12.21-15.12.57:188][  0]TimingProfiler: OnSessionChanged
[2021.12.21-15.12.57:188][  0]LoadingProfiler: Initialize
[2021.12.21-15.12.57:188][  0]LoadingProfiler: OnSessionChanged
[2021.12.21-15.12.57:188][  0]NetworkingProfiler: Initialize
[2021.12.21-15.12.57:188][  0]NetworkingProfiler: OnSessionChanged
[2021.12.21-15.12.57:188][  0]MemoryProfiler: Initialize
[2021.12.21-15.12.57:188][  0]MemoryProfiler: OnSessionChanged
[2021.12.21-15.12.57:283][  0]LogCook: Display: CookSettings for Memory: MemoryMaxUsedVirtual 0MiB, MemoryMaxUsedPhysical 16384MiB, MemoryMinFreeVirtual 0MiB, MemoryMinFreePhysical 1024MiB
[2021.12.21-15.12.57:283][  0]LogCook: Display: Mobile HDR setting 1
[2021.12.21-15.12.57:395][  0]LogFileCache: Scanning file cache for directory 'D:/unreal/FpsUnrealEngine/FpsUnreal/fpsPRoject/Content/' took 0.00s
[2021.12.21-15.12.57:395][  0]LogInit: Display: Engine is initialized. Leaving FEngineLoop::Init()
[2021.12.21-15.12.57:397][  0]SourceControl: Source control is disabled
[2021.12.21-15.12.57:397][  0]LogUnrealEdMisc: Loading editor; pre map load, took 4.514
[2021.12.21-15.12.57:397][  0]Cmd: MAP LOAD FILE="../../../../../FpsUnrealEngine/FpsUnreal/fpsPRoject/Content/StarterContent/Maps/Minimal_Default.umap" TEMPLATE=0 SHOWPROGRESS=1 FEATURELEVEL=3
[2021.12.21-15.12.57:398][  0]LightingResults: New page: Lighting Build
[2021.12.21-15.12.57:398][  0]LogWorld: UWorld::CleanupWorld for Untitled, bSessionEnded=true, bCleanupResources=true
[2021.12.21-15.12.57:399][  0]LogSlate: InvalidateAllWidgets triggered.  All widgets were invalidated
[2021.12.21-15.12.57:399][  0]MapCheck: New page: Map Check
[2021.12.21-15.12.57:399][  0]LightingResults: New page: Lighting Build
[2021.12.21-15.12.57:401][  0]LogAudio: Display: Audio Device unregistered from world 'None'.
[2021.12.21-15.12.57:404][  0]LogUObjectHash: Compacting FUObjectHashTables data took   0.74ms
[2021.12.21-15.12.57:467][  0]LogStaticMesh: Building static mesh Floor_400x400...
[2021.12.21-15.12.57:467][  0]LogStaticMesh: Built static mesh [0.00s] /Game/StarterContent/Architecture/Floor_400x400.Floor_400x400
[2021.12.21-15.12.57:470][  0]LogTexture: Display: Building textures: DeprecatedTextureD6C57B644F03DADF4F2699848FAEA3C3 (BGRA8, 128X128)
[2021.12.21-15.12.57:473][  0]LogTexture: Display: Building textures: DeprecatedTexture8D91C9AE4C6B8D628CDA3C848426284A (BGRA8, 128X128)
[2021.12.21-15.12.57:508][  0]LogAudio: Display: Audio Device (ID: 1) registered with world 'Minimal_Default'.
[2021.12.21-15.12.57:509][  0]LogAIModule: Creating AISystem for world Minimal_Default
[2021.12.21-15.12.57:512][  0]LogEditorServer: Finished looking for orphan Actors (0.000 secs)
[2021.12.21-15.12.57:516][  0]LogUObjectHash: Compacting FUObjectHashTables data took   0.81ms
[2021.12.21-15.12.57:517][  0]Cmd: MAP CHECKDEP NOCLEARLOG
[2021.12.21-15.12.57:517][  0]MapCheck: Map check complete: 0 Error(s), 0 Warning(s), took 0,092ms to complete.
[2021.12.21-15.12.57:517][  0]LogFileHelpers: Loading map 'Minimal_Default' took 0.120
[2021.12.21-15.12.57:518][  0]LogUnrealEdMisc: Total Editor Startup Time, took 4.635
[2021.12.21-15.12.57:629][  0]LogSlate: Updating window title bar state: overlay mode, drag disabled, window buttons hidden, title bar hidden
[2021.12.21-15.12.57:634][  0]LogSlate: Updating window title bar state: overlay mode, drag disabled, window buttons hidden, title bar hidden
[2021.12.21-15.12.57:639][  0]LogSlate: Updating window title bar state: overlay mode, drag disabled, window buttons hidden, title bar hidden
[2021.12.21-15.12.57:643][  0]LogSlate: Updating window title bar state: overlay mode, drag disabled, window buttons hidden, title bar hidden
[2021.12.21-15.12.57:654][  0]LogNativeClassHierarchy: Verbose: Native class hierarchy populated in 0.0081 seconds. Added 3714 classes and 868 folders.
[2021.12.21-15.12.57:656][  0]LogNativeClassHierarchy: Verbose: Native class hierarchy updated for 'WidgetCarousel' in 0.0002 seconds. Added 0 classes and 0 folders.
[2021.12.21-15.12.57:657][  0]LogPakFile: PakFile PrimaryIndexSize=187
[2021.12.21-15.12.57:657][  0]LogPakFile: PakFile PathHashIndexSize=101
[2021.12.21-15.12.57:657][  0]LogPakFile: PakFile FullDirectoryIndexSize=148
[2021.12.21-15.12.57:657][  0]LogShaderLibrary: Display: ShaderCodeLibraryPakFileMountedCallback: PakFile 'D:/unreal/unreal/UE_4.27/FeaturePacks/FP_FirstPerson.upack' (chunk index -1, root 'root:/') mounted
[2021.12.21-15.12.57:657][  0]LogShaderLibrary: Display: ShaderCodeLibraryPakFileMountedCallback: pending pak file info (ChunkID:-1 Root:root:/ File:D:/unreal/unreal/UE_4.27/FeaturePacks/FP_FirstPerson.upack)
[2021.12.21-15.12.57:657][  0]LogPakFile: OnPakFileMounted2Time == 0.000046
[2021.12.21-15.12.57:657][  0]LogPakFile: PakFile PrimaryIndexSize=189
[2021.12.21-15.12.57:657][  0]LogPakFile: PakFile PathHashIndexSize=101
[2021.12.21-15.12.57:657][  0]LogPakFile: PakFile FullDirectoryIndexSize=152
[2021.12.21-15.12.57:657][  0]LogShaderLibrary: Display: ShaderCodeLibraryPakFileMountedCallback: PakFile 'D:/unreal/unreal/UE_4.27/FeaturePacks/FP_FirstPersonBP.upack' (chunk index -1, root 'root:/') mounted
[2021.12.21-15.12.57:657][  0]LogShaderLibrary: Display: ShaderCodeLibraryPakFileMountedCallback: pending pak file info (ChunkID:-1 Root:root:/ File:D:/unreal/unreal/UE_4.27/FeaturePacks/FP_FirstPersonBP.upack)
[2021.12.21-15.12.57:657][  0]LogPakFile: OnPakFileMounted2Time == 0.000029
[2021.12.21-15.12.57:658][  0]LogPakFile: PakFile PrimaryIndexSize=191
[2021.12.21-15.12.57:658][  0]LogPakFile: PakFile PathHashIndexSize=101
[2021.12.21-15.12.57:658][  0]LogPakFile: PakFile FullDirectoryIndexSize=160
[2021.12.21-15.12.57:658][  0]LogShaderLibrary: Display: ShaderCodeLibraryPakFileMountedCallback: PakFile 'D:/unreal/unreal/UE_4.27/FeaturePacks/MobileStarterContent.upack' (chunk index -1, root 'root:/') mounted
[2021.12.21-15.12.57:658][  0]LogShaderLibrary: Display: ShaderCodeLibraryPakFileMountedCallback: pending pak file info (ChunkID:-1 Root:root:/ File:D:/unreal/unreal/UE_4.27/FeaturePacks/MobileStarterContent.upack)
[2021.12.21-15.12.57:658][  0]LogPakFile: OnPakFileMounted2Time == 0.000027
[2021.12.21-15.12.57:658][  0]LogPakFile: PakFile PrimaryIndexSize=185
[2021.12.21-15.12.57:658][  0]LogPakFile: PakFile PathHashIndexSize=101
[2021.12.21-15.12.57:658][  0]LogPakFile: PakFile FullDirectoryIndexSize=148
[2021.12.21-15.12.57:658][  0]LogShaderLibrary: Display: ShaderCodeLibraryPakFileMountedCallback: PakFile 'D:/unreal/unreal/UE_4.27/FeaturePacks/StarterContent.upack' (chunk index -1, root 'root:/') mounted
[2021.12.21-15.12.57:658][  0]LogShaderLibrary: Display: ShaderCodeLibraryPakFileMountedCallback: pending pak file info (ChunkID:-1 Root:root:/ File:D:/unreal/unreal/UE_4.27/FeaturePacks/StarterContent.upack)
[2021.12.21-15.12.57:658][  0]LogPakFile: OnPakFileMounted2Time == 0.000030
[2021.12.21-15.12.57:659][  0]LogPakFile: PakFile PrimaryIndexSize=190
[2021.12.21-15.12.57:659][  0]LogPakFile: PakFile PathHashIndexSize=101
[2021.12.21-15.12.57:659][  0]LogPakFile: PakFile FullDirectoryIndexSize=154
[2021.12.21-15.12.57:659][  0]LogShaderLibrary: Display: ShaderCodeLibraryPakFileMountedCallback: PakFile 'D:/unreal/unreal/UE_4.27/FeaturePacks/TP_2DSideScroller.upack' (chunk index -1, root 'root:/') mounted
[2021.12.21-15.12.57:659][  0]LogShaderLibrary: Display: ShaderCodeLibraryPakFileMountedCallback: pending pak file info (ChunkID:-1 Root:root:/ File:D:/unreal/unreal/UE_4.27/FeaturePacks/TP_2DSideScroller.upack)
[2021.12.21-15.12.57:659][  0]LogPakFile: OnPakFileMounted2Time == 0.000028
[2021.12.21-15.12.57:659][  0]LogPakFile: PakFile PrimaryIndexSize=192
[2021.12.21-15.12.57:659][  0]LogPakFile: PakFile PathHashIndexSize=101
[2021.12.21-15.12.57:659][  0]LogPakFile: PakFile FullDirectoryIndexSize=158
[2021.12.21-15.12.57:659][  0]LogShaderLibrary: Display: ShaderCodeLibraryPakFileMountedCallback: PakFile 'D:/unreal/unreal/UE_4.27/FeaturePacks/TP_2DSideScrollerBP.upack' (chunk index -1, root 'root:/') mounted
[2021.12.21-15.12.57:659][  0]LogShaderLibrary: Display: ShaderCodeLibraryPakFileMountedCallback: pending pak file info (ChunkID:-1 Root:root:/ File:D:/unreal/unreal/UE_4.27/FeaturePacks/TP_2DSideScrollerBP.upack)
[2021.12.21-15.12.57:659][  0]LogPakFile: OnPakFileMounted2Time == 0.000026
[2021.12.21-15.12.57:659][  0]LogPakFile: PakFile PrimaryIndexSize=182
[2021.12.21-15.12.57:659][  0]LogPakFile: PakFile PathHashIndexSize=101
[2021.12.21-15.12.57:659][  0]LogPakFile: PakFile FullDirectoryIndexSize=138
[2021.12.21-15.12.57:659][  0]LogShaderLibrary: Display: ShaderCodeLibraryPakFileMountedCallback: PakFile 'D:/unreal/unreal/UE_4.27/FeaturePacks/TP_Flying.upack' (chunk index -1, root 'root:/') mounted
[2021.12.21-15.12.57:659][  0]LogShaderLibrary: Display: ShaderCodeLibraryPakFileMountedCallback: pending pak file info (ChunkID:-1 Root:root:/ File:D:/unreal/unreal/UE_4.27/FeaturePacks/TP_Flying.upack)
[2021.12.21-15.12.57:659][  0]LogPakFile: OnPakFileMounted2Time == 0.000025
[2021.12.21-15.12.57:660][  0]LogPakFile: PakFile PrimaryIndexSize=184
[2021.12.21-15.12.57:660][  0]LogPakFile: PakFile PathHashIndexSize=101
[2021.12.21-15.12.57:660][  0]LogPakFile: PakFile FullDirectoryIndexSize=142
[2021.12.21-15.12.57:660][  0]LogShaderLibrary: Display: ShaderCodeLibraryPakFileMountedCallback: PakFile 'D:/unreal/unreal/UE_4.27/FeaturePacks/TP_FlyingBP.upack' (chunk index -1, root 'root:/') mounted
[2021.12.21-15.12.57:660][  0]LogShaderLibrary: Display: ShaderCodeLibraryPakFileMountedCallback: pending pak file info (ChunkID:-1 Root:root:/ File:D:/unreal/unreal/UE_4.27/FeaturePacks/TP_FlyingBP.upack)
[2021.12.21-15.12.57:660][  0]LogPakFile: OnPakFileMounted2Time == 0.000025
[2021.12.21-15.12.57:660][  0]LogPakFile: PakFile PrimaryIndexSize=188
[2021.12.21-15.12.57:660][  0]LogPakFile: PakFile PathHashIndexSize=101
[2021.12.21-15.12.57:660][  0]LogPakFile: PakFile FullDirectoryIndexSize=150
[2021.12.21-15.12.57:660][  0]LogShaderLibrary: Display: ShaderCodeLibraryPakFileMountedCallback: PakFile 'D:/unreal/unreal/UE_4.27/FeaturePacks/TP_HandheldARBP.upack' (chunk index -1, root 'root:/') mounted
[2021.12.21-15.12.57:660][  0]LogShaderLibrary: Display: ShaderCodeLibraryPakFileMountedCallback: pending pak file info (ChunkID:-1 Root:root:/ File:D:/unreal/unreal/UE_4.27/FeaturePacks/TP_HandheldARBP.upack)
[2021.12.21-15.12.57:660][  0]LogPakFile: OnPakFileMounted2Time == 0.000025
[2021.12.21-15.12.57:661][  0]LogPakFile: PakFile PrimaryIndexSize=182
[2021.12.21-15.12.57:661][  0]LogPakFile: PakFile PathHashIndexSize=101
[2021.12.21-15.12.57:661][  0]LogPakFile: PakFile FullDirectoryIndexSize=138
[2021.12.21-15.12.57:661][  0]LogShaderLibrary: Display: ShaderCodeLibraryPakFileMountedCallback: PakFile 'D:/unreal/unreal/UE_4.27/FeaturePacks/TP_Puzzle.upack' (chunk index -1, root 'root:/') mounted
[2021.12.21-15.12.57:661][  0]LogShaderLibrary: Display: ShaderCodeLibraryPakFileMountedCallback: pending pak file info (ChunkID:-1 Root:root:/ File:D:/unreal/unreal/UE_4.27/FeaturePacks/TP_Puzzle.upack)
[2021.12.21-15.12.57:661][  0]LogPakFile: OnPakFileMounted2Time == 0.000025
[2021.12.21-15.12.57:661][  0]LogPakFile: PakFile PrimaryIndexSize=184
[2021.12.21-15.12.57:661][  0]LogPakFile: PakFile PathHashIndexSize=101
[2021.12.21-15.12.57:661][  0]LogPakFile: PakFile FullDirectoryIndexSize=142
[2021.12.21-15.12.57:661][  0]LogShaderLibrary: Display: ShaderCodeLibraryPakFileMountedCallback: PakFile 'D:/unreal/unreal/UE_4.27/FeaturePacks/TP_PuzzleBP.upack' (chunk index -1, root 'root:/') mounted
[2021.12.21-15.12.57:661][  0]LogShaderLibrary: Display: ShaderCodeLibraryPakFileMountedCallback: pending pak file info (ChunkID:-1 Root:root:/ File:D:/unreal/unreal/UE_4.27/FeaturePacks/TP_PuzzleBP.upack)
[2021.12.21-15.12.57:661][  0]LogPakFile: OnPakFileMounted2Time == 0.000041
[2021.12.21-15.12.57:661][  0]LogPakFile: PakFile PrimaryIndexSize=183
[2021.12.21-15.12.57:661][  0]LogPakFile: PakFile PathHashIndexSize=101
[2021.12.21-15.12.57:661][  0]LogPakFile: PakFile FullDirectoryIndexSize=140
[2021.12.21-15.12.57:661][  0]LogShaderLibrary: Display: ShaderCodeLibraryPakFileMountedCallback: PakFile 'D:/unreal/unreal/UE_4.27/FeaturePacks/TP_Rolling.upack' (chunk index -1, root 'root:/') mounted
[2021.12.21-15.12.57:661][  0]LogShaderLibrary: Display: ShaderCodeLibraryPakFileMountedCallback: pending pak file info (ChunkID:-1 Root:root:/ File:D:/unreal/unreal/UE_4.27/FeaturePacks/TP_Rolling.upack)
[2021.12.21-15.12.57:661][  0]LogPakFile: OnPakFileMounted2Time == 0.000027
[2021.12.21-15.12.57:662][  0]LogPakFile: PakFile PrimaryIndexSize=185
[2021.12.21-15.12.57:662][  0]LogPakFile: PakFile PathHashIndexSize=101
[2021.12.21-15.12.57:662][  0]LogPakFile: PakFile FullDirectoryIndexSize=144
[2021.12.21-15.12.57:662][  0]LogShaderLibrary: Display: ShaderCodeLibraryPakFileMountedCallback: PakFile 'D:/unreal/unreal/UE_4.27/FeaturePacks/TP_RollingBP.upack' (chunk index -1, root 'root:/') mounted
[2021.12.21-15.12.57:662][  0]LogShaderLibrary: Display: ShaderCodeLibraryPakFileMountedCallback: pending pak file info (ChunkID:-1 Root:root:/ File:D:/unreal/unreal/UE_4.27/FeaturePacks/TP_RollingBP.upack)
[2021.12.21-15.12.57:662][  0]LogPakFile: OnPakFileMounted2Time == 0.000027
[2021.12.21-15.12.57:662][  0]LogPakFile: PakFile PrimaryIndexSize=188
[2021.12.21-15.12.57:662][  0]LogPakFile: PakFile PathHashIndexSize=101
[2021.12.21-15.12.57:662][  0]LogPakFile: PakFile FullDirectoryIndexSize=150
[2021.12.21-15.12.57:662][  0]LogShaderLibrary: Display: ShaderCodeLibraryPakFileMountedCallback: PakFile 'D:/unreal/unreal/UE_4.27/FeaturePacks/TP_SideScroller.upack' (chunk index -1, root 'root:/') mounted
[2021.12.21-15.12.57:662][  0]LogShaderLibrary: Display: ShaderCodeLibraryPakFileMountedCallback: pending pak file info (ChunkID:-1 Root:root:/ File:D:/unreal/unreal/UE_4.27/FeaturePacks/TP_SideScroller.upack)
[2021.12.21-15.12.57:662][  0]LogPakFile: OnPakFileMounted2Time == 0.000025
[2021.12.21-15.12.57:663][  0]LogPakFile: PakFile PrimaryIndexSize=190
[2021.12.21-15.12.57:663][  0]LogPakFile: PakFile PathHashIndexSize=101
[2021.12.21-15.12.57:663][  0]LogPakFile: PakFile FullDirectoryIndexSize=154
[2021.12.21-15.12.57:663][  0]LogShaderLibrary: Display: ShaderCodeLibraryPakFileMountedCallback: PakFile 'D:/unreal/unreal/UE_4.27/FeaturePacks/TP_SideScrollerBP.upack' (chunk index -1, root 'root:/') mounted
[2021.12.21-15.12.57:663][  0]LogShaderLibrary: Display: ShaderCodeLibraryPakFileMountedCallback: pending pak file info (ChunkID:-1 Root:root:/ File:D:/unreal/unreal/UE_4.27/FeaturePacks/TP_SideScrollerBP.upack)
[2021.12.21-15.12.57:663][  0]LogPakFile: OnPakFileMounted2Time == 0.000025
[2021.12.21-15.12.57:663][  0]LogPakFile: PakFile PrimaryIndexSize=187
[2021.12.21-15.12.57:663][  0]LogPakFile: PakFile PathHashIndexSize=101
[2021.12.21-15.12.57:663][  0]LogPakFile: PakFile FullDirectoryIndexSize=148
[2021.12.21-15.12.57:663][  0]LogShaderLibrary: Display: ShaderCodeLibraryPakFileMountedCallback: PakFile 'D:/unreal/unreal/UE_4.27/FeaturePacks/TP_ThirdPerson.upack' (chunk index -1, root 'root:/') mounted
[2021.12.21-15.12.57:663][  0]LogShaderLibrary: Display: ShaderCodeLibraryPakFileMountedCallback: pending pak file info (ChunkID:-1 Root:root:/ File:D:/unreal/unreal/UE_4.27/FeaturePacks/TP_ThirdPerson.upack)
[2021.12.21-15.12.57:663][  0]LogPakFile: OnPakFileMounted2Time == 0.000029
[2021.12.21-15.12.57:663][  0]LogPakFile: PakFile PrimaryIndexSize=189
[2021.12.21-15.12.57:663][  0]LogPakFile: PakFile PathHashIndexSize=101
[2021.12.21-15.12.57:663][  0]LogPakFile: PakFile FullDirectoryIndexSize=152
[2021.12.21-15.12.57:663][  0]LogShaderLibrary: Display: ShaderCodeLibraryPakFileMountedCallback: PakFile 'D:/unreal/unreal/UE_4.27/FeaturePacks/TP_ThirdPersonBP.upack' (chunk index -1, root 'root:/') mounted
[2021.12.21-15.12.57:663][  0]LogShaderLibrary: Display: ShaderCodeLibraryPakFileMountedCallback: pending pak file info (ChunkID:-1 Root:root:/ File:D:/unreal/unreal/UE_4.27/FeaturePacks/TP_ThirdPersonBP.upack)
[2021.12.21-15.12.57:663][  0]LogPakFile: OnPakFileMounted2Time == 0.000025
[2021.12.21-15.12.57:664][  0]LogPakFile: PakFile PrimaryIndexSize=183
[2021.12.21-15.12.57:664][  0]LogPakFile: PakFile PathHashIndexSize=101
[2021.12.21-15.12.57:664][  0]LogPakFile: PakFile FullDirectoryIndexSize=140
[2021.12.21-15.12.57:664][  0]LogShaderLibrary: Display: ShaderCodeLibraryPakFileMountedCallback: PakFile 'D:/unreal/unreal/UE_4.27/FeaturePacks/TP_TopDown.upack' (chunk index -1, root 'root:/') mounted
[2021.12.21-15.12.57:664][  0]LogShaderLibrary: Display: ShaderCodeLibraryPakFileMountedCallback: pending pak file info (ChunkID:-1 Root:root:/ File:D:/unreal/unreal/UE_4.27/FeaturePacks/TP_TopDown.upack)
[2021.12.21-15.12.57:664][  0]LogPakFile: OnPakFileMounted2Time == 0.000030
[2021.12.21-15.12.57:664][  0]LogPakFile: PakFile PrimaryIndexSize=185
[2021.12.21-15.12.57:664][  0]LogPakFile: PakFile PathHashIndexSize=101
[2021.12.21-15.12.57:664][  0]LogPakFile: PakFile FullDirectoryIndexSize=144
[2021.12.21-15.12.57:664][  0]LogShaderLibrary: Display: ShaderCodeLibraryPakFileMountedCallback: PakFile 'D:/unreal/unreal/UE_4.27/FeaturePacks/TP_TopDownBP.upack' (chunk index -1, root 'root:/') mounted
[2021.12.21-15.12.57:664][  0]LogShaderLibrary: Display: ShaderCodeLibraryPakFileMountedCallback: pending pak file info (ChunkID:-1 Root:root:/ File:D:/unreal/unreal/UE_4.27/FeaturePacks/TP_TopDownBP.upack)
[2021.12.21-15.12.57:664][  0]LogPakFile: OnPakFileMounted2Time == 0.000028
[2021.12.21-15.12.57:664][  0]LogPakFile: PakFile PrimaryIndexSize=185
[2021.12.21-15.12.57:664][  0]LogPakFile: PakFile PathHashIndexSize=101
[2021.12.21-15.12.57:664][  0]LogPakFile: PakFile FullDirectoryIndexSize=144
[2021.12.21-15.12.57:664][  0]LogShaderLibrary: Display: ShaderCodeLibraryPakFileMountedCallback: PakFile 'D:/unreal/unreal/UE_4.27/FeaturePacks/TP_TwinStick.upack' (chunk index -1, root 'root:/') mounted
[2021.12.21-15.12.57:664][  0]LogShaderLibrary: Display: ShaderCodeLibraryPakFileMountedCallback: pending pak file info (ChunkID:-1 Root:root:/ File:D:/unreal/unreal/UE_4.27/FeaturePacks/TP_TwinStick.upack)
[2021.12.21-15.12.57:664][  0]LogPakFile: OnPakFileMounted2Time == 0.000025
[2021.12.21-15.12.57:665][  0]LogPakFile: PakFile PrimaryIndexSize=187
[2021.12.21-15.12.57:665][  0]LogPakFile: PakFile PathHashIndexSize=101
[2021.12.21-15.12.57:665][  0]LogPakFile: PakFile FullDirectoryIndexSize=148
[2021.12.21-15.12.57:665][  0]LogShaderLibrary: Display: ShaderCodeLibraryPakFileMountedCallback: PakFile 'D:/unreal/unreal/UE_4.27/FeaturePacks/TP_TwinStickBP.upack' (chunk index -1, root 'root:/') mounted
[2021.12.21-15.12.57:665][  0]LogShaderLibrary: Display: ShaderCodeLibraryPakFileMountedCallback: pending pak file info (ChunkID:-1 Root:root:/ File:D:/unreal/unreal/UE_4.27/FeaturePacks/TP_TwinStickBP.upack)
[2021.12.21-15.12.57:665][  0]LogPakFile: OnPakFileMounted2Time == 0.000025
[2021.12.21-15.12.57:665][  0]LogPakFile: PakFile PrimaryIndexSize=183
[2021.12.21-15.12.57:665][  0]LogPakFile: PakFile PathHashIndexSize=101
[2021.12.21-15.12.57:665][  0]LogPakFile: PakFile FullDirectoryIndexSize=140
[2021.12.21-15.12.57:665][  0]LogShaderLibrary: Display: ShaderCodeLibraryPakFileMountedCallback: PakFile 'D:/unreal/unreal/UE_4.27/FeaturePacks/TP_Vehicle.upack' (chunk index -1, root 'root:/') mounted
[2021.12.21-15.12.57:665][  0]LogShaderLibrary: Display: ShaderCodeLibraryPakFileMountedCallback: pending pak file info (ChunkID:-1 Root:root:/ File:D:/unreal/unreal/UE_4.27/FeaturePacks/TP_Vehicle.upack)
[2021.12.21-15.12.57:665][  0]LogPakFile: OnPakFileMounted2Time == 0.000028
[2021.12.21-15.12.57:666][  0]LogPakFile: PakFile PrimaryIndexSize=186
[2021.12.21-15.12.57:666][  0]LogPakFile: PakFile PathHashIndexSize=101
[2021.12.21-15.12.57:666][  0]LogPakFile: PakFile FullDirectoryIndexSize=146
[2021.12.21-15.12.57:666][  0]LogShaderLibrary: Display: ShaderCodeLibraryPakFileMountedCallback: PakFile 'D:/unreal/unreal/UE_4.27/FeaturePacks/TP_VehicleAdv.upack' (chunk index -1, root 'root:/') mounted
[2021.12.21-15.12.57:666][  0]LogShaderLibrary: Display: ShaderCodeLibraryPakFileMountedCallback: pending pak file info (ChunkID:-1 Root:root:/ File:D:/unreal/unreal/UE_4.27/FeaturePacks/TP_VehicleAdv.upack)
[2021.12.21-15.12.57:666][  0]LogPakFile: OnPakFileMounted2Time == 0.000025
[2021.12.21-15.12.57:666][  0]LogPakFile: PakFile PrimaryIndexSize=188
[2021.12.21-15.12.57:666][  0]LogPakFile: PakFile PathHashIndexSize=101
[2021.12.21-15.12.57:666][  0]LogPakFile: PakFile FullDirectoryIndexSize=150
[2021.12.21-15.12.57:666][  0]LogShaderLibrary: Display: ShaderCodeLibraryPakFileMountedCallback: PakFile 'D:/unreal/unreal/UE_4.27/FeaturePacks/TP_VehicleAdvBP.upack' (chunk index -1, root 'root:/') mounted
[2021.12.21-15.12.57:666][  0]LogShaderLibrary: Display: ShaderCodeLibraryPakFileMountedCallback: pending pak file info (ChunkID:-1 Root:root:/ File:D:/unreal/unreal/UE_4.27/FeaturePacks/TP_VehicleAdvBP.upack)
[2021.12.21-15.12.57:666][  0]LogPakFile: OnPakFileMounted2Time == 0.000025
[2021.12.21-15.12.57:666][  0]LogPakFile: PakFile PrimaryIndexSize=185
[2021.12.21-15.12.57:666][  0]LogPakFile: PakFile PathHashIndexSize=101
[2021.12.21-15.12.57:666][  0]LogPakFile: PakFile FullDirectoryIndexSize=144
[2021.12.21-15.12.57:666][  0]LogShaderLibrary: Display: ShaderCodeLibraryPakFileMountedCallback: PakFile 'D:/unreal/unreal/UE_4.27/FeaturePacks/TP_VehicleBP.upack' (chunk index -1, root 'root:/') mounted
[2021.12.21-15.12.57:666][  0]LogShaderLibrary: Display: ShaderCodeLibraryPakFileMountedCallback: pending pak file info (ChunkID:-1 Root:root:/ File:D:/unreal/unreal/UE_4.27/FeaturePacks/TP_VehicleBP.upack)
[2021.12.21-15.12.57:666][  0]LogPakFile: OnPakFileMounted2Time == 0.000027
[2021.12.21-15.12.57:667][  0]LogPakFile: PakFile PrimaryIndexSize=192
[2021.12.21-15.12.57:667][  0]LogPakFile: PakFile PathHashIndexSize=101
[2021.12.21-15.12.57:667][  0]LogPakFile: PakFile FullDirectoryIndexSize=158
[2021.12.21-15.12.57:667][  0]LogShaderLibrary: Display: ShaderCodeLibraryPakFileMountedCallback: PakFile 'D:/unreal/unreal/UE_4.27/FeaturePacks/TP_VirtualRealityBP.upack' (chunk index -1, root 'root:/') mounted
[2021.12.21-15.12.57:667][  0]LogShaderLibrary: Display: ShaderCodeLibraryPakFileMountedCallback: pending pak file info (ChunkID:-1 Root:root:/ File:D:/unreal/unreal/UE_4.27/FeaturePacks/TP_VirtualRealityBP.upack)
[2021.12.21-15.12.57:667][  0]LogPakFile: OnPakFileMounted2Time == 0.000025
[2021.12.21-15.12.57:689][  0]LogNativeClassHierarchy: Verbose: Native class hierarchy updated for 'AddContentDialog' in 0.0002 seconds. Added 0 classes and 0 folders.
[2021.12.21-15.12.57:690][  0]LogNativeClassHierarchy: Verbose: Native class hierarchy updated for 'SceneOutliner' in 0.0001 seconds. Added 2 classes and 0 folders.
[2021.12.21-15.12.57:795][  0]LogSlate: Took 0.000132 seconds to synchronously load lazily loaded font '../../../Engine/Content/Slate/Fonts/Roboto-Regular.ttf' (155K)
[2021.12.21-15.12.57:796][  0]LogSlate: Took 0.000071 seconds to synchronously load lazily loaded font '../../../Engine/Content/Editor/Slate/Fonts/FontAwesome.ttf' (139K)
[2021.12.21-15.12.57:797][  0]LogSlate: Took 0.000075 seconds to synchronously load lazily loaded font '../../../Engine/Content/Slate/Fonts/Roboto-Bold.ttf' (160K)
[2021.12.21-15.12.57:867][  0]LogRenderer: Reallocating scene render targets to support 1288x620 Format 10 NumSamples 1 (Frame:1).
[2021.12.21-15.12.58:002][  0]LogNativeClassHierarchy: Verbose: Native class hierarchy updated for 'HierarchicalLODOutliner' in 0.0002 seconds. Added 0 classes and 0 folders.
[2021.12.21-15.12.58:002][  0]LogLoad: (Engine Initialization) Total time: 5.12 seconds
[2021.12.21-15.12.58:002][  0]LogLoad: (Engine Initialization) Total Blueprint compile time: 0.00 seconds
[2021.12.21-15.12.58:114][  0]LogAssetRegistry: Asset discovery search completed in 3.0963 seconds
[2021.12.21-15.12.58:118][  0]LogCollectionManager: Fixed up redirectors for 0 collections in 0.000003 seconds (updated 0 objects)
[2021.12.21-15.12.58:119][  0]LogContentStreaming: Texture pool size now 1000 MB
[2021.12.21-15.13.13:806][849]LogSlate: Window 'Plugins' being destroyed
[2021.12.21-15.13.13:808][849]LogSlate: Window 'Plugins' being destroyed
[2021.12.21-15.13.13:808][849]LogDirectoryWatcher: A directory notification for '../../../Engine/Plugins/' was aborted.
[2021.12.21-16.21.58:275][  2]LogAudioMixer: Warning: Changing default audio render device to new device: {0.0.0.00000000}.{8b675691-82a2-41e6-a22a-c5130daa82b7}.
[2021.12.21-16.21.58:275][  2]LogAudioMixer: Resetting audio stream to device id 
[2021.12.21-16.21.58:281][  2]LogAudioMixer: Display: 0: FrontLeft
[2021.12.21-16.21.58:281][  2]LogAudioMixer: Display: 1: FrontRight
